INFO - 2024-03-29 03:52:09 --> Session: Class initialized using 'CodeIgniter\Session\Handlers\FileHandler' driver.
CRITICAL - 2024-03-29 03:52:47 --> ErrorException: Trying to access array offset on value of type null
in APPPATH\Views\cobranza\editar.php on line 39.
 1 APPPATH\Views\cobranza\editar.php(39): CodeIgniter\Debug\Exceptions->errorHandler(2, 'Trying to access array offset on value of type null', 'C:\\xampp\\htdocs\\inmobiliaria\\app\\Views\\cobranza\\editar.php', 39)
 2 SYSTEMPATH\View\View.php(228): include('C:\\xampp\\htdocs\\inmobiliaria\\app\\Views\\cobranza\\editar.php')
 3 SYSTEMPATH\View\View.php(231): CodeIgniter\View\View->CodeIgniter\View\{closure}()
 4 SYSTEMPATH\Common.php(1178): CodeIgniter\View\View->render('cobranza/editar', [], true)
 5 APPPATH\Controllers\CobranzaController.php(87): view('cobranza/editar', [...])
 6 SYSTEMPATH\CodeIgniter.php(941): App\Controllers\CobranzaController->edit('app-assets', 'images', 'logo', 'robust-logo-light.png')
 7 SYSTEMPATH\CodeIgniter.php(502): CodeIgniter\CodeIgniter->runController(Object(App\Controllers\CobranzaController))
 8 SYSTEMPATH\CodeIgniter.php(361): CodeIgniter\CodeIgniter->handleRequest(null, Object(Config\Cache), false)
 9 FCPATH\index.php(79): CodeIgniter\CodeIgniter->run()
CRITICAL - 2024-03-29 03:52:47 --> ErrorException: Trying to access array offset on value of type null
in APPPATH\Views\cobranza\editar.php on line 39.
 1 APPPATH\Views\cobranza\editar.php(39): CodeIgniter\Debug\Exceptions->errorHandler(2, 'Trying to access array offset on value of type null', 'C:\\xampp\\htdocs\\inmobiliaria\\app\\Views\\cobranza\\editar.php', 39)
 2 SYSTEMPATH\View\View.php(228): include('C:\\xampp\\htdocs\\inmobiliaria\\app\\Views\\cobranza\\editar.php')
 3 SYSTEMPATH\View\View.php(231): CodeIgniter\View\View->CodeIgniter\View\{closure}()
 4 SYSTEMPATH\Common.php(1178): CodeIgniter\View\View->render('cobranza/editar', [], true)
 5 APPPATH\Controllers\CobranzaController.php(87): view('cobranza/editar', [...])
 6 SYSTEMPATH\CodeIgniter.php(941): App\Controllers\CobranzaController->edit('app-assets', 'images', 'portrait', 'small', 'avatar-s-1.png')
 7 SYSTEMPATH\CodeIgniter.php(502): CodeIgniter\CodeIgniter->runController(Object(App\Controllers\CobranzaController))
 8 SYSTEMPATH\CodeIgniter.php(361): CodeIgniter\CodeIgniter->handleRequest(null, Object(Config\Cache), false)
 9 FCPATH\index.php(79): CodeIgniter\CodeIgniter->run()
CRITICAL - 2024-03-29 03:52:51 --> ErrorException: Trying to access array offset on value of type null
in APPPATH\Views\cobranza\editar.php on line 39.
 1 APPPATH\Views\cobranza\editar.php(39): CodeIgniter\Debug\Exceptions->errorHandler(2, 'Trying to access array offset on value of type null', 'C:\\xampp\\htdocs\\inmobiliaria\\app\\Views\\cobranza\\editar.php', 39)
 2 SYSTEMPATH\View\View.php(228): include('C:\\xampp\\htdocs\\inmobiliaria\\app\\Views\\cobranza\\editar.php')
 3 SYSTEMPATH\View\View.php(231): CodeIgniter\View\View->CodeIgniter\View\{closure}()
 4 SYSTEMPATH\Common.php(1178): CodeIgniter\View\View->render('cobranza/editar', [], true)
 5 APPPATH\Controllers\CobranzaController.php(87): view('cobranza/editar', [...])
 6 SYSTEMPATH\CodeIgniter.php(941): App\Controllers\CobranzaController->edit('app-assets', 'images', 'portrait', 'small', 'avatar-s-2.png')
 7 SYSTEMPATH\CodeIgniter.php(502): CodeIgniter\CodeIgniter->runController(Object(App\Controllers\CobranzaController))
 8 SYSTEMPATH\CodeIgniter.php(361): CodeIgniter\CodeIgniter->handleRequest(null, Object(Config\Cache), false)
 9 FCPATH\index.php(79): CodeIgniter\CodeIgniter->run()
CRITICAL - 2024-03-29 03:52:52 --> ErrorException: Trying to access array offset on value of type null
in APPPATH\Views\cobranza\editar.php on line 39.
 1 APPPATH\Views\cobranza\editar.php(39): CodeIgniter\Debug\Exceptions->errorHandler(2, 'Trying to access array offset on value of type null', 'C:\\xampp\\htdocs\\inmobiliaria\\app\\Views\\cobranza\\editar.php', 39)
 2 SYSTEMPATH\View\View.php(228): include('C:\\xampp\\htdocs\\inmobiliaria\\app\\Views\\cobranza\\editar.php')
 3 SYSTEMPATH\View\View.php(231): CodeIgniter\View\View->CodeIgniter\View\{closure}()
 4 SYSTEMPATH\Common.php(1178): CodeIgniter\View\View->render('cobranza/editar', [], true)
 5 APPPATH\Controllers\CobranzaController.php(87): view('cobranza/editar', [...])
 6 SYSTEMPATH\CodeIgniter.php(941): App\Controllers\CobranzaController->edit('app-assets', 'images', 'portrait', 'small', 'avatar-s-3.png')
 7 SYSTEMPATH\CodeIgniter.php(502): CodeIgniter\CodeIgniter->runController(Object(App\Controllers\CobranzaController))
 8 SYSTEMPATH\CodeIgniter.php(361): CodeIgniter\CodeIgniter->handleRequest(null, Object(Config\Cache), false)
 9 FCPATH\index.php(79): CodeIgniter\CodeIgniter->run()
CRITICAL - 2024-03-29 03:52:54 --> ErrorException: Trying to access array offset on value of type null
in APPPATH\Views\cobranza\editar.php on line 39.
 1 APPPATH\Views\cobranza\editar.php(39): CodeIgniter\Debug\Exceptions->errorHandler(2, 'Trying to access array offset on value of type null', 'C:\\xampp\\htdocs\\inmobiliaria\\app\\Views\\cobranza\\editar.php', 39)
 2 SYSTEMPATH\View\View.php(228): include('C:\\xampp\\htdocs\\inmobiliaria\\app\\Views\\cobranza\\editar.php')
 3 SYSTEMPATH\View\View.php(231): CodeIgniter\View\View->CodeIgniter\View\{closure}()
 4 SYSTEMPATH\Common.php(1178): CodeIgniter\View\View->render('cobranza/editar', [], true)
 5 APPPATH\Controllers\CobranzaController.php(87): view('cobranza/editar', [...])
 6 SYSTEMPATH\CodeIgniter.php(941): App\Controllers\CobranzaController->edit('app-assets', 'images', 'portrait', 'small', 'avatar-s-6.png')
 7 SYSTEMPATH\CodeIgniter.php(502): CodeIgniter\CodeIgniter->runController(Object(App\Controllers\CobranzaController))
 8 SYSTEMPATH\CodeIgniter.php(361): CodeIgniter\CodeIgniter->handleRequest(null, Object(Config\Cache), false)
 9 FCPATH\index.php(79): CodeIgniter\CodeIgniter->run()
CRITICAL - 2024-03-29 03:52:55 --> ErrorException: Trying to access array offset on value of type null
in APPPATH\Views\cobranza\editar.php on line 39.
 1 APPPATH\Views\cobranza\editar.php(39): CodeIgniter\Debug\Exceptions->errorHandler(2, 'Trying to access array offset on value of type null', 'C:\\xampp\\htdocs\\inmobiliaria\\app\\Views\\cobranza\\editar.php', 39)
 2 SYSTEMPATH\View\View.php(228): include('C:\\xampp\\htdocs\\inmobiliaria\\app\\Views\\cobranza\\editar.php')
 3 SYSTEMPATH\View\View.php(231): CodeIgniter\View\View->CodeIgniter\View\{closure}()
 4 SYSTEMPATH\Common.php(1178): CodeIgniter\View\View->render('cobranza/editar', [], true)
 5 APPPATH\Controllers\CobranzaController.php(87): view('cobranza/editar', [...])
 6 SYSTEMPATH\CodeIgniter.php(941): App\Controllers\CobranzaController->edit('app-assets', 'js', 'core', 'app-menu.js')
 7 SYSTEMPATH\CodeIgniter.php(502): CodeIgniter\CodeIgniter->runController(Object(App\Controllers\CobranzaController))
 8 SYSTEMPATH\CodeIgniter.php(361): CodeIgniter\CodeIgniter->handleRequest(null, Object(Config\Cache), false)
 9 FCPATH\index.php(79): CodeIgniter\CodeIgniter->run()
CRITICAL - 2024-03-29 03:52:58 --> ErrorException: Trying to access array offset on value of type null
in APPPATH\Views\cobranza\editar.php on line 39.
 1 APPPATH\Views\cobranza\editar.php(39): CodeIgniter\Debug\Exceptions->errorHandler(2, 'Trying to access array offset on value of type null', 'C:\\xampp\\htdocs\\inmobiliaria\\app\\Views\\cobranza\\editar.php', 39)
 2 SYSTEMPATH\View\View.php(228): include('C:\\xampp\\htdocs\\inmobiliaria\\app\\Views\\cobranza\\editar.php')
 3 SYSTEMPATH\View\View.php(231): CodeIgniter\View\View->CodeIgniter\View\{closure}()
 4 SYSTEMPATH\Common.php(1178): CodeIgniter\View\View->render('cobranza/editar', [], true)
 5 APPPATH\Controllers\CobranzaController.php(87): view('cobranza/editar', [...])
 6 SYSTEMPATH\CodeIgniter.php(941): App\Controllers\CobranzaController->edit('app-assets', 'js', 'core', 'app.js')
 7 SYSTEMPATH\CodeIgniter.php(502): CodeIgniter\CodeIgniter->runController(Object(App\Controllers\CobranzaController))
 8 SYSTEMPATH\CodeIgniter.php(361): CodeIgniter\CodeIgniter->handleRequest(null, Object(Config\Cache), false)
 9 FCPATH\index.php(79): CodeIgniter\CodeIgniter->run()
INFO - 2024-03-29 04:44:15 --> Session: Class initialized using 'CodeIgniter\Session\Handlers\FileHandler' driver.
CRITICAL - 2024-03-29 04:44:25 --> ErrorException: Trying to access array offset on value of type null
in APPPATH\Views\cobranza\editar.php on line 39.
 1 APPPATH\Views\cobranza\editar.php(39): CodeIgniter\Debug\Exceptions->errorHandler(2, 'Trying to access array offset on value of type null', 'C:\\xampp\\htdocs\\inmobiliaria\\app\\Views\\cobranza\\editar.php', 39)
 2 SYSTEMPATH\View\View.php(228): include('C:\\xampp\\htdocs\\inmobiliaria\\app\\Views\\cobranza\\editar.php')
 3 SYSTEMPATH\View\View.php(231): CodeIgniter\View\View->CodeIgniter\View\{closure}()
 4 SYSTEMPATH\Common.php(1178): CodeIgniter\View\View->render('cobranza/editar', [], true)
 5 APPPATH\Controllers\CobranzaController.php(87): view('cobranza/editar', [...])
 6 SYSTEMPATH\CodeIgniter.php(941): App\Controllers\CobranzaController->edit('app-assets', 'images', 'logo', 'robust-logo-light.png')
 7 SYSTEMPATH\CodeIgniter.php(502): CodeIgniter\CodeIgniter->runController(Object(App\Controllers\CobranzaController))
 8 SYSTEMPATH\CodeIgniter.php(361): CodeIgniter\CodeIgniter->handleRequest(null, Object(Config\Cache), false)
 9 FCPATH\index.php(79): CodeIgniter\CodeIgniter->run()
CRITICAL - 2024-03-29 04:44:26 --> ErrorException: Trying to access array offset on value of type null
in APPPATH\Views\cobranza\editar.php on line 39.
 1 APPPATH\Views\cobranza\editar.php(39): CodeIgniter\Debug\Exceptions->errorHandler(2, 'Trying to access array offset on value of type null', 'C:\\xampp\\htdocs\\inmobiliaria\\app\\Views\\cobranza\\editar.php', 39)
 2 SYSTEMPATH\View\View.php(228): include('C:\\xampp\\htdocs\\inmobiliaria\\app\\Views\\cobranza\\editar.php')
 3 SYSTEMPATH\View\View.php(231): CodeIgniter\View\View->CodeIgniter\View\{closure}()
 4 SYSTEMPATH\Common.php(1178): CodeIgniter\View\View->render('cobranza/editar', [], true)
 5 APPPATH\Controllers\CobranzaController.php(87): view('cobranza/editar', [...])
 6 SYSTEMPATH\CodeIgniter.php(941): App\Controllers\CobranzaController->edit('app-assets', 'images', 'portrait', 'small', 'avatar-s-1.png')
 7 SYSTEMPATH\CodeIgniter.php(502): CodeIgniter\CodeIgniter->runController(Object(App\Controllers\CobranzaController))
 8 SYSTEMPATH\CodeIgniter.php(361): CodeIgniter\CodeIgniter->handleRequest(null, Object(Config\Cache), false)
 9 FCPATH\index.php(79): CodeIgniter\CodeIgniter->run()
CRITICAL - 2024-03-29 04:44:26 --> ErrorException: Trying to access array offset on value of type null
in APPPATH\Views\cobranza\editar.php on line 39.
 1 APPPATH\Views\cobranza\editar.php(39): CodeIgniter\Debug\Exceptions->errorHandler(2, 'Trying to access array offset on value of type null', 'C:\\xampp\\htdocs\\inmobiliaria\\app\\Views\\cobranza\\editar.php', 39)
 2 SYSTEMPATH\View\View.php(228): include('C:\\xampp\\htdocs\\inmobiliaria\\app\\Views\\cobranza\\editar.php')
 3 SYSTEMPATH\View\View.php(231): CodeIgniter\View\View->CodeIgniter\View\{closure}()
 4 SYSTEMPATH\Common.php(1178): CodeIgniter\View\View->render('cobranza/editar', [], true)
 5 APPPATH\Controllers\CobranzaController.php(87): view('cobranza/editar', [...])
 6 SYSTEMPATH\CodeIgniter.php(941): App\Controllers\CobranzaController->edit('app-assets', 'images', 'portrait', 'small', 'avatar-s-2.png')
 7 SYSTEMPATH\CodeIgniter.php(502): CodeIgniter\CodeIgniter->runController(Object(App\Controllers\CobranzaController))
 8 SYSTEMPATH\CodeIgniter.php(361): CodeIgniter\CodeIgniter->handleRequest(null, Object(Config\Cache), false)
 9 FCPATH\index.php(79): CodeIgniter\CodeIgniter->run()
CRITICAL - 2024-03-29 04:44:27 --> ErrorException: Trying to access array offset on value of type null
in APPPATH\Views\cobranza\editar.php on line 39.
 1 APPPATH\Views\cobranza\editar.php(39): CodeIgniter\Debug\Exceptions->errorHandler(2, 'Trying to access array offset on value of type null', 'C:\\xampp\\htdocs\\inmobiliaria\\app\\Views\\cobranza\\editar.php', 39)
 2 SYSTEMPATH\View\View.php(228): include('C:\\xampp\\htdocs\\inmobiliaria\\app\\Views\\cobranza\\editar.php')
 3 SYSTEMPATH\View\View.php(231): CodeIgniter\View\View->CodeIgniter\View\{closure}()
 4 SYSTEMPATH\Common.php(1178): CodeIgniter\View\View->render('cobranza/editar', [], true)
 5 APPPATH\Controllers\CobranzaController.php(87): view('cobranza/editar', [...])
 6 SYSTEMPATH\CodeIgniter.php(941): App\Controllers\CobranzaController->edit('app-assets', 'images', 'portrait', 'small', 'avatar-s-3.png')
 7 SYSTEMPATH\CodeIgniter.php(502): CodeIgniter\CodeIgniter->runController(Object(App\Controllers\CobranzaController))
 8 SYSTEMPATH\CodeIgniter.php(361): CodeIgniter\CodeIgniter->handleRequest(null, Object(Config\Cache), false)
 9 FCPATH\index.php(79): CodeIgniter\CodeIgniter->run()
CRITICAL - 2024-03-29 04:44:27 --> ErrorException: Trying to access array offset on value of type null
in APPPATH\Views\cobranza\editar.php on line 39.
 1 APPPATH\Views\cobranza\editar.php(39): CodeIgniter\Debug\Exceptions->errorHandler(2, 'Trying to access array offset on value of type null', 'C:\\xampp\\htdocs\\inmobiliaria\\app\\Views\\cobranza\\editar.php', 39)
 2 SYSTEMPATH\View\View.php(228): include('C:\\xampp\\htdocs\\inmobiliaria\\app\\Views\\cobranza\\editar.php')
 3 SYSTEMPATH\View\View.php(231): CodeIgniter\View\View->CodeIgniter\View\{closure}()
 4 SYSTEMPATH\Common.php(1178): CodeIgniter\View\View->render('cobranza/editar', [], true)
 5 APPPATH\Controllers\CobranzaController.php(87): view('cobranza/editar', [...])
 6 SYSTEMPATH\CodeIgniter.php(941): App\Controllers\CobranzaController->edit('app-assets', 'images', 'portrait', 'small', 'avatar-s-6.png')
 7 SYSTEMPATH\CodeIgniter.php(502): CodeIgniter\CodeIgniter->runController(Object(App\Controllers\CobranzaController))
 8 SYSTEMPATH\CodeIgniter.php(361): CodeIgniter\CodeIgniter->handleRequest(null, Object(Config\Cache), false)
 9 FCPATH\index.php(79): CodeIgniter\CodeIgniter->run()
CRITICAL - 2024-03-29 04:44:28 --> ErrorException: Trying to access array offset on value of type null
in APPPATH\Views\cobranza\editar.php on line 39.
 1 APPPATH\Views\cobranza\editar.php(39): CodeIgniter\Debug\Exceptions->errorHandler(2, 'Trying to access array offset on value of type null', 'C:\\xampp\\htdocs\\inmobiliaria\\app\\Views\\cobranza\\editar.php', 39)
 2 SYSTEMPATH\View\View.php(228): include('C:\\xampp\\htdocs\\inmobiliaria\\app\\Views\\cobranza\\editar.php')
 3 SYSTEMPATH\View\View.php(231): CodeIgniter\View\View->CodeIgniter\View\{closure}()
 4 SYSTEMPATH\Common.php(1178): CodeIgniter\View\View->render('cobranza/editar', [], true)
 5 APPPATH\Controllers\CobranzaController.php(87): view('cobranza/editar', [...])
 6 SYSTEMPATH\CodeIgniter.php(941): App\Controllers\CobranzaController->edit('app-assets', 'js', 'core', 'app.js')
 7 SYSTEMPATH\CodeIgniter.php(502): CodeIgniter\CodeIgniter->runController(Object(App\Controllers\CobranzaController))
 8 SYSTEMPATH\CodeIgniter.php(361): CodeIgniter\CodeIgniter->handleRequest(null, Object(Config\Cache), false)
 9 FCPATH\index.php(79): CodeIgniter\CodeIgniter->run()
CRITICAL - 2024-03-29 04:44:28 --> ErrorException: Trying to access array offset on value of type null
in APPPATH\Views\cobranza\editar.php on line 39.
 1 APPPATH\Views\cobranza\editar.php(39): CodeIgniter\Debug\Exceptions->errorHandler(2, 'Trying to access array offset on value of type null', 'C:\\xampp\\htdocs\\inmobiliaria\\app\\Views\\cobranza\\editar.php', 39)
 2 SYSTEMPATH\View\View.php(228): include('C:\\xampp\\htdocs\\inmobiliaria\\app\\Views\\cobranza\\editar.php')
 3 SYSTEMPATH\View\View.php(231): CodeIgniter\View\View->CodeIgniter\View\{closure}()
 4 SYSTEMPATH\Common.php(1178): CodeIgniter\View\View->render('cobranza/editar', [], true)
 5 APPPATH\Controllers\CobranzaController.php(87): view('cobranza/editar', [...])
 6 SYSTEMPATH\CodeIgniter.php(941): App\Controllers\CobranzaController->edit('app-assets', 'js', 'core', 'app-menu.js')
 7 SYSTEMPATH\CodeIgniter.php(502): CodeIgniter\CodeIgniter->runController(Object(App\Controllers\CobranzaController))
 8 SYSTEMPATH\CodeIgniter.php(361): CodeIgniter\CodeIgniter->handleRequest(null, Object(Config\Cache), false)
 9 FCPATH\index.php(79): CodeIgniter\CodeIgniter->run()
INFO - 2024-03-29 05:52:11 --> Session: Class initialized using 'CodeIgniter\Session\Handlers\FileHandler' driver.
INFO - 2024-03-29 05:52:14 --> Session: Class initialized using 'CodeIgniter\Session\Handlers\FileHandler' driver.
CRITICAL - 2024-03-29 05:52:16 --> ErrorException: Trying to access array offset on value of type null
in APPPATH\Views\cobranza\editar.php on line 39.
 1 APPPATH\Views\cobranza\editar.php(39): CodeIgniter\Debug\Exceptions->errorHandler(2, 'Trying to access array offset on value of type null', 'C:\\xampp\\htdocs\\inmobiliaria\\app\\Views\\cobranza\\editar.php', 39)
 2 SYSTEMPATH\View\View.php(228): include('C:\\xampp\\htdocs\\inmobiliaria\\app\\Views\\cobranza\\editar.php')
 3 SYSTEMPATH\View\View.php(231): CodeIgniter\View\View->CodeIgniter\View\{closure}()
 4 SYSTEMPATH\Common.php(1178): CodeIgniter\View\View->render('cobranza/editar', [], true)
 5 APPPATH\Controllers\CobranzaController.php(87): view('cobranza/editar', [...])
 6 SYSTEMPATH\CodeIgniter.php(941): App\Controllers\CobranzaController->edit('app-assets', 'images', 'portrait', 'small', 'avatar-s-6.png')
 7 SYSTEMPATH\CodeIgniter.php(502): CodeIgniter\CodeIgniter->runController(Object(App\Controllers\CobranzaController))
 8 SYSTEMPATH\CodeIgniter.php(361): CodeIgniter\CodeIgniter->handleRequest(null, Object(Config\Cache), false)
 9 FCPATH\index.php(79): CodeIgniter\CodeIgniter->run()
CRITICAL - 2024-03-29 05:52:16 --> ErrorException: Trying to access array offset on value of type null
in APPPATH\Views\cobranza\editar.php on line 39.
 1 APPPATH\Views\cobranza\editar.php(39): CodeIgniter\Debug\Exceptions->errorHandler(2, 'Trying to access array offset on value of type null', 'C:\\xampp\\htdocs\\inmobiliaria\\app\\Views\\cobranza\\editar.php', 39)
 2 SYSTEMPATH\View\View.php(228): include('C:\\xampp\\htdocs\\inmobiliaria\\app\\Views\\cobranza\\editar.php')
 3 SYSTEMPATH\View\View.php(231): CodeIgniter\View\View->CodeIgniter\View\{closure}()
 4 SYSTEMPATH\Common.php(1178): CodeIgniter\View\View->render('cobranza/editar', [], true)
 5 APPPATH\Controllers\CobranzaController.php(87): view('cobranza/editar', [...])
 6 SYSTEMPATH\CodeIgniter.php(941): App\Controllers\CobranzaController->edit('app-assets', 'images', 'logo', 'robust-logo-light.png')
 7 SYSTEMPATH\CodeIgniter.php(502): CodeIgniter\CodeIgniter->runController(Object(App\Controllers\CobranzaController))
 8 SYSTEMPATH\CodeIgniter.php(361): CodeIgniter\CodeIgniter->handleRequest(null, Object(Config\Cache), false)
 9 FCPATH\index.php(79): CodeIgniter\CodeIgniter->run()
CRITICAL - 2024-03-29 05:52:17 --> ErrorException: Trying to access array offset on value of type null
in APPPATH\Views\cobranza\editar.php on line 39.
 1 APPPATH\Views\cobranza\editar.php(39): CodeIgniter\Debug\Exceptions->errorHandler(2, 'Trying to access array offset on value of type null', 'C:\\xampp\\htdocs\\inmobiliaria\\app\\Views\\cobranza\\editar.php', 39)
 2 SYSTEMPATH\View\View.php(228): include('C:\\xampp\\htdocs\\inmobiliaria\\app\\Views\\cobranza\\editar.php')
 3 SYSTEMPATH\View\View.php(231): CodeIgniter\View\View->CodeIgniter\View\{closure}()
 4 SYSTEMPATH\Common.php(1178): CodeIgniter\View\View->render('cobranza/editar', [], true)
 5 APPPATH\Controllers\CobranzaController.php(87): view('cobranza/editar', [...])
 6 SYSTEMPATH\CodeIgniter.php(941): App\Controllers\CobranzaController->edit('app-assets', 'images', 'portrait', 'small', 'avatar-s-3.png')
 7 SYSTEMPATH\CodeIgniter.php(502): CodeIgniter\CodeIgniter->runController(Object(App\Controllers\CobranzaController))
 8 SYSTEMPATH\CodeIgniter.php(361): CodeIgniter\CodeIgniter->handleRequest(null, Object(Config\Cache), false)
 9 FCPATH\index.php(79): CodeIgniter\CodeIgniter->run()
CRITICAL - 2024-03-29 05:52:17 --> ErrorException: Trying to access array offset on value of type null
in APPPATH\Views\cobranza\editar.php on line 39.
 1 APPPATH\Views\cobranza\editar.php(39): CodeIgniter\Debug\Exceptions->errorHandler(2, 'Trying to access array offset on value of type null', 'C:\\xampp\\htdocs\\inmobiliaria\\app\\Views\\cobranza\\editar.php', 39)
 2 SYSTEMPATH\View\View.php(228): include('C:\\xampp\\htdocs\\inmobiliaria\\app\\Views\\cobranza\\editar.php')
 3 SYSTEMPATH\View\View.php(231): CodeIgniter\View\View->CodeIgniter\View\{closure}()
 4 SYSTEMPATH\Common.php(1178): CodeIgniter\View\View->render('cobranza/editar', [], true)
 5 APPPATH\Controllers\CobranzaController.php(87): view('cobranza/editar', [...])
 6 SYSTEMPATH\CodeIgniter.php(941): App\Controllers\CobranzaController->edit('app-assets', 'images', 'portrait', 'small', 'avatar-s-1.png')
 7 SYSTEMPATH\CodeIgniter.php(502): CodeIgniter\CodeIgniter->runController(Object(App\Controllers\CobranzaController))
 8 SYSTEMPATH\CodeIgniter.php(361): CodeIgniter\CodeIgniter->handleRequest(null, Object(Config\Cache), false)
 9 FCPATH\index.php(79): CodeIgniter\CodeIgniter->run()
CRITICAL - 2024-03-29 05:52:18 --> ErrorException: Trying to access array offset on value of type null
in APPPATH\Views\cobranza\editar.php on line 39.
 1 APPPATH\Views\cobranza\editar.php(39): CodeIgniter\Debug\Exceptions->errorHandler(2, 'Trying to access array offset on value of type null', 'C:\\xampp\\htdocs\\inmobiliaria\\app\\Views\\cobranza\\editar.php', 39)
 2 SYSTEMPATH\View\View.php(228): include('C:\\xampp\\htdocs\\inmobiliaria\\app\\Views\\cobranza\\editar.php')
 3 SYSTEMPATH\View\View.php(231): CodeIgniter\View\View->CodeIgniter\View\{closure}()
 4 SYSTEMPATH\Common.php(1178): CodeIgniter\View\View->render('cobranza/editar', [], true)
 5 APPPATH\Controllers\CobranzaController.php(87): view('cobranza/editar', [...])
 6 SYSTEMPATH\CodeIgniter.php(941): App\Controllers\CobranzaController->edit('app-assets', 'images', 'portrait', 'small', 'avatar-s-2.png')
 7 SYSTEMPATH\CodeIgniter.php(502): CodeIgniter\CodeIgniter->runController(Object(App\Controllers\CobranzaController))
 8 SYSTEMPATH\CodeIgniter.php(361): CodeIgniter\CodeIgniter->handleRequest(null, Object(Config\Cache), false)
 9 FCPATH\index.php(79): CodeIgniter\CodeIgniter->run()
CRITICAL - 2024-03-29 05:52:21 --> ErrorException: Trying to access array offset on value of type null
in APPPATH\Views\cobranza\editar.php on line 39.
 1 APPPATH\Views\cobranza\editar.php(39): CodeIgniter\Debug\Exceptions->errorHandler(2, 'Trying to access array offset on value of type null', 'C:\\xampp\\htdocs\\inmobiliaria\\app\\Views\\cobranza\\editar.php', 39)
 2 SYSTEMPATH\View\View.php(228): include('C:\\xampp\\htdocs\\inmobiliaria\\app\\Views\\cobranza\\editar.php')
 3 SYSTEMPATH\View\View.php(231): CodeIgniter\View\View->CodeIgniter\View\{closure}()
 4 SYSTEMPATH\Common.php(1178): CodeIgniter\View\View->render('cobranza/editar', [], true)
 5 APPPATH\Controllers\CobranzaController.php(87): view('cobranza/editar', [...])
 6 SYSTEMPATH\CodeIgniter.php(941): App\Controllers\CobranzaController->edit('app-assets', 'js', 'core', 'app.js')
 7 SYSTEMPATH\CodeIgniter.php(502): CodeIgniter\CodeIgniter->runController(Object(App\Controllers\CobranzaController))
 8 SYSTEMPATH\CodeIgniter.php(361): CodeIgniter\CodeIgniter->handleRequest(null, Object(Config\Cache), false)
 9 FCPATH\index.php(79): CodeIgniter\CodeIgniter->run()
CRITICAL - 2024-03-29 05:52:21 --> ErrorException: Trying to access array offset on value of type null
in APPPATH\Views\cobranza\editar.php on line 39.
 1 APPPATH\Views\cobranza\editar.php(39): CodeIgniter\Debug\Exceptions->errorHandler(2, 'Trying to access array offset on value of type null', 'C:\\xampp\\htdocs\\inmobiliaria\\app\\Views\\cobranza\\editar.php', 39)
 2 SYSTEMPATH\View\View.php(228): include('C:\\xampp\\htdocs\\inmobiliaria\\app\\Views\\cobranza\\editar.php')
 3 SYSTEMPATH\View\View.php(231): CodeIgniter\View\View->CodeIgniter\View\{closure}()
 4 SYSTEMPATH\Common.php(1178): CodeIgniter\View\View->render('cobranza/editar', [], true)
 5 APPPATH\Controllers\CobranzaController.php(87): view('cobranza/editar', [...])
 6 SYSTEMPATH\CodeIgniter.php(941): App\Controllers\CobranzaController->edit('app-assets', 'js', 'core', 'app-menu.js')
 7 SYSTEMPATH\CodeIgniter.php(502): CodeIgniter\CodeIgniter->runController(Object(App\Controllers\CobranzaController))
 8 SYSTEMPATH\CodeIgniter.php(361): CodeIgniter\CodeIgniter->handleRequest(null, Object(Config\Cache), false)
 9 FCPATH\index.php(79): CodeIgniter\CodeIgniter->run()
INFO - 2024-03-29 05:53:16 --> Session: Class initialized using 'CodeIgniter\Session\Handlers\FileHandler' driver.
INFO - 2024-03-29 05:53:25 --> Session: Class initialized using 'CodeIgniter\Session\Handlers\FileHandler' driver.
INFO - 2024-03-29 06:06:23 --> Session: Class initialized using 'CodeIgniter\Session\Handlers\FileHandler' driver.
INFO - 2024-03-29 06:40:37 --> Session: Class initialized using 'CodeIgniter\Session\Handlers\FileHandler' driver.
INFO - 2024-03-29 06:41:33 --> Session: Class initialized using 'CodeIgniter\Session\Handlers\FileHandler' driver.
INFO - 2024-03-29 06:43:40 --> Session: Class initialized using 'CodeIgniter\Session\Handlers\FileHandler' driver.
INFO - 2024-03-29 06:56:27 --> Session: Class initialized using 'CodeIgniter\Session\Handlers\FileHandler' driver.
INFO - 2024-03-29 07:02:56 --> Session: Class initialized using 'CodeIgniter\Session\Handlers\FileHandler' driver.
INFO - 2024-03-29 07:03:25 --> Session: Class initialized using 'CodeIgniter\Session\Handlers\FileHandler' driver.
INFO - 2024-03-29 07:04:32 --> Session: Class initialized using 'CodeIgniter\Session\Handlers\FileHandler' driver.
INFO - 2024-03-29 07:12:08 --> Session: Class initialized using 'CodeIgniter\Session\Handlers\FileHandler' driver.
INFO - 2024-03-29 08:37:10 --> Session: Class initialized using 'CodeIgniter\Session\Handlers\FileHandler' driver.
INFO - 2024-03-29 08:37:48 --> Session: Class initialized using 'CodeIgniter\Session\Handlers\FileHandler' driver.
INFO - 2024-03-29 08:43:56 --> Session: Class initialized using 'CodeIgniter\Session\Handlers\FileHandler' driver.
INFO - 2024-03-29 08:56:09 --> Session: Class initialized using 'CodeIgniter\Session\Handlers\FileHandler' driver.
INFO - 2024-03-29 09:04:25 --> Session: Class initialized using 'CodeIgniter\Session\Handlers\FileHandler' driver.
INFO - 2024-03-29 09:06:36 --> Session: Class initialized using 'CodeIgniter\Session\Handlers\FileHandler' driver.
INFO - 2024-03-29 09:07:36 --> Session: Class initialized using 'CodeIgniter\Session\Handlers\FileHandler' driver.
INFO - 2024-03-29 09:18:16 --> Session: Class initialized using 'CodeIgniter\Session\Handlers\FileHandler' driver.
INFO - 2024-03-29 09:36:24 --> Session: Class initialized using 'CodeIgniter\Session\Handlers\FileHandler' driver.
INFO - 2024-03-29 09:38:38 --> Session: Class initialized using 'CodeIgniter\Session\Handlers\FileHandler' driver.
INFO - 2024-03-29 10:14:04 --> Session: Class initialized using 'CodeIgniter\Session\Handlers\FileHandler' driver.
INFO - 2024-03-29 10:14:06 --> Session: Class initialized using 'CodeIgniter\Session\Handlers\FileHandler' driver.
INFO - 2024-03-29 10:14:14 --> Session: Class initialized using 'CodeIgniter\Session\Handlers\FileHandler' driver.
INFO - 2024-03-29 10:21:12 --> Session: Class initialized using 'CodeIgniter\Session\Handlers\FileHandler' driver.
INFO - 2024-03-29 10:22:22 --> Session: Class initialized using 'CodeIgniter\Session\Handlers\FileHandler' driver.
INFO - 2024-03-29 10:24:07 --> Session: Class initialized using 'CodeIgniter\Session\Handlers\FileHandler' driver.
INFO - 2024-03-29 10:28:16 --> Session: Class initialized using 'CodeIgniter\Session\Handlers\FileHandler' driver.
CRITICAL - 2024-03-29 10:28:20 --> ErrorException: Trying to access array offset on value of type null
in APPPATH\Views\usuario\editar.php on line 45.
 1 APPPATH\Views\usuario\editar.php(45): CodeIgniter\Debug\Exceptions->errorHandler(2, 'Trying to access array offset on value of type null', 'C:\\xampp\\htdocs\\inmobiliaria\\app\\Views\\usuario\\editar.php', 45)
 2 SYSTEMPATH\View\View.php(228): include('C:\\xampp\\htdocs\\inmobiliaria\\app\\Views\\usuario\\editar.php')
 3 SYSTEMPATH\View\View.php(231): CodeIgniter\View\View->CodeIgniter\View\{closure}()
 4 SYSTEMPATH\Common.php(1178): CodeIgniter\View\View->render('usuario/editar', [], true)
 5 APPPATH\Controllers\UsuarioController.php(82): view('usuario/editar', [...])
 6 SYSTEMPATH\CodeIgniter.php(941): App\Controllers\UsuarioController->edit('app-assets', 'images', 'portrait', 'small', 'avatar-s-1.png')
 7 SYSTEMPATH\CodeIgniter.php(502): CodeIgniter\CodeIgniter->runController(Object(App\Controllers\UsuarioController))
 8 SYSTEMPATH\CodeIgniter.php(361): CodeIgniter\CodeIgniter->handleRequest(null, Object(Config\Cache), false)
 9 FCPATH\index.php(79): CodeIgniter\CodeIgniter->run()
CRITICAL - 2024-03-29 10:28:20 --> ErrorException: Trying to access array offset on value of type null
in APPPATH\Views\usuario\editar.php on line 45.
 1 APPPATH\Views\usuario\editar.php(45): CodeIgniter\Debug\Exceptions->errorHandler(2, 'Trying to access array offset on value of type null', 'C:\\xampp\\htdocs\\inmobiliaria\\app\\Views\\usuario\\editar.php', 45)
 2 SYSTEMPATH\View\View.php(228): include('C:\\xampp\\htdocs\\inmobiliaria\\app\\Views\\usuario\\editar.php')
 3 SYSTEMPATH\View\View.php(231): CodeIgniter\View\View->CodeIgniter\View\{closure}()
 4 SYSTEMPATH\Common.php(1178): CodeIgniter\View\View->render('usuario/editar', [], true)
 5 APPPATH\Controllers\UsuarioController.php(82): view('usuario/editar', [...])
 6 SYSTEMPATH\CodeIgniter.php(941): App\Controllers\UsuarioController->edit('app-assets', 'images', 'portrait', 'small', 'avatar-s-3.png')
 7 SYSTEMPATH\CodeIgniter.php(502): CodeIgniter\CodeIgniter->runController(Object(App\Controllers\UsuarioController))
 8 SYSTEMPATH\CodeIgniter.php(361): CodeIgniter\CodeIgniter->handleRequest(null, Object(Config\Cache), false)
 9 FCPATH\index.php(79): CodeIgniter\CodeIgniter->run()
CRITICAL - 2024-03-29 10:28:20 --> ErrorException: Trying to access array offset on value of type null
in APPPATH\Views\usuario\editar.php on line 45.
 1 APPPATH\Views\usuario\editar.php(45): CodeIgniter\Debug\Exceptions->errorHandler(2, 'Trying to access array offset on value of type null', 'C:\\xampp\\htdocs\\inmobiliaria\\app\\Views\\usuario\\editar.php', 45)
 2 SYSTEMPATH\View\View.php(228): include('C:\\xampp\\htdocs\\inmobiliaria\\app\\Views\\usuario\\editar.php')
 3 SYSTEMPATH\View\View.php(231): CodeIgniter\View\View->CodeIgniter\View\{closure}()
 4 SYSTEMPATH\Common.php(1178): CodeIgniter\View\View->render('usuario/editar', [], true)
 5 APPPATH\Controllers\UsuarioController.php(82): view('usuario/editar', [...])
 6 SYSTEMPATH\CodeIgniter.php(941): App\Controllers\UsuarioController->edit('app-assets', 'images', 'portrait', 'small', 'avatar-s-2.png')
 7 SYSTEMPATH\CodeIgniter.php(502): CodeIgniter\CodeIgniter->runController(Object(App\Controllers\UsuarioController))
 8 SYSTEMPATH\CodeIgniter.php(361): CodeIgniter\CodeIgniter->handleRequest(null, Object(Config\Cache), false)
 9 FCPATH\index.php(79): CodeIgniter\CodeIgniter->run()
CRITICAL - 2024-03-29 10:28:21 --> ErrorException: Trying to access array offset on value of type null
in APPPATH\Views\usuario\editar.php on line 45.
 1 APPPATH\Views\usuario\editar.php(45): CodeIgniter\Debug\Exceptions->errorHandler(2, 'Trying to access array offset on value of type null', 'C:\\xampp\\htdocs\\inmobiliaria\\app\\Views\\usuario\\editar.php', 45)
 2 SYSTEMPATH\View\View.php(228): include('C:\\xampp\\htdocs\\inmobiliaria\\app\\Views\\usuario\\editar.php')
 3 SYSTEMPATH\View\View.php(231): CodeIgniter\View\View->CodeIgniter\View\{closure}()
 4 SYSTEMPATH\Common.php(1178): CodeIgniter\View\View->render('usuario/editar', [], true)
 5 APPPATH\Controllers\UsuarioController.php(82): view('usuario/editar', [...])
 6 SYSTEMPATH\CodeIgniter.php(941): App\Controllers\UsuarioController->edit('app-assets', 'images', 'logo', 'robust-logo-light.png')
 7 SYSTEMPATH\CodeIgniter.php(502): CodeIgniter\CodeIgniter->runController(Object(App\Controllers\UsuarioController))
 8 SYSTEMPATH\CodeIgniter.php(361): CodeIgniter\CodeIgniter->handleRequest(null, Object(Config\Cache), false)
 9 FCPATH\index.php(79): CodeIgniter\CodeIgniter->run()
CRITICAL - 2024-03-29 10:28:21 --> ErrorException: Trying to access array offset on value of type null
in APPPATH\Views\usuario\editar.php on line 45.
 1 APPPATH\Views\usuario\editar.php(45): CodeIgniter\Debug\Exceptions->errorHandler(2, 'Trying to access array offset on value of type null', 'C:\\xampp\\htdocs\\inmobiliaria\\app\\Views\\usuario\\editar.php', 45)
 2 SYSTEMPATH\View\View.php(228): include('C:\\xampp\\htdocs\\inmobiliaria\\app\\Views\\usuario\\editar.php')
 3 SYSTEMPATH\View\View.php(231): CodeIgniter\View\View->CodeIgniter\View\{closure}()
 4 SYSTEMPATH\Common.php(1178): CodeIgniter\View\View->render('usuario/editar', [], true)
 5 APPPATH\Controllers\UsuarioController.php(82): view('usuario/editar', [...])
 6 SYSTEMPATH\CodeIgniter.php(941): App\Controllers\UsuarioController->edit('app-assets', 'images', 'portrait', 'small', 'avatar-s-6.png')
 7 SYSTEMPATH\CodeIgniter.php(502): CodeIgniter\CodeIgniter->runController(Object(App\Controllers\UsuarioController))
 8 SYSTEMPATH\CodeIgniter.php(361): CodeIgniter\CodeIgniter->handleRequest(null, Object(Config\Cache), false)
 9 FCPATH\index.php(79): CodeIgniter\CodeIgniter->run()
CRITICAL - 2024-03-29 10:28:22 --> ErrorException: Trying to access array offset on value of type null
in APPPATH\Views\usuario\editar.php on line 45.
 1 APPPATH\Views\usuario\editar.php(45): CodeIgniter\Debug\Exceptions->errorHandler(2, 'Trying to access array offset on value of type null', 'C:\\xampp\\htdocs\\inmobiliaria\\app\\Views\\usuario\\editar.php', 45)
 2 SYSTEMPATH\View\View.php(228): include('C:\\xampp\\htdocs\\inmobiliaria\\app\\Views\\usuario\\editar.php')
 3 SYSTEMPATH\View\View.php(231): CodeIgniter\View\View->CodeIgniter\View\{closure}()
 4 SYSTEMPATH\Common.php(1178): CodeIgniter\View\View->render('usuario/editar', [], true)
 5 APPPATH\Controllers\UsuarioController.php(82): view('usuario/editar', [...])
 6 SYSTEMPATH\CodeIgniter.php(941): App\Controllers\UsuarioController->edit('app-assets', 'js', 'core', 'app-menu.js')
 7 SYSTEMPATH\CodeIgniter.php(502): CodeIgniter\CodeIgniter->runController(Object(App\Controllers\UsuarioController))
 8 SYSTEMPATH\CodeIgniter.php(361): CodeIgniter\CodeIgniter->handleRequest(null, Object(Config\Cache), false)
 9 FCPATH\index.php(79): CodeIgniter\CodeIgniter->run()
CRITICAL - 2024-03-29 10:28:22 --> ErrorException: Trying to access array offset on value of type null
in APPPATH\Views\usuario\editar.php on line 45.
 1 APPPATH\Views\usuario\editar.php(45): CodeIgniter\Debug\Exceptions->errorHandler(2, 'Trying to access array offset on value of type null', 'C:\\xampp\\htdocs\\inmobiliaria\\app\\Views\\usuario\\editar.php', 45)
 2 SYSTEMPATH\View\View.php(228): include('C:\\xampp\\htdocs\\inmobiliaria\\app\\Views\\usuario\\editar.php')
 3 SYSTEMPATH\View\View.php(231): CodeIgniter\View\View->CodeIgniter\View\{closure}()
 4 SYSTEMPATH\Common.php(1178): CodeIgniter\View\View->render('usuario/editar', [], true)
 5 APPPATH\Controllers\UsuarioController.php(82): view('usuario/editar', [...])
 6 SYSTEMPATH\CodeIgniter.php(941): App\Controllers\UsuarioController->edit('app-assets', 'js', 'core', 'app.js')
 7 SYSTEMPATH\CodeIgniter.php(502): CodeIgniter\CodeIgniter->runController(Object(App\Controllers\UsuarioController))
 8 SYSTEMPATH\CodeIgniter.php(361): CodeIgniter\CodeIgniter->handleRequest(null, Object(Config\Cache), false)
 9 FCPATH\index.php(79): CodeIgniter\CodeIgniter->run()
INFO - 2024-03-29 10:28:30 --> Session: Class initialized using 'CodeIgniter\Session\Handlers\FileHandler' driver.
INFO - 2024-03-29 10:28:37 --> Session: Class initialized using 'CodeIgniter\Session\Handlers\FileHandler' driver.
INFO - 2024-03-29 10:28:38 --> Session: Class initialized using 'CodeIgniter\Session\Handlers\FileHandler' driver.
CRITICAL - 2024-03-29 10:28:41 --> ErrorException: Trying to access array offset on value of type null
in APPPATH\Views\usuario\editar.php on line 45.
 1 APPPATH\Views\usuario\editar.php(45): CodeIgniter\Debug\Exceptions->errorHandler(2, 'Trying to access array offset on value of type null', 'C:\\xampp\\htdocs\\inmobiliaria\\app\\Views\\usuario\\editar.php', 45)
 2 SYSTEMPATH\View\View.php(228): include('C:\\xampp\\htdocs\\inmobiliaria\\app\\Views\\usuario\\editar.php')
 3 SYSTEMPATH\View\View.php(231): CodeIgniter\View\View->CodeIgniter\View\{closure}()
 4 SYSTEMPATH\Common.php(1178): CodeIgniter\View\View->render('usuario/editar', [], true)
 5 APPPATH\Controllers\UsuarioController.php(82): view('usuario/editar', [...])
 6 SYSTEMPATH\CodeIgniter.php(941): App\Controllers\UsuarioController->edit('app-assets', 'images', 'portrait', 'small', 'avatar-s-1.png')
 7 SYSTEMPATH\CodeIgniter.php(502): CodeIgniter\CodeIgniter->runController(Object(App\Controllers\UsuarioController))
 8 SYSTEMPATH\CodeIgniter.php(361): CodeIgniter\CodeIgniter->handleRequest(null, Object(Config\Cache), false)
 9 FCPATH\index.php(79): CodeIgniter\CodeIgniter->run()
CRITICAL - 2024-03-29 10:28:42 --> ErrorException: Trying to access array offset on value of type null
in APPPATH\Views\usuario\editar.php on line 45.
 1 APPPATH\Views\usuario\editar.php(45): CodeIgniter\Debug\Exceptions->errorHandler(2, 'Trying to access array offset on value of type null', 'C:\\xampp\\htdocs\\inmobiliaria\\app\\Views\\usuario\\editar.php', 45)
 2 SYSTEMPATH\View\View.php(228): include('C:\\xampp\\htdocs\\inmobiliaria\\app\\Views\\usuario\\editar.php')
 3 SYSTEMPATH\View\View.php(231): CodeIgniter\View\View->CodeIgniter\View\{closure}()
 4 SYSTEMPATH\Common.php(1178): CodeIgniter\View\View->render('usuario/editar', [], true)
 5 APPPATH\Controllers\UsuarioController.php(82): view('usuario/editar', [...])
 6 SYSTEMPATH\CodeIgniter.php(941): App\Controllers\UsuarioController->edit('app-assets', 'images', 'portrait', 'small', 'avatar-s-3.png')
 7 SYSTEMPATH\CodeIgniter.php(502): CodeIgniter\CodeIgniter->runController(Object(App\Controllers\UsuarioController))
 8 SYSTEMPATH\CodeIgniter.php(361): CodeIgniter\CodeIgniter->handleRequest(null, Object(Config\Cache), false)
 9 FCPATH\index.php(79): CodeIgniter\CodeIgniter->run()
CRITICAL - 2024-03-29 10:28:42 --> ErrorException: Trying to access array offset on value of type null
in APPPATH\Views\usuario\editar.php on line 45.
 1 APPPATH\Views\usuario\editar.php(45): CodeIgniter\Debug\Exceptions->errorHandler(2, 'Trying to access array offset on value of type null', 'C:\\xampp\\htdocs\\inmobiliaria\\app\\Views\\usuario\\editar.php', 45)
 2 SYSTEMPATH\View\View.php(228): include('C:\\xampp\\htdocs\\inmobiliaria\\app\\Views\\usuario\\editar.php')
 3 SYSTEMPATH\View\View.php(231): CodeIgniter\View\View->CodeIgniter\View\{closure}()
 4 SYSTEMPATH\Common.php(1178): CodeIgniter\View\View->render('usuario/editar', [], true)
 5 APPPATH\Controllers\UsuarioController.php(82): view('usuario/editar', [...])
 6 SYSTEMPATH\CodeIgniter.php(941): App\Controllers\UsuarioController->edit('app-assets', 'images', 'logo', 'robust-logo-light.png')
 7 SYSTEMPATH\CodeIgniter.php(502): CodeIgniter\CodeIgniter->runController(Object(App\Controllers\UsuarioController))
 8 SYSTEMPATH\CodeIgniter.php(361): CodeIgniter\CodeIgniter->handleRequest(null, Object(Config\Cache), false)
 9 FCPATH\index.php(79): CodeIgniter\CodeIgniter->run()
CRITICAL - 2024-03-29 10:28:42 --> ErrorException: Trying to access array offset on value of type null
in APPPATH\Views\usuario\editar.php on line 45.
 1 APPPATH\Views\usuario\editar.php(45): CodeIgniter\Debug\Exceptions->errorHandler(2, 'Trying to access array offset on value of type null', 'C:\\xampp\\htdocs\\inmobiliaria\\app\\Views\\usuario\\editar.php', 45)
 2 SYSTEMPATH\View\View.php(228): include('C:\\xampp\\htdocs\\inmobiliaria\\app\\Views\\usuario\\editar.php')
 3 SYSTEMPATH\View\View.php(231): CodeIgniter\View\View->CodeIgniter\View\{closure}()
 4 SYSTEMPATH\Common.php(1178): CodeIgniter\View\View->render('usuario/editar', [], true)
 5 APPPATH\Controllers\UsuarioController.php(82): view('usuario/editar', [...])
 6 SYSTEMPATH\CodeIgniter.php(941): App\Controllers\UsuarioController->edit('app-assets', 'images', 'portrait', 'small', 'avatar-s-2.png')
 7 SYSTEMPATH\CodeIgniter.php(502): CodeIgniter\CodeIgniter->runController(Object(App\Controllers\UsuarioController))
 8 SYSTEMPATH\CodeIgniter.php(361): CodeIgniter\CodeIgniter->handleRequest(null, Object(Config\Cache), false)
 9 FCPATH\index.php(79): CodeIgniter\CodeIgniter->run()
CRITICAL - 2024-03-29 10:28:43 --> ErrorException: Trying to access array offset on value of type null
in APPPATH\Views\usuario\editar.php on line 45.
 1 APPPATH\Views\usuario\editar.php(45): CodeIgniter\Debug\Exceptions->errorHandler(2, 'Trying to access array offset on value of type null', 'C:\\xampp\\htdocs\\inmobiliaria\\app\\Views\\usuario\\editar.php', 45)
 2 SYSTEMPATH\View\View.php(228): include('C:\\xampp\\htdocs\\inmobiliaria\\app\\Views\\usuario\\editar.php')
 3 SYSTEMPATH\View\View.php(231): CodeIgniter\View\View->CodeIgniter\View\{closure}()
 4 SYSTEMPATH\Common.php(1178): CodeIgniter\View\View->render('usuario/editar', [], true)
 5 APPPATH\Controllers\UsuarioController.php(82): view('usuario/editar', [...])
 6 SYSTEMPATH\CodeIgniter.php(941): App\Controllers\UsuarioController->edit('app-assets', 'images', 'portrait', 'small', 'avatar-s-6.png')
 7 SYSTEMPATH\CodeIgniter.php(502): CodeIgniter\CodeIgniter->runController(Object(App\Controllers\UsuarioController))
 8 SYSTEMPATH\CodeIgniter.php(361): CodeIgniter\CodeIgniter->handleRequest(null, Object(Config\Cache), false)
 9 FCPATH\index.php(79): CodeIgniter\CodeIgniter->run()
CRITICAL - 2024-03-29 10:28:43 --> ErrorException: Trying to access array offset on value of type null
in APPPATH\Views\usuario\editar.php on line 45.
 1 APPPATH\Views\usuario\editar.php(45): CodeIgniter\Debug\Exceptions->errorHandler(2, 'Trying to access array offset on value of type null', 'C:\\xampp\\htdocs\\inmobiliaria\\app\\Views\\usuario\\editar.php', 45)
 2 SYSTEMPATH\View\View.php(228): include('C:\\xampp\\htdocs\\inmobiliaria\\app\\Views\\usuario\\editar.php')
 3 SYSTEMPATH\View\View.php(231): CodeIgniter\View\View->CodeIgniter\View\{closure}()
 4 SYSTEMPATH\Common.php(1178): CodeIgniter\View\View->render('usuario/editar', [], true)
 5 APPPATH\Controllers\UsuarioController.php(82): view('usuario/editar', [...])
 6 SYSTEMPATH\CodeIgniter.php(941): App\Controllers\UsuarioController->edit('app-assets', 'js', 'core', 'app.js')
 7 SYSTEMPATH\CodeIgniter.php(502): CodeIgniter\CodeIgniter->runController(Object(App\Controllers\UsuarioController))
 8 SYSTEMPATH\CodeIgniter.php(361): CodeIgniter\CodeIgniter->handleRequest(null, Object(Config\Cache), false)
 9 FCPATH\index.php(79): CodeIgniter\CodeIgniter->run()
CRITICAL - 2024-03-29 10:28:43 --> ErrorException: Trying to access array offset on value of type null
in APPPATH\Views\usuario\editar.php on line 45.
 1 APPPATH\Views\usuario\editar.php(45): CodeIgniter\Debug\Exceptions->errorHandler(2, 'Trying to access array offset on value of type null', 'C:\\xampp\\htdocs\\inmobiliaria\\app\\Views\\usuario\\editar.php', 45)
 2 SYSTEMPATH\View\View.php(228): include('C:\\xampp\\htdocs\\inmobiliaria\\app\\Views\\usuario\\editar.php')
 3 SYSTEMPATH\View\View.php(231): CodeIgniter\View\View->CodeIgniter\View\{closure}()
 4 SYSTEMPATH\Common.php(1178): CodeIgniter\View\View->render('usuario/editar', [], true)
 5 APPPATH\Controllers\UsuarioController.php(82): view('usuario/editar', [...])
 6 SYSTEMPATH\CodeIgniter.php(941): App\Controllers\UsuarioController->edit('app-assets', 'js', 'core', 'app-menu.js')
 7 SYSTEMPATH\CodeIgniter.php(502): CodeIgniter\CodeIgniter->runController(Object(App\Controllers\UsuarioController))
 8 SYSTEMPATH\CodeIgniter.php(361): CodeIgniter\CodeIgniter->handleRequest(null, Object(Config\Cache), false)
 9 FCPATH\index.php(79): CodeIgniter\CodeIgniter->run()
