INFO - 2024-07-07 21:50:51 --> Session: Class initialized using 'CodeIgniter\Session\Handlers\FileHandler' driver.
INFO - 2024-07-07 21:50:51 --> Session: Class initialized using 'CodeIgniter\Session\Handlers\FileHandler' driver.
INFO - 2024-07-07 22:17:00 --> Session: Class initialized using 'CodeIgniter\Session\Handlers\FileHandler' driver.
INFO - 2024-07-07 22:50:12 --> Session: Class initialized using 'CodeIgniter\Session\Handlers\FileHandler' driver.
INFO - 2024-07-07 22:50:32 --> Session: Class initialized using 'CodeIgniter\Session\Handlers\FileHandler' driver.
INFO - 2024-07-07 22:50:33 --> Session: Class initialized using 'CodeIgniter\Session\Handlers\FileHandler' driver.
INFO - 2024-07-07 22:52:21 --> Session: Class initialized using 'CodeIgniter\Session\Handlers\FileHandler' driver.
WARNING - 2024-07-07 22:52:52 --> [DEPRECATED] Function utf8_decode() is deprecated in APPPATH\Controllers\ReciboController.php on line 78.
 1 SYSTEMPATH\CodeIgniter.php(941): App\Controllers\ReciboController->recibo('8')
 2 SYSTEMPATH\CodeIgniter.php(502): CodeIgniter\CodeIgniter->runController(Object(App\Controllers\ReciboController))
 3 SYSTEMPATH\CodeIgniter.php(361): CodeIgniter\CodeIgniter->handleRequest(null, Object(Config\Cache), false)
 4 FCPATH\index.php(79): CodeIgniter\CodeIgniter->run()
WARNING - 2024-07-07 22:52:53 --> [DEPRECATED] Function utf8_decode() is deprecated in APPPATH\Controllers\ReciboController.php on line 81.
 1 SYSTEMPATH\CodeIgniter.php(941): App\Controllers\ReciboController->recibo('8')
 2 SYSTEMPATH\CodeIgniter.php(502): CodeIgniter\CodeIgniter->runController(Object(App\Controllers\ReciboController))
 3 SYSTEMPATH\CodeIgniter.php(361): CodeIgniter\CodeIgniter->handleRequest(null, Object(Config\Cache), false)
 4 FCPATH\index.php(79): CodeIgniter\CodeIgniter->run()
WARNING - 2024-07-07 22:52:53 --> [DEPRECATED] Function utf8_decode() is deprecated in APPPATH\Controllers\ReciboController.php on line 83.
 1 SYSTEMPATH\CodeIgniter.php(941): App\Controllers\ReciboController->recibo('8')
 2 SYSTEMPATH\CodeIgniter.php(502): CodeIgniter\CodeIgniter->runController(Object(App\Controllers\ReciboController))
 3 SYSTEMPATH\CodeIgniter.php(361): CodeIgniter\CodeIgniter->handleRequest(null, Object(Config\Cache), false)
 4 FCPATH\index.php(79): CodeIgniter\CodeIgniter->run()
WARNING - 2024-07-07 22:52:53 --> [DEPRECATED] Function utf8_decode() is deprecated in APPPATH\Controllers\ReciboController.php on line 86.
 1 SYSTEMPATH\CodeIgniter.php(941): App\Controllers\ReciboController->recibo('8')
 2 SYSTEMPATH\CodeIgniter.php(502): CodeIgniter\CodeIgniter->runController(Object(App\Controllers\ReciboController))
 3 SYSTEMPATH\CodeIgniter.php(361): CodeIgniter\CodeIgniter->handleRequest(null, Object(Config\Cache), false)
 4 FCPATH\index.php(79): CodeIgniter\CodeIgniter->run()
WARNING - 2024-07-07 22:52:53 --> [DEPRECATED] Function utf8_decode() is deprecated in APPPATH\Controllers\ReciboController.php on line 92.
 1 SYSTEMPATH\CodeIgniter.php(941): App\Controllers\ReciboController->recibo('8')
 2 SYSTEMPATH\CodeIgniter.php(502): CodeIgniter\CodeIgniter->runController(Object(App\Controllers\ReciboController))
 3 SYSTEMPATH\CodeIgniter.php(361): CodeIgniter\CodeIgniter->handleRequest(null, Object(Config\Cache), false)
 4 FCPATH\index.php(79): CodeIgniter\CodeIgniter->run()
WARNING - 2024-07-07 22:52:53 --> [DEPRECATED] Function utf8_decode() is deprecated in APPPATH\Controllers\ReciboController.php on line 93.
 1 SYSTEMPATH\CodeIgniter.php(941): App\Controllers\ReciboController->recibo('8')
 2 SYSTEMPATH\CodeIgniter.php(502): CodeIgniter\CodeIgniter->runController(Object(App\Controllers\ReciboController))
 3 SYSTEMPATH\CodeIgniter.php(361): CodeIgniter\CodeIgniter->handleRequest(null, Object(Config\Cache), false)
 4 FCPATH\index.php(79): CodeIgniter\CodeIgniter->run()
WARNING - 2024-07-07 22:52:53 --> [DEPRECATED] Function utf8_decode() is deprecated in APPPATH\Controllers\ReciboController.php on line 97.
 1 SYSTEMPATH\CodeIgniter.php(941): App\Controllers\ReciboController->recibo('8')
 2 SYSTEMPATH\CodeIgniter.php(502): CodeIgniter\CodeIgniter->runController(Object(App\Controllers\ReciboController))
 3 SYSTEMPATH\CodeIgniter.php(361): CodeIgniter\CodeIgniter->handleRequest(null, Object(Config\Cache), false)
 4 FCPATH\index.php(79): CodeIgniter\CodeIgniter->run()
WARNING - 2024-07-07 22:52:53 --> [DEPRECATED] Function utf8_decode() is deprecated in APPPATH\Controllers\ReciboController.php on line 101.
 1 SYSTEMPATH\CodeIgniter.php(941): App\Controllers\ReciboController->recibo('8')
 2 SYSTEMPATH\CodeIgniter.php(502): CodeIgniter\CodeIgniter->runController(Object(App\Controllers\ReciboController))
 3 SYSTEMPATH\CodeIgniter.php(361): CodeIgniter\CodeIgniter->handleRequest(null, Object(Config\Cache), false)
 4 FCPATH\index.php(79): CodeIgniter\CodeIgniter->run()
WARNING - 2024-07-07 22:52:53 --> [DEPRECATED] Function utf8_decode() is deprecated in APPPATH\Controllers\ReciboController.php on line 106.
 1 SYSTEMPATH\CodeIgniter.php(941): App\Controllers\ReciboController->recibo('8')
 2 SYSTEMPATH\CodeIgniter.php(502): CodeIgniter\CodeIgniter->runController(Object(App\Controllers\ReciboController))
 3 SYSTEMPATH\CodeIgniter.php(361): CodeIgniter\CodeIgniter->handleRequest(null, Object(Config\Cache), false)
 4 FCPATH\index.php(79): CodeIgniter\CodeIgniter->run()
WARNING - 2024-07-07 22:52:53 --> [DEPRECATED] Function utf8_decode() is deprecated in APPPATH\Controllers\ReciboController.php on line 108.
 1 SYSTEMPATH\CodeIgniter.php(941): App\Controllers\ReciboController->recibo('8')
 2 SYSTEMPATH\CodeIgniter.php(502): CodeIgniter\CodeIgniter->runController(Object(App\Controllers\ReciboController))
 3 SYSTEMPATH\CodeIgniter.php(361): CodeIgniter\CodeIgniter->handleRequest(null, Object(Config\Cache), false)
 4 FCPATH\index.php(79): CodeIgniter\CodeIgniter->run()
WARNING - 2024-07-07 22:52:53 --> [DEPRECATED] Function utf8_decode() is deprecated in APPPATH\Controllers\ReciboController.php on line 110.
 1 SYSTEMPATH\CodeIgniter.php(941): App\Controllers\ReciboController->recibo('8')
 2 SYSTEMPATH\CodeIgniter.php(502): CodeIgniter\CodeIgniter->runController(Object(App\Controllers\ReciboController))
 3 SYSTEMPATH\CodeIgniter.php(361): CodeIgniter\CodeIgniter->handleRequest(null, Object(Config\Cache), false)
 4 FCPATH\index.php(79): CodeIgniter\CodeIgniter->run()
WARNING - 2024-07-07 22:52:53 --> [DEPRECATED] Function utf8_decode() is deprecated in APPPATH\Controllers\ReciboController.php on line 112.
 1 SYSTEMPATH\CodeIgniter.php(941): App\Controllers\ReciboController->recibo('8')
 2 SYSTEMPATH\CodeIgniter.php(502): CodeIgniter\CodeIgniter->runController(Object(App\Controllers\ReciboController))
 3 SYSTEMPATH\CodeIgniter.php(361): CodeIgniter\CodeIgniter->handleRequest(null, Object(Config\Cache), false)
 4 FCPATH\index.php(79): CodeIgniter\CodeIgniter->run()
WARNING - 2024-07-07 22:52:53 --> [DEPRECATED] Function utf8_decode() is deprecated in APPPATH\Controllers\ReciboController.php on line 114.
 1 SYSTEMPATH\CodeIgniter.php(941): App\Controllers\ReciboController->recibo('8')
 2 SYSTEMPATH\CodeIgniter.php(502): CodeIgniter\CodeIgniter->runController(Object(App\Controllers\ReciboController))
 3 SYSTEMPATH\CodeIgniter.php(361): CodeIgniter\CodeIgniter->handleRequest(null, Object(Config\Cache), false)
 4 FCPATH\index.php(79): CodeIgniter\CodeIgniter->run()
WARNING - 2024-07-07 22:52:53 --> [DEPRECATED] Function utf8_decode() is deprecated in APPPATH\Controllers\ReciboController.php on line 119.
 1 SYSTEMPATH\CodeIgniter.php(941): App\Controllers\ReciboController->recibo('8')
 2 SYSTEMPATH\CodeIgniter.php(502): CodeIgniter\CodeIgniter->runController(Object(App\Controllers\ReciboController))
 3 SYSTEMPATH\CodeIgniter.php(361): CodeIgniter\CodeIgniter->handleRequest(null, Object(Config\Cache), false)
 4 FCPATH\index.php(79): CodeIgniter\CodeIgniter->run()
WARNING - 2024-07-07 22:52:53 --> [DEPRECATED] Function utf8_decode() is deprecated in APPPATH\Controllers\ReciboController.php on line 119.
 1 SYSTEMPATH\CodeIgniter.php(941): App\Controllers\ReciboController->recibo('8')
 2 SYSTEMPATH\CodeIgniter.php(502): CodeIgniter\CodeIgniter->runController(Object(App\Controllers\ReciboController))
 3 SYSTEMPATH\CodeIgniter.php(361): CodeIgniter\CodeIgniter->handleRequest(null, Object(Config\Cache), false)
 4 FCPATH\index.php(79): CodeIgniter\CodeIgniter->run()
WARNING - 2024-07-07 22:52:53 --> [DEPRECATED] Function utf8_decode() is deprecated in APPPATH\Controllers\ReciboController.php on line 122.
 1 SYSTEMPATH\CodeIgniter.php(941): App\Controllers\ReciboController->recibo('8')
 2 SYSTEMPATH\CodeIgniter.php(502): CodeIgniter\CodeIgniter->runController(Object(App\Controllers\ReciboController))
 3 SYSTEMPATH\CodeIgniter.php(361): CodeIgniter\CodeIgniter->handleRequest(null, Object(Config\Cache), false)
 4 FCPATH\index.php(79): CodeIgniter\CodeIgniter->run()
WARNING - 2024-07-07 22:52:53 --> [DEPRECATED] Function utf8_decode() is deprecated in APPPATH\Controllers\ReciboController.php on line 122.
 1 SYSTEMPATH\CodeIgniter.php(941): App\Controllers\ReciboController->recibo('8')
 2 SYSTEMPATH\CodeIgniter.php(502): CodeIgniter\CodeIgniter->runController(Object(App\Controllers\ReciboController))
 3 SYSTEMPATH\CodeIgniter.php(361): CodeIgniter\CodeIgniter->handleRequest(null, Object(Config\Cache), false)
 4 FCPATH\index.php(79): CodeIgniter\CodeIgniter->run()
WARNING - 2024-07-07 22:52:53 --> [DEPRECATED] Function utf8_decode() is deprecated in APPPATH\Controllers\ReciboController.php on line 124.
 1 SYSTEMPATH\CodeIgniter.php(941): App\Controllers\ReciboController->recibo('8')
 2 SYSTEMPATH\CodeIgniter.php(502): CodeIgniter\CodeIgniter->runController(Object(App\Controllers\ReciboController))
 3 SYSTEMPATH\CodeIgniter.php(361): CodeIgniter\CodeIgniter->handleRequest(null, Object(Config\Cache), false)
 4 FCPATH\index.php(79): CodeIgniter\CodeIgniter->run()
WARNING - 2024-07-07 22:52:53 --> [DEPRECATED] Function utf8_decode() is deprecated in APPPATH\Controllers\ReciboController.php on line 124.
 1 SYSTEMPATH\CodeIgniter.php(941): App\Controllers\ReciboController->recibo('8')
 2 SYSTEMPATH\CodeIgniter.php(502): CodeIgniter\CodeIgniter->runController(Object(App\Controllers\ReciboController))
 3 SYSTEMPATH\CodeIgniter.php(361): CodeIgniter\CodeIgniter->handleRequest(null, Object(Config\Cache), false)
 4 FCPATH\index.php(79): CodeIgniter\CodeIgniter->run()
WARNING - 2024-07-07 22:52:53 --> [DEPRECATED] Function utf8_decode() is deprecated in APPPATH\Controllers\ReciboController.php on line 126.
 1 SYSTEMPATH\CodeIgniter.php(941): App\Controllers\ReciboController->recibo('8')
 2 SYSTEMPATH\CodeIgniter.php(502): CodeIgniter\CodeIgniter->runController(Object(App\Controllers\ReciboController))
 3 SYSTEMPATH\CodeIgniter.php(361): CodeIgniter\CodeIgniter->handleRequest(null, Object(Config\Cache), false)
 4 FCPATH\index.php(79): CodeIgniter\CodeIgniter->run()
WARNING - 2024-07-07 22:52:53 --> [DEPRECATED] Function utf8_decode() is deprecated in APPPATH\Controllers\ReciboController.php on line 126.
 1 SYSTEMPATH\CodeIgniter.php(941): App\Controllers\ReciboController->recibo('8')
 2 SYSTEMPATH\CodeIgniter.php(502): CodeIgniter\CodeIgniter->runController(Object(App\Controllers\ReciboController))
 3 SYSTEMPATH\CodeIgniter.php(361): CodeIgniter\CodeIgniter->handleRequest(null, Object(Config\Cache), false)
 4 FCPATH\index.php(79): CodeIgniter\CodeIgniter->run()
WARNING - 2024-07-07 22:52:53 --> [DEPRECATED] Function utf8_decode() is deprecated in APPPATH\Controllers\ReciboController.php on line 129.
 1 SYSTEMPATH\CodeIgniter.php(941): App\Controllers\ReciboController->recibo('8')
 2 SYSTEMPATH\CodeIgniter.php(502): CodeIgniter\CodeIgniter->runController(Object(App\Controllers\ReciboController))
 3 SYSTEMPATH\CodeIgniter.php(361): CodeIgniter\CodeIgniter->handleRequest(null, Object(Config\Cache), false)
 4 FCPATH\index.php(79): CodeIgniter\CodeIgniter->run()
WARNING - 2024-07-07 22:52:53 --> [DEPRECATED] Function utf8_decode() is deprecated in APPPATH\Controllers\ReciboController.php on line 129.
 1 SYSTEMPATH\CodeIgniter.php(941): App\Controllers\ReciboController->recibo('8')
 2 SYSTEMPATH\CodeIgniter.php(502): CodeIgniter\CodeIgniter->runController(Object(App\Controllers\ReciboController))
 3 SYSTEMPATH\CodeIgniter.php(361): CodeIgniter\CodeIgniter->handleRequest(null, Object(Config\Cache), false)
 4 FCPATH\index.php(79): CodeIgniter\CodeIgniter->run()
WARNING - 2024-07-07 22:52:53 --> [DEPRECATED] Function utf8_decode() is deprecated in APPPATH\Controllers\ReciboController.php on line 131.
 1 SYSTEMPATH\CodeIgniter.php(941): App\Controllers\ReciboController->recibo('8')
 2 SYSTEMPATH\CodeIgniter.php(502): CodeIgniter\CodeIgniter->runController(Object(App\Controllers\ReciboController))
 3 SYSTEMPATH\CodeIgniter.php(361): CodeIgniter\CodeIgniter->handleRequest(null, Object(Config\Cache), false)
 4 FCPATH\index.php(79): CodeIgniter\CodeIgniter->run()
WARNING - 2024-07-07 22:52:53 --> [DEPRECATED] Function utf8_decode() is deprecated in APPPATH\Controllers\ReciboController.php on line 131.
 1 SYSTEMPATH\CodeIgniter.php(941): App\Controllers\ReciboController->recibo('8')
 2 SYSTEMPATH\CodeIgniter.php(502): CodeIgniter\CodeIgniter->runController(Object(App\Controllers\ReciboController))
 3 SYSTEMPATH\CodeIgniter.php(361): CodeIgniter\CodeIgniter->handleRequest(null, Object(Config\Cache), false)
 4 FCPATH\index.php(79): CodeIgniter\CodeIgniter->run()
WARNING - 2024-07-07 22:52:53 --> [DEPRECATED] Function utf8_decode() is deprecated in APPPATH\Controllers\ReciboController.php on line 136.
 1 SYSTEMPATH\CodeIgniter.php(941): App\Controllers\ReciboController->recibo('8')
 2 SYSTEMPATH\CodeIgniter.php(502): CodeIgniter\CodeIgniter->runController(Object(App\Controllers\ReciboController))
 3 SYSTEMPATH\CodeIgniter.php(361): CodeIgniter\CodeIgniter->handleRequest(null, Object(Config\Cache), false)
 4 FCPATH\index.php(79): CodeIgniter\CodeIgniter->run()
WARNING - 2024-07-07 22:52:53 --> [DEPRECATED] Function utf8_decode() is deprecated in APPPATH\Controllers\ReciboController.php on line 136.
 1 SYSTEMPATH\CodeIgniter.php(941): App\Controllers\ReciboController->recibo('8')
 2 SYSTEMPATH\CodeIgniter.php(502): CodeIgniter\CodeIgniter->runController(Object(App\Controllers\ReciboController))
 3 SYSTEMPATH\CodeIgniter.php(361): CodeIgniter\CodeIgniter->handleRequest(null, Object(Config\Cache), false)
 4 FCPATH\index.php(79): CodeIgniter\CodeIgniter->run()
WARNING - 2024-07-07 22:52:53 --> [DEPRECATED] Function utf8_decode() is deprecated in APPPATH\Controllers\ReciboController.php on line 136.
 1 SYSTEMPATH\CodeIgniter.php(941): App\Controllers\ReciboController->recibo('8')
 2 SYSTEMPATH\CodeIgniter.php(502): CodeIgniter\CodeIgniter->runController(Object(App\Controllers\ReciboController))
 3 SYSTEMPATH\CodeIgniter.php(361): CodeIgniter\CodeIgniter->handleRequest(null, Object(Config\Cache), false)
 4 FCPATH\index.php(79): CodeIgniter\CodeIgniter->run()
WARNING - 2024-07-07 22:52:53 --> [DEPRECATED] Function utf8_decode() is deprecated in APPPATH\Controllers\ReciboController.php on line 137.
 1 SYSTEMPATH\CodeIgniter.php(941): App\Controllers\ReciboController->recibo('8')
 2 SYSTEMPATH\CodeIgniter.php(502): CodeIgniter\CodeIgniter->runController(Object(App\Controllers\ReciboController))
 3 SYSTEMPATH\CodeIgniter.php(361): CodeIgniter\CodeIgniter->handleRequest(null, Object(Config\Cache), false)
 4 FCPATH\index.php(79): CodeIgniter\CodeIgniter->run()
WARNING - 2024-07-07 22:52:53 --> [DEPRECATED] Function utf8_decode() is deprecated in APPPATH\Controllers\ReciboController.php on line 137.
 1 SYSTEMPATH\CodeIgniter.php(941): App\Controllers\ReciboController->recibo('8')
 2 SYSTEMPATH\CodeIgniter.php(502): CodeIgniter\CodeIgniter->runController(Object(App\Controllers\ReciboController))
 3 SYSTEMPATH\CodeIgniter.php(361): CodeIgniter\CodeIgniter->handleRequest(null, Object(Config\Cache), false)
 4 FCPATH\index.php(79): CodeIgniter\CodeIgniter->run()
WARNING - 2024-07-07 22:52:53 --> [DEPRECATED] Function utf8_decode() is deprecated in APPPATH\Controllers\ReciboController.php on line 137.
 1 SYSTEMPATH\CodeIgniter.php(941): App\Controllers\ReciboController->recibo('8')
 2 SYSTEMPATH\CodeIgniter.php(502): CodeIgniter\CodeIgniter->runController(Object(App\Controllers\ReciboController))
 3 SYSTEMPATH\CodeIgniter.php(361): CodeIgniter\CodeIgniter->handleRequest(null, Object(Config\Cache), false)
 4 FCPATH\index.php(79): CodeIgniter\CodeIgniter->run()
WARNING - 2024-07-07 22:52:53 --> [DEPRECATED] Function utf8_decode() is deprecated in APPPATH\Controllers\ReciboController.php on line 138.
 1 SYSTEMPATH\CodeIgniter.php(941): App\Controllers\ReciboController->recibo('8')
 2 SYSTEMPATH\CodeIgniter.php(502): CodeIgniter\CodeIgniter->runController(Object(App\Controllers\ReciboController))
 3 SYSTEMPATH\CodeIgniter.php(361): CodeIgniter\CodeIgniter->handleRequest(null, Object(Config\Cache), false)
 4 FCPATH\index.php(79): CodeIgniter\CodeIgniter->run()
WARNING - 2024-07-07 22:52:53 --> [DEPRECATED] Function utf8_decode() is deprecated in APPPATH\Controllers\ReciboController.php on line 138.
 1 SYSTEMPATH\CodeIgniter.php(941): App\Controllers\ReciboController->recibo('8')
 2 SYSTEMPATH\CodeIgniter.php(502): CodeIgniter\CodeIgniter->runController(Object(App\Controllers\ReciboController))
 3 SYSTEMPATH\CodeIgniter.php(361): CodeIgniter\CodeIgniter->handleRequest(null, Object(Config\Cache), false)
 4 FCPATH\index.php(79): CodeIgniter\CodeIgniter->run()
WARNING - 2024-07-07 22:52:53 --> [DEPRECATED] Function utf8_decode() is deprecated in APPPATH\Controllers\ReciboController.php on line 138.
 1 SYSTEMPATH\CodeIgniter.php(941): App\Controllers\ReciboController->recibo('8')
 2 SYSTEMPATH\CodeIgniter.php(502): CodeIgniter\CodeIgniter->runController(Object(App\Controllers\ReciboController))
 3 SYSTEMPATH\CodeIgniter.php(361): CodeIgniter\CodeIgniter->handleRequest(null, Object(Config\Cache), false)
 4 FCPATH\index.php(79): CodeIgniter\CodeIgniter->run()
WARNING - 2024-07-07 22:52:53 --> [DEPRECATED] Function utf8_decode() is deprecated in APPPATH\Controllers\ReciboController.php on line 139.
 1 SYSTEMPATH\CodeIgniter.php(941): App\Controllers\ReciboController->recibo('8')
 2 SYSTEMPATH\CodeIgniter.php(502): CodeIgniter\CodeIgniter->runController(Object(App\Controllers\ReciboController))
 3 SYSTEMPATH\CodeIgniter.php(361): CodeIgniter\CodeIgniter->handleRequest(null, Object(Config\Cache), false)
 4 FCPATH\index.php(79): CodeIgniter\CodeIgniter->run()
WARNING - 2024-07-07 22:52:53 --> [DEPRECATED] Function utf8_decode() is deprecated in APPPATH\Controllers\ReciboController.php on line 139.
 1 SYSTEMPATH\CodeIgniter.php(941): App\Controllers\ReciboController->recibo('8')
 2 SYSTEMPATH\CodeIgniter.php(502): CodeIgniter\CodeIgniter->runController(Object(App\Controllers\ReciboController))
 3 SYSTEMPATH\CodeIgniter.php(361): CodeIgniter\CodeIgniter->handleRequest(null, Object(Config\Cache), false)
 4 FCPATH\index.php(79): CodeIgniter\CodeIgniter->run()
WARNING - 2024-07-07 22:52:53 --> [DEPRECATED] Function utf8_decode() is deprecated in APPPATH\Controllers\ReciboController.php on line 139.
 1 SYSTEMPATH\CodeIgniter.php(941): App\Controllers\ReciboController->recibo('8')
 2 SYSTEMPATH\CodeIgniter.php(502): CodeIgniter\CodeIgniter->runController(Object(App\Controllers\ReciboController))
 3 SYSTEMPATH\CodeIgniter.php(361): CodeIgniter\CodeIgniter->handleRequest(null, Object(Config\Cache), false)
 4 FCPATH\index.php(79): CodeIgniter\CodeIgniter->run()
INFO - 2024-07-07 22:57:41 --> Session: Class initialized using 'CodeIgniter\Session\Handlers\FileHandler' driver.
INFO - 2024-07-07 22:58:16 --> Session: Class initialized using 'CodeIgniter\Session\Handlers\FileHandler' driver.
INFO - 2024-07-07 23:01:16 --> Session: Class initialized using 'CodeIgniter\Session\Handlers\FileHandler' driver.
INFO - 2024-07-07 23:01:18 --> Session: Class initialized using 'CodeIgniter\Session\Handlers\FileHandler' driver.
INFO - 2024-07-07 23:03:26 --> Session: Class initialized using 'CodeIgniter\Session\Handlers\FileHandler' driver.
WARNING - 2024-07-07 23:03:59 --> [DEPRECATED] Function utf8_decode() is deprecated in APPPATH\Controllers\ReciboController.php on line 78.
 1 SYSTEMPATH\CodeIgniter.php(941): App\Controllers\ReciboController->recibo('8')
 2 SYSTEMPATH\CodeIgniter.php(502): CodeIgniter\CodeIgniter->runController(Object(App\Controllers\ReciboController))
 3 SYSTEMPATH\CodeIgniter.php(361): CodeIgniter\CodeIgniter->handleRequest(null, Object(Config\Cache), false)
 4 FCPATH\index.php(79): CodeIgniter\CodeIgniter->run()
WARNING - 2024-07-07 23:03:59 --> [DEPRECATED] Function utf8_decode() is deprecated in APPPATH\Controllers\ReciboController.php on line 81.
 1 SYSTEMPATH\CodeIgniter.php(941): App\Controllers\ReciboController->recibo('8')
 2 SYSTEMPATH\CodeIgniter.php(502): CodeIgniter\CodeIgniter->runController(Object(App\Controllers\ReciboController))
 3 SYSTEMPATH\CodeIgniter.php(361): CodeIgniter\CodeIgniter->handleRequest(null, Object(Config\Cache), false)
 4 FCPATH\index.php(79): CodeIgniter\CodeIgniter->run()
WARNING - 2024-07-07 23:03:59 --> [DEPRECATED] Function utf8_decode() is deprecated in APPPATH\Controllers\ReciboController.php on line 83.
 1 SYSTEMPATH\CodeIgniter.php(941): App\Controllers\ReciboController->recibo('8')
 2 SYSTEMPATH\CodeIgniter.php(502): CodeIgniter\CodeIgniter->runController(Object(App\Controllers\ReciboController))
 3 SYSTEMPATH\CodeIgniter.php(361): CodeIgniter\CodeIgniter->handleRequest(null, Object(Config\Cache), false)
 4 FCPATH\index.php(79): CodeIgniter\CodeIgniter->run()
WARNING - 2024-07-07 23:03:59 --> [DEPRECATED] Function utf8_decode() is deprecated in APPPATH\Controllers\ReciboController.php on line 86.
 1 SYSTEMPATH\CodeIgniter.php(941): App\Controllers\ReciboController->recibo('8')
 2 SYSTEMPATH\CodeIgniter.php(502): CodeIgniter\CodeIgniter->runController(Object(App\Controllers\ReciboController))
 3 SYSTEMPATH\CodeIgniter.php(361): CodeIgniter\CodeIgniter->handleRequest(null, Object(Config\Cache), false)
 4 FCPATH\index.php(79): CodeIgniter\CodeIgniter->run()
WARNING - 2024-07-07 23:03:59 --> [DEPRECATED] Function utf8_decode() is deprecated in APPPATH\Controllers\ReciboController.php on line 92.
 1 SYSTEMPATH\CodeIgniter.php(941): App\Controllers\ReciboController->recibo('8')
 2 SYSTEMPATH\CodeIgniter.php(502): CodeIgniter\CodeIgniter->runController(Object(App\Controllers\ReciboController))
 3 SYSTEMPATH\CodeIgniter.php(361): CodeIgniter\CodeIgniter->handleRequest(null, Object(Config\Cache), false)
 4 FCPATH\index.php(79): CodeIgniter\CodeIgniter->run()
WARNING - 2024-07-07 23:03:59 --> [DEPRECATED] Function utf8_decode() is deprecated in APPPATH\Controllers\ReciboController.php on line 93.
 1 SYSTEMPATH\CodeIgniter.php(941): App\Controllers\ReciboController->recibo('8')
 2 SYSTEMPATH\CodeIgniter.php(502): CodeIgniter\CodeIgniter->runController(Object(App\Controllers\ReciboController))
 3 SYSTEMPATH\CodeIgniter.php(361): CodeIgniter\CodeIgniter->handleRequest(null, Object(Config\Cache), false)
 4 FCPATH\index.php(79): CodeIgniter\CodeIgniter->run()
WARNING - 2024-07-07 23:03:59 --> [DEPRECATED] Function utf8_decode() is deprecated in APPPATH\Controllers\ReciboController.php on line 97.
 1 SYSTEMPATH\CodeIgniter.php(941): App\Controllers\ReciboController->recibo('8')
 2 SYSTEMPATH\CodeIgniter.php(502): CodeIgniter\CodeIgniter->runController(Object(App\Controllers\ReciboController))
 3 SYSTEMPATH\CodeIgniter.php(361): CodeIgniter\CodeIgniter->handleRequest(null, Object(Config\Cache), false)
 4 FCPATH\index.php(79): CodeIgniter\CodeIgniter->run()
WARNING - 2024-07-07 23:03:59 --> [DEPRECATED] Function utf8_decode() is deprecated in APPPATH\Controllers\ReciboController.php on line 101.
 1 SYSTEMPATH\CodeIgniter.php(941): App\Controllers\ReciboController->recibo('8')
 2 SYSTEMPATH\CodeIgniter.php(502): CodeIgniter\CodeIgniter->runController(Object(App\Controllers\ReciboController))
 3 SYSTEMPATH\CodeIgniter.php(361): CodeIgniter\CodeIgniter->handleRequest(null, Object(Config\Cache), false)
 4 FCPATH\index.php(79): CodeIgniter\CodeIgniter->run()
WARNING - 2024-07-07 23:03:59 --> [DEPRECATED] Function utf8_decode() is deprecated in APPPATH\Controllers\ReciboController.php on line 106.
 1 SYSTEMPATH\CodeIgniter.php(941): App\Controllers\ReciboController->recibo('8')
 2 SYSTEMPATH\CodeIgniter.php(502): CodeIgniter\CodeIgniter->runController(Object(App\Controllers\ReciboController))
 3 SYSTEMPATH\CodeIgniter.php(361): CodeIgniter\CodeIgniter->handleRequest(null, Object(Config\Cache), false)
 4 FCPATH\index.php(79): CodeIgniter\CodeIgniter->run()
WARNING - 2024-07-07 23:03:59 --> [DEPRECATED] Function utf8_decode() is deprecated in APPPATH\Controllers\ReciboController.php on line 108.
 1 SYSTEMPATH\CodeIgniter.php(941): App\Controllers\ReciboController->recibo('8')
 2 SYSTEMPATH\CodeIgniter.php(502): CodeIgniter\CodeIgniter->runController(Object(App\Controllers\ReciboController))
 3 SYSTEMPATH\CodeIgniter.php(361): CodeIgniter\CodeIgniter->handleRequest(null, Object(Config\Cache), false)
 4 FCPATH\index.php(79): CodeIgniter\CodeIgniter->run()
WARNING - 2024-07-07 23:03:59 --> [DEPRECATED] Function utf8_decode() is deprecated in APPPATH\Controllers\ReciboController.php on line 110.
 1 SYSTEMPATH\CodeIgniter.php(941): App\Controllers\ReciboController->recibo('8')
 2 SYSTEMPATH\CodeIgniter.php(502): CodeIgniter\CodeIgniter->runController(Object(App\Controllers\ReciboController))
 3 SYSTEMPATH\CodeIgniter.php(361): CodeIgniter\CodeIgniter->handleRequest(null, Object(Config\Cache), false)
 4 FCPATH\index.php(79): CodeIgniter\CodeIgniter->run()
WARNING - 2024-07-07 23:03:59 --> [DEPRECATED] Function utf8_decode() is deprecated in APPPATH\Controllers\ReciboController.php on line 112.
 1 SYSTEMPATH\CodeIgniter.php(941): App\Controllers\ReciboController->recibo('8')
 2 SYSTEMPATH\CodeIgniter.php(502): CodeIgniter\CodeIgniter->runController(Object(App\Controllers\ReciboController))
 3 SYSTEMPATH\CodeIgniter.php(361): CodeIgniter\CodeIgniter->handleRequest(null, Object(Config\Cache), false)
 4 FCPATH\index.php(79): CodeIgniter\CodeIgniter->run()
WARNING - 2024-07-07 23:03:59 --> [DEPRECATED] Function utf8_decode() is deprecated in APPPATH\Controllers\ReciboController.php on line 114.
 1 SYSTEMPATH\CodeIgniter.php(941): App\Controllers\ReciboController->recibo('8')
 2 SYSTEMPATH\CodeIgniter.php(502): CodeIgniter\CodeIgniter->runController(Object(App\Controllers\ReciboController))
 3 SYSTEMPATH\CodeIgniter.php(361): CodeIgniter\CodeIgniter->handleRequest(null, Object(Config\Cache), false)
 4 FCPATH\index.php(79): CodeIgniter\CodeIgniter->run()
WARNING - 2024-07-07 23:03:59 --> [DEPRECATED] Function utf8_decode() is deprecated in APPPATH\Controllers\ReciboController.php on line 119.
 1 SYSTEMPATH\CodeIgniter.php(941): App\Controllers\ReciboController->recibo('8')
 2 SYSTEMPATH\CodeIgniter.php(502): CodeIgniter\CodeIgniter->runController(Object(App\Controllers\ReciboController))
 3 SYSTEMPATH\CodeIgniter.php(361): CodeIgniter\CodeIgniter->handleRequest(null, Object(Config\Cache), false)
 4 FCPATH\index.php(79): CodeIgniter\CodeIgniter->run()
WARNING - 2024-07-07 23:03:59 --> [DEPRECATED] Function utf8_decode() is deprecated in APPPATH\Controllers\ReciboController.php on line 119.
 1 SYSTEMPATH\CodeIgniter.php(941): App\Controllers\ReciboController->recibo('8')
 2 SYSTEMPATH\CodeIgniter.php(502): CodeIgniter\CodeIgniter->runController(Object(App\Controllers\ReciboController))
 3 SYSTEMPATH\CodeIgniter.php(361): CodeIgniter\CodeIgniter->handleRequest(null, Object(Config\Cache), false)
 4 FCPATH\index.php(79): CodeIgniter\CodeIgniter->run()
WARNING - 2024-07-07 23:03:59 --> [DEPRECATED] Function utf8_decode() is deprecated in APPPATH\Controllers\ReciboController.php on line 122.
 1 SYSTEMPATH\CodeIgniter.php(941): App\Controllers\ReciboController->recibo('8')
 2 SYSTEMPATH\CodeIgniter.php(502): CodeIgniter\CodeIgniter->runController(Object(App\Controllers\ReciboController))
 3 SYSTEMPATH\CodeIgniter.php(361): CodeIgniter\CodeIgniter->handleRequest(null, Object(Config\Cache), false)
 4 FCPATH\index.php(79): CodeIgniter\CodeIgniter->run()
WARNING - 2024-07-07 23:03:59 --> [DEPRECATED] Function utf8_decode() is deprecated in APPPATH\Controllers\ReciboController.php on line 122.
 1 SYSTEMPATH\CodeIgniter.php(941): App\Controllers\ReciboController->recibo('8')
 2 SYSTEMPATH\CodeIgniter.php(502): CodeIgniter\CodeIgniter->runController(Object(App\Controllers\ReciboController))
 3 SYSTEMPATH\CodeIgniter.php(361): CodeIgniter\CodeIgniter->handleRequest(null, Object(Config\Cache), false)
 4 FCPATH\index.php(79): CodeIgniter\CodeIgniter->run()
WARNING - 2024-07-07 23:03:59 --> [DEPRECATED] Function utf8_decode() is deprecated in APPPATH\Controllers\ReciboController.php on line 124.
 1 SYSTEMPATH\CodeIgniter.php(941): App\Controllers\ReciboController->recibo('8')
 2 SYSTEMPATH\CodeIgniter.php(502): CodeIgniter\CodeIgniter->runController(Object(App\Controllers\ReciboController))
 3 SYSTEMPATH\CodeIgniter.php(361): CodeIgniter\CodeIgniter->handleRequest(null, Object(Config\Cache), false)
 4 FCPATH\index.php(79): CodeIgniter\CodeIgniter->run()
WARNING - 2024-07-07 23:03:59 --> [DEPRECATED] Function utf8_decode() is deprecated in APPPATH\Controllers\ReciboController.php on line 124.
 1 SYSTEMPATH\CodeIgniter.php(941): App\Controllers\ReciboController->recibo('8')
 2 SYSTEMPATH\CodeIgniter.php(502): CodeIgniter\CodeIgniter->runController(Object(App\Controllers\ReciboController))
 3 SYSTEMPATH\CodeIgniter.php(361): CodeIgniter\CodeIgniter->handleRequest(null, Object(Config\Cache), false)
 4 FCPATH\index.php(79): CodeIgniter\CodeIgniter->run()
WARNING - 2024-07-07 23:04:00 --> [DEPRECATED] Function utf8_decode() is deprecated in APPPATH\Controllers\ReciboController.php on line 126.
 1 SYSTEMPATH\CodeIgniter.php(941): App\Controllers\ReciboController->recibo('8')
 2 SYSTEMPATH\CodeIgniter.php(502): CodeIgniter\CodeIgniter->runController(Object(App\Controllers\ReciboController))
 3 SYSTEMPATH\CodeIgniter.php(361): CodeIgniter\CodeIgniter->handleRequest(null, Object(Config\Cache), false)
 4 FCPATH\index.php(79): CodeIgniter\CodeIgniter->run()
WARNING - 2024-07-07 23:04:00 --> [DEPRECATED] Function utf8_decode() is deprecated in APPPATH\Controllers\ReciboController.php on line 126.
 1 SYSTEMPATH\CodeIgniter.php(941): App\Controllers\ReciboController->recibo('8')
 2 SYSTEMPATH\CodeIgniter.php(502): CodeIgniter\CodeIgniter->runController(Object(App\Controllers\ReciboController))
 3 SYSTEMPATH\CodeIgniter.php(361): CodeIgniter\CodeIgniter->handleRequest(null, Object(Config\Cache), false)
 4 FCPATH\index.php(79): CodeIgniter\CodeIgniter->run()
WARNING - 2024-07-07 23:04:00 --> [DEPRECATED] Function utf8_decode() is deprecated in APPPATH\Controllers\ReciboController.php on line 129.
 1 SYSTEMPATH\CodeIgniter.php(941): App\Controllers\ReciboController->recibo('8')
 2 SYSTEMPATH\CodeIgniter.php(502): CodeIgniter\CodeIgniter->runController(Object(App\Controllers\ReciboController))
 3 SYSTEMPATH\CodeIgniter.php(361): CodeIgniter\CodeIgniter->handleRequest(null, Object(Config\Cache), false)
 4 FCPATH\index.php(79): CodeIgniter\CodeIgniter->run()
WARNING - 2024-07-07 23:04:00 --> [DEPRECATED] Function utf8_decode() is deprecated in APPPATH\Controllers\ReciboController.php on line 129.
 1 SYSTEMPATH\CodeIgniter.php(941): App\Controllers\ReciboController->recibo('8')
 2 SYSTEMPATH\CodeIgniter.php(502): CodeIgniter\CodeIgniter->runController(Object(App\Controllers\ReciboController))
 3 SYSTEMPATH\CodeIgniter.php(361): CodeIgniter\CodeIgniter->handleRequest(null, Object(Config\Cache), false)
 4 FCPATH\index.php(79): CodeIgniter\CodeIgniter->run()
WARNING - 2024-07-07 23:04:00 --> [DEPRECATED] Function utf8_decode() is deprecated in APPPATH\Controllers\ReciboController.php on line 131.
 1 SYSTEMPATH\CodeIgniter.php(941): App\Controllers\ReciboController->recibo('8')
 2 SYSTEMPATH\CodeIgniter.php(502): CodeIgniter\CodeIgniter->runController(Object(App\Controllers\ReciboController))
 3 SYSTEMPATH\CodeIgniter.php(361): CodeIgniter\CodeIgniter->handleRequest(null, Object(Config\Cache), false)
 4 FCPATH\index.php(79): CodeIgniter\CodeIgniter->run()
WARNING - 2024-07-07 23:04:00 --> [DEPRECATED] Function utf8_decode() is deprecated in APPPATH\Controllers\ReciboController.php on line 131.
 1 SYSTEMPATH\CodeIgniter.php(941): App\Controllers\ReciboController->recibo('8')
 2 SYSTEMPATH\CodeIgniter.php(502): CodeIgniter\CodeIgniter->runController(Object(App\Controllers\ReciboController))
 3 SYSTEMPATH\CodeIgniter.php(361): CodeIgniter\CodeIgniter->handleRequest(null, Object(Config\Cache), false)
 4 FCPATH\index.php(79): CodeIgniter\CodeIgniter->run()
WARNING - 2024-07-07 23:04:00 --> [DEPRECATED] Function utf8_decode() is deprecated in APPPATH\Controllers\ReciboController.php on line 136.
 1 SYSTEMPATH\CodeIgniter.php(941): App\Controllers\ReciboController->recibo('8')
 2 SYSTEMPATH\CodeIgniter.php(502): CodeIgniter\CodeIgniter->runController(Object(App\Controllers\ReciboController))
 3 SYSTEMPATH\CodeIgniter.php(361): CodeIgniter\CodeIgniter->handleRequest(null, Object(Config\Cache), false)
 4 FCPATH\index.php(79): CodeIgniter\CodeIgniter->run()
WARNING - 2024-07-07 23:04:00 --> [DEPRECATED] Function utf8_decode() is deprecated in APPPATH\Controllers\ReciboController.php on line 136.
 1 SYSTEMPATH\CodeIgniter.php(941): App\Controllers\ReciboController->recibo('8')
 2 SYSTEMPATH\CodeIgniter.php(502): CodeIgniter\CodeIgniter->runController(Object(App\Controllers\ReciboController))
 3 SYSTEMPATH\CodeIgniter.php(361): CodeIgniter\CodeIgniter->handleRequest(null, Object(Config\Cache), false)
 4 FCPATH\index.php(79): CodeIgniter\CodeIgniter->run()
WARNING - 2024-07-07 23:04:00 --> [DEPRECATED] Function utf8_decode() is deprecated in APPPATH\Controllers\ReciboController.php on line 136.
 1 SYSTEMPATH\CodeIgniter.php(941): App\Controllers\ReciboController->recibo('8')
 2 SYSTEMPATH\CodeIgniter.php(502): CodeIgniter\CodeIgniter->runController(Object(App\Controllers\ReciboController))
 3 SYSTEMPATH\CodeIgniter.php(361): CodeIgniter\CodeIgniter->handleRequest(null, Object(Config\Cache), false)
 4 FCPATH\index.php(79): CodeIgniter\CodeIgniter->run()
WARNING - 2024-07-07 23:04:00 --> [DEPRECATED] Function utf8_decode() is deprecated in APPPATH\Controllers\ReciboController.php on line 137.
 1 SYSTEMPATH\CodeIgniter.php(941): App\Controllers\ReciboController->recibo('8')
 2 SYSTEMPATH\CodeIgniter.php(502): CodeIgniter\CodeIgniter->runController(Object(App\Controllers\ReciboController))
 3 SYSTEMPATH\CodeIgniter.php(361): CodeIgniter\CodeIgniter->handleRequest(null, Object(Config\Cache), false)
 4 FCPATH\index.php(79): CodeIgniter\CodeIgniter->run()
WARNING - 2024-07-07 23:04:00 --> [DEPRECATED] Function utf8_decode() is deprecated in APPPATH\Controllers\ReciboController.php on line 137.
 1 SYSTEMPATH\CodeIgniter.php(941): App\Controllers\ReciboController->recibo('8')
 2 SYSTEMPATH\CodeIgniter.php(502): CodeIgniter\CodeIgniter->runController(Object(App\Controllers\ReciboController))
 3 SYSTEMPATH\CodeIgniter.php(361): CodeIgniter\CodeIgniter->handleRequest(null, Object(Config\Cache), false)
 4 FCPATH\index.php(79): CodeIgniter\CodeIgniter->run()
WARNING - 2024-07-07 23:04:00 --> [DEPRECATED] Function utf8_decode() is deprecated in APPPATH\Controllers\ReciboController.php on line 137.
 1 SYSTEMPATH\CodeIgniter.php(941): App\Controllers\ReciboController->recibo('8')
 2 SYSTEMPATH\CodeIgniter.php(502): CodeIgniter\CodeIgniter->runController(Object(App\Controllers\ReciboController))
 3 SYSTEMPATH\CodeIgniter.php(361): CodeIgniter\CodeIgniter->handleRequest(null, Object(Config\Cache), false)
 4 FCPATH\index.php(79): CodeIgniter\CodeIgniter->run()
WARNING - 2024-07-07 23:04:00 --> [DEPRECATED] Function utf8_decode() is deprecated in APPPATH\Controllers\ReciboController.php on line 138.
 1 SYSTEMPATH\CodeIgniter.php(941): App\Controllers\ReciboController->recibo('8')
 2 SYSTEMPATH\CodeIgniter.php(502): CodeIgniter\CodeIgniter->runController(Object(App\Controllers\ReciboController))
 3 SYSTEMPATH\CodeIgniter.php(361): CodeIgniter\CodeIgniter->handleRequest(null, Object(Config\Cache), false)
 4 FCPATH\index.php(79): CodeIgniter\CodeIgniter->run()
WARNING - 2024-07-07 23:04:00 --> [DEPRECATED] Function utf8_decode() is deprecated in APPPATH\Controllers\ReciboController.php on line 138.
 1 SYSTEMPATH\CodeIgniter.php(941): App\Controllers\ReciboController->recibo('8')
 2 SYSTEMPATH\CodeIgniter.php(502): CodeIgniter\CodeIgniter->runController(Object(App\Controllers\ReciboController))
 3 SYSTEMPATH\CodeIgniter.php(361): CodeIgniter\CodeIgniter->handleRequest(null, Object(Config\Cache), false)
 4 FCPATH\index.php(79): CodeIgniter\CodeIgniter->run()
WARNING - 2024-07-07 23:04:00 --> [DEPRECATED] Function utf8_decode() is deprecated in APPPATH\Controllers\ReciboController.php on line 138.
 1 SYSTEMPATH\CodeIgniter.php(941): App\Controllers\ReciboController->recibo('8')
 2 SYSTEMPATH\CodeIgniter.php(502): CodeIgniter\CodeIgniter->runController(Object(App\Controllers\ReciboController))
 3 SYSTEMPATH\CodeIgniter.php(361): CodeIgniter\CodeIgniter->handleRequest(null, Object(Config\Cache), false)
 4 FCPATH\index.php(79): CodeIgniter\CodeIgniter->run()
WARNING - 2024-07-07 23:04:00 --> [DEPRECATED] Function utf8_decode() is deprecated in APPPATH\Controllers\ReciboController.php on line 139.
 1 SYSTEMPATH\CodeIgniter.php(941): App\Controllers\ReciboController->recibo('8')
 2 SYSTEMPATH\CodeIgniter.php(502): CodeIgniter\CodeIgniter->runController(Object(App\Controllers\ReciboController))
 3 SYSTEMPATH\CodeIgniter.php(361): CodeIgniter\CodeIgniter->handleRequest(null, Object(Config\Cache), false)
 4 FCPATH\index.php(79): CodeIgniter\CodeIgniter->run()
WARNING - 2024-07-07 23:04:00 --> [DEPRECATED] Function utf8_decode() is deprecated in APPPATH\Controllers\ReciboController.php on line 139.
 1 SYSTEMPATH\CodeIgniter.php(941): App\Controllers\ReciboController->recibo('8')
 2 SYSTEMPATH\CodeIgniter.php(502): CodeIgniter\CodeIgniter->runController(Object(App\Controllers\ReciboController))
 3 SYSTEMPATH\CodeIgniter.php(361): CodeIgniter\CodeIgniter->handleRequest(null, Object(Config\Cache), false)
 4 FCPATH\index.php(79): CodeIgniter\CodeIgniter->run()
WARNING - 2024-07-07 23:04:00 --> [DEPRECATED] Function utf8_decode() is deprecated in APPPATH\Controllers\ReciboController.php on line 139.
 1 SYSTEMPATH\CodeIgniter.php(941): App\Controllers\ReciboController->recibo('8')
 2 SYSTEMPATH\CodeIgniter.php(502): CodeIgniter\CodeIgniter->runController(Object(App\Controllers\ReciboController))
 3 SYSTEMPATH\CodeIgniter.php(361): CodeIgniter\CodeIgniter->handleRequest(null, Object(Config\Cache), false)
 4 FCPATH\index.php(79): CodeIgniter\CodeIgniter->run()
INFO - 2024-07-07 23:04:19 --> Session: Class initialized using 'CodeIgniter\Session\Handlers\FileHandler' driver.
INFO - 2024-07-07 23:04:53 --> Session: Class initialized using 'CodeIgniter\Session\Handlers\FileHandler' driver.
