INFO - 2024-03-27 06:33:06 --> Session: Class initialized using 'CodeIgniter\Session\Handlers\FileHandler' driver.
INFO - 2024-03-27 06:33:11 --> Session: Class initialized using 'CodeIgniter\Session\Handlers\FileHandler' driver.
CRITICAL - 2024-03-27 06:42:23 --> ErrorException: Undefined array key "inquilino"
in APPPATH\Controllers\ContratoController.php on line 111.
 1 APPPATH\Controllers\ContratoController.php(111): CodeIgniter\Debug\Exceptions->errorHandler(2, 'Undefined array key "inquilino"', 'C:\\xampp\\htdocs\\inmobiliaria\\app\\Controllers\\ContratoController.php', 111)
 2 SYSTEMPATH\CodeIgniter.php(941): App\Controllers\ContratoController->generador()
 3 SYSTEMPATH\CodeIgniter.php(502): CodeIgniter\CodeIgniter->runController(Object(App\Controllers\ContratoController))
 4 SYSTEMPATH\CodeIgniter.php(361): CodeIgniter\CodeIgniter->handleRequest(null, Object(Config\Cache), false)
 5 FCPATH\index.php(79): CodeIgniter\CodeIgniter->run()
INFO - 2024-03-27 06:55:25 --> Session: Class initialized using 'CodeIgniter\Session\Handlers\FileHandler' driver.
INFO - 2024-03-27 06:55:39 --> Session: Class initialized using 'CodeIgniter\Session\Handlers\FileHandler' driver.
INFO - 2024-03-27 06:56:37 --> Session: Class initialized using 'CodeIgniter\Session\Handlers\FileHandler' driver.
CRITICAL - 2024-03-27 06:56:45 --> Error: Class "App\Controllers\InquilinoModel" not found
in APPPATH\Controllers\CobranzaController.php on line 31.
 1 SYSTEMPATH\CodeIgniter.php(941): App\Controllers\CobranzaController->create()
 2 SYSTEMPATH\CodeIgniter.php(502): CodeIgniter\CodeIgniter->runController(Object(App\Controllers\CobranzaController))
 3 SYSTEMPATH\CodeIgniter.php(361): CodeIgniter\CodeIgniter->handleRequest(null, Object(Config\Cache), false)
 4 FCPATH\index.php(79): CodeIgniter\CodeIgniter->run()
INFO - 2024-03-27 06:57:45 --> Session: Class initialized using 'CodeIgniter\Session\Handlers\FileHandler' driver.
INFO - 2024-03-27 06:58:00 --> Session: Class initialized using 'CodeIgniter\Session\Handlers\FileHandler' driver.
INFO - 2024-03-27 06:58:20 --> Session: Class initialized using 'CodeIgniter\Session\Handlers\FileHandler' driver.
INFO - 2024-03-27 07:01:09 --> Session: Class initialized using 'CodeIgniter\Session\Handlers\FileHandler' driver.
INFO - 2024-03-27 07:01:18 --> Session: Class initialized using 'CodeIgniter\Session\Handlers\FileHandler' driver.
INFO - 2024-03-27 07:01:18 --> Session: Class initialized using 'CodeIgniter\Session\Handlers\FileHandler' driver.
INFO - 2024-03-27 07:04:15 --> Session: Class initialized using 'CodeIgniter\Session\Handlers\FileHandler' driver.
INFO - 2024-03-27 07:05:38 --> Session: Class initialized using 'CodeIgniter\Session\Handlers\FileHandler' driver.
INFO - 2024-03-27 07:05:44 --> Session: Class initialized using 'CodeIgniter\Session\Handlers\FileHandler' driver.
INFO - 2024-03-27 07:05:51 --> Session: Class initialized using 'CodeIgniter\Session\Handlers\FileHandler' driver.
INFO - 2024-03-27 07:05:52 --> Session: Class initialized using 'CodeIgniter\Session\Handlers\FileHandler' driver.
INFO - 2024-03-27 07:13:59 --> Session: Class initialized using 'CodeIgniter\Session\Handlers\FileHandler' driver.
INFO - 2024-03-27 07:18:00 --> Session: Class initialized using 'CodeIgniter\Session\Handlers\FileHandler' driver.
INFO - 2024-03-27 07:19:29 --> Session: Class initialized using 'CodeIgniter\Session\Handlers\FileHandler' driver.
CRITICAL - 2024-03-27 07:19:40 --> Error: Class "App\Controllers\ContratoModel" not found
in APPPATH\Controllers\CobranzaController.php on line 149.
 1 SYSTEMPATH\CodeIgniter.php(941): App\Controllers\CobranzaController->delete('22')
 2 SYSTEMPATH\CodeIgniter.php(502): CodeIgniter\CodeIgniter->runController(Object(App\Controllers\CobranzaController))
 3 SYSTEMPATH\CodeIgniter.php(361): CodeIgniter\CodeIgniter->handleRequest(null, Object(Config\Cache), false)
 4 FCPATH\index.php(79): CodeIgniter\CodeIgniter->run()
INFO - 2024-03-27 07:21:17 --> Session: Class initialized using 'CodeIgniter\Session\Handlers\FileHandler' driver.
INFO - 2024-03-27 07:21:18 --> Session: Class initialized using 'CodeIgniter\Session\Handlers\FileHandler' driver.
INFO - 2024-03-27 07:21:24 --> Session: Class initialized using 'CodeIgniter\Session\Handlers\FileHandler' driver.
INFO - 2024-03-27 07:21:25 --> Session: Class initialized using 'CodeIgniter\Session\Handlers\FileHandler' driver.
INFO - 2024-03-27 07:21:32 --> Session: Class initialized using 'CodeIgniter\Session\Handlers\FileHandler' driver.
INFO - 2024-03-27 07:21:32 --> Session: Class initialized using 'CodeIgniter\Session\Handlers\FileHandler' driver.
INFO - 2024-03-27 07:21:38 --> Session: Class initialized using 'CodeIgniter\Session\Handlers\FileHandler' driver.
INFO - 2024-03-27 07:21:38 --> Session: Class initialized using 'CodeIgniter\Session\Handlers\FileHandler' driver.
INFO - 2024-03-27 07:21:47 --> Session: Class initialized using 'CodeIgniter\Session\Handlers\FileHandler' driver.
INFO - 2024-03-27 07:21:48 --> Session: Class initialized using 'CodeIgniter\Session\Handlers\FileHandler' driver.
INFO - 2024-03-27 07:21:56 --> Session: Class initialized using 'CodeIgniter\Session\Handlers\FileHandler' driver.
INFO - 2024-03-27 07:21:56 --> Session: Class initialized using 'CodeIgniter\Session\Handlers\FileHandler' driver.
INFO - 2024-03-27 07:22:03 --> Session: Class initialized using 'CodeIgniter\Session\Handlers\FileHandler' driver.
INFO - 2024-03-27 07:22:04 --> Session: Class initialized using 'CodeIgniter\Session\Handlers\FileHandler' driver.
INFO - 2024-03-27 07:26:32 --> Session: Class initialized using 'CodeIgniter\Session\Handlers\FileHandler' driver.
INFO - 2024-03-27 07:26:38 --> Session: Class initialized using 'CodeIgniter\Session\Handlers\FileHandler' driver.
CRITICAL - 2024-03-27 07:27:05 --> ArgumentCountError: Too few arguments to function App\Controllers\CobranzaController::edit(), 0 passed in C:\xampp\htdocs\inmobiliaria\system\CodeIgniter.php on line 941 and exactly 1 expected
in APPPATH\Controllers\CobranzaController.php on line 84.
 1 SYSTEMPATH\CodeIgniter.php(941): App\Controllers\CobranzaController->edit()
 2 SYSTEMPATH\CodeIgniter.php(502): CodeIgniter\CodeIgniter->runController(Object(App\Controllers\CobranzaController))
 3 SYSTEMPATH\CodeIgniter.php(361): CodeIgniter\CodeIgniter->handleRequest(null, Object(Config\Cache), false)
 4 FCPATH\index.php(79): CodeIgniter\CodeIgniter->run()
INFO - 2024-03-27 07:28:55 --> Session: Class initialized using 'CodeIgniter\Session\Handlers\FileHandler' driver.
INFO - 2024-03-27 07:28:58 --> Session: Class initialized using 'CodeIgniter\Session\Handlers\FileHandler' driver.
INFO - 2024-03-27 07:28:59 --> Session: Class initialized using 'CodeIgniter\Session\Handlers\FileHandler' driver.
INFO - 2024-03-27 07:28:59 --> Session: Class initialized using 'CodeIgniter\Session\Handlers\FileHandler' driver.
INFO - 2024-03-27 07:29:00 --> Session: Class initialized using 'CodeIgniter\Session\Handlers\FileHandler' driver.
INFO - 2024-03-27 07:29:00 --> Session: Class initialized using 'CodeIgniter\Session\Handlers\FileHandler' driver.
INFO - 2024-03-27 07:29:01 --> Session: Class initialized using 'CodeIgniter\Session\Handlers\FileHandler' driver.
INFO - 2024-03-27 07:29:02 --> Session: Class initialized using 'CodeIgniter\Session\Handlers\FileHandler' driver.
INFO - 2024-03-27 07:33:02 --> Session: Class initialized using 'CodeIgniter\Session\Handlers\FileHandler' driver.
INFO - 2024-03-27 07:33:10 --> Session: Class initialized using 'CodeIgniter\Session\Handlers\FileHandler' driver.
CRITICAL - 2024-03-27 07:40:14 --> ErrorException: Undefined variable $iva
in APPPATH\Views\cobranza\crear.php on line 134.
 1 APPPATH\Views\cobranza\crear.php(134): CodeIgniter\Debug\Exceptions->errorHandler(2, 'Undefined variable $iva', 'C:\\xampp\\htdocs\\inmobiliaria\\app\\Views\\cobranza\\crear.php', 134)
 2 SYSTEMPATH\View\View.php(228): include('C:\\xampp\\htdocs\\inmobiliaria\\app\\Views\\cobranza\\crear.php')
 3 SYSTEMPATH\View\View.php(231): CodeIgniter\View\View->CodeIgniter\View\{closure}()
 4 SYSTEMPATH\Common.php(1178): CodeIgniter\View\View->render('cobranza/crear.php', [], true)
 5 APPPATH\Controllers\CobranzaController.php(35): view('cobranza/crear.php', [...])
 6 SYSTEMPATH\CodeIgniter.php(941): App\Controllers\CobranzaController->create()
 7 SYSTEMPATH\CodeIgniter.php(502): CodeIgniter\CodeIgniter->runController(Object(App\Controllers\CobranzaController))
 8 SYSTEMPATH\CodeIgniter.php(361): CodeIgniter\CodeIgniter->handleRequest(null, Object(Config\Cache), false)
 9 FCPATH\index.php(79): CodeIgniter\CodeIgniter->run()
INFO - 2024-03-27 07:40:44 --> Session: Class initialized using 'CodeIgniter\Session\Handlers\FileHandler' driver.
INFO - 2024-03-27 07:58:48 --> Session: Class initialized using 'CodeIgniter\Session\Handlers\FileHandler' driver.
INFO - 2024-03-27 08:00:04 --> Session: Class initialized using 'CodeIgniter\Session\Handlers\FileHandler' driver.
INFO - 2024-03-27 08:08:52 --> Session: Class initialized using 'CodeIgniter\Session\Handlers\FileHandler' driver.
INFO - 2024-03-27 08:09:22 --> Session: Class initialized using 'CodeIgniter\Session\Handlers\FileHandler' driver.
INFO - 2024-03-27 08:11:49 --> Session: Class initialized using 'CodeIgniter\Session\Handlers\FileHandler' driver.
INFO - 2024-03-27 08:12:49 --> Session: Class initialized using 'CodeIgniter\Session\Handlers\FileHandler' driver.
INFO - 2024-03-27 08:13:12 --> Session: Class initialized using 'CodeIgniter\Session\Handlers\FileHandler' driver.
INFO - 2024-03-27 08:23:46 --> Session: Class initialized using 'CodeIgniter\Session\Handlers\FileHandler' driver.
INFO - 2024-03-27 08:23:54 --> Session: Class initialized using 'CodeIgniter\Session\Handlers\FileHandler' driver.
INFO - 2024-03-27 08:23:57 --> Session: Class initialized using 'CodeIgniter\Session\Handlers\FileHandler' driver.
INFO - 2024-03-27 08:23:58 --> Session: Class initialized using 'CodeIgniter\Session\Handlers\FileHandler' driver.
INFO - 2024-03-27 08:23:58 --> Session: Class initialized using 'CodeIgniter\Session\Handlers\FileHandler' driver.
INFO - 2024-03-27 08:23:59 --> Session: Class initialized using 'CodeIgniter\Session\Handlers\FileHandler' driver.
INFO - 2024-03-27 08:23:59 --> Session: Class initialized using 'CodeIgniter\Session\Handlers\FileHandler' driver.
INFO - 2024-03-27 08:24:00 --> Session: Class initialized using 'CodeIgniter\Session\Handlers\FileHandler' driver.
INFO - 2024-03-27 08:24:01 --> Session: Class initialized using 'CodeIgniter\Session\Handlers\FileHandler' driver.
INFO - 2024-03-27 08:24:23 --> Session: Class initialized using 'CodeIgniter\Session\Handlers\FileHandler' driver.
INFO - 2024-03-27 08:24:26 --> Session: Class initialized using 'CodeIgniter\Session\Handlers\FileHandler' driver.
INFO - 2024-03-27 08:24:26 --> Session: Class initialized using 'CodeIgniter\Session\Handlers\FileHandler' driver.
INFO - 2024-03-27 08:24:27 --> Session: Class initialized using 'CodeIgniter\Session\Handlers\FileHandler' driver.
INFO - 2024-03-27 08:24:27 --> Session: Class initialized using 'CodeIgniter\Session\Handlers\FileHandler' driver.
INFO - 2024-03-27 08:24:28 --> Session: Class initialized using 'CodeIgniter\Session\Handlers\FileHandler' driver.
INFO - 2024-03-27 08:24:28 --> Session: Class initialized using 'CodeIgniter\Session\Handlers\FileHandler' driver.
INFO - 2024-03-27 08:24:29 --> Session: Class initialized using 'CodeIgniter\Session\Handlers\FileHandler' driver.
INFO - 2024-03-27 08:36:35 --> Session: Class initialized using 'CodeIgniter\Session\Handlers\FileHandler' driver.
INFO - 2024-03-27 08:36:40 --> Session: Class initialized using 'CodeIgniter\Session\Handlers\FileHandler' driver.
INFO - 2024-03-27 08:36:40 --> Session: Class initialized using 'CodeIgniter\Session\Handlers\FileHandler' driver.
INFO - 2024-03-27 08:36:41 --> Session: Class initialized using 'CodeIgniter\Session\Handlers\FileHandler' driver.
INFO - 2024-03-27 08:36:41 --> Session: Class initialized using 'CodeIgniter\Session\Handlers\FileHandler' driver.
INFO - 2024-03-27 08:36:42 --> Session: Class initialized using 'CodeIgniter\Session\Handlers\FileHandler' driver.
INFO - 2024-03-27 08:36:43 --> Session: Class initialized using 'CodeIgniter\Session\Handlers\FileHandler' driver.
INFO - 2024-03-27 08:36:43 --> Session: Class initialized using 'CodeIgniter\Session\Handlers\FileHandler' driver.
CRITICAL - 2024-03-27 08:42:07 --> ErrorException: Undefined array key "cvperiodo"
in APPPATH\Views\cobranza\editar.php on line 100.
 1 APPPATH\Views\cobranza\editar.php(100): CodeIgniter\Debug\Exceptions->errorHandler(2, 'Undefined array key "cvperiodo"', 'C:\\xampp\\htdocs\\inmobiliaria\\app\\Views\\cobranza\\editar.php', 100)
 2 SYSTEMPATH\View\View.php(228): include('C:\\xampp\\htdocs\\inmobiliaria\\app\\Views\\cobranza\\editar.php')
 3 SYSTEMPATH\View\View.php(231): CodeIgniter\View\View->CodeIgniter\View\{closure}()
 4 SYSTEMPATH\Common.php(1178): CodeIgniter\View\View->render('cobranza/editar', [], true)
 5 APPPATH\Controllers\CobranzaController.php(87): view('cobranza/editar', [...])
 6 SYSTEMPATH\CodeIgniter.php(941): App\Controllers\CobranzaController->edit('15')
 7 SYSTEMPATH\CodeIgniter.php(502): CodeIgniter\CodeIgniter->runController(Object(App\Controllers\CobranzaController))
 8 SYSTEMPATH\CodeIgniter.php(361): CodeIgniter\CodeIgniter->handleRequest(null, Object(Config\Cache), false)
 9 FCPATH\index.php(79): CodeIgniter\CodeIgniter->run()
INFO - 2024-03-27 08:42:38 --> Session: Class initialized using 'CodeIgniter\Session\Handlers\FileHandler' driver.
CRITICAL - 2024-03-27 08:42:41 --> ErrorException: Trying to access array offset on value of type null
in APPPATH\Views\cobranza\editar.php on line 74.
 1 APPPATH\Views\cobranza\editar.php(74): CodeIgniter\Debug\Exceptions->errorHandler(2, 'Trying to access array offset on value of type null', 'C:\\xampp\\htdocs\\inmobiliaria\\app\\Views\\cobranza\\editar.php', 74)
 2 SYSTEMPATH\View\View.php(228): include('C:\\xampp\\htdocs\\inmobiliaria\\app\\Views\\cobranza\\editar.php')
 3 SYSTEMPATH\View\View.php(231): CodeIgniter\View\View->CodeIgniter\View\{closure}()
 4 SYSTEMPATH\Common.php(1178): CodeIgniter\View\View->render('cobranza/editar', [], true)
 5 APPPATH\Controllers\CobranzaController.php(87): view('cobranza/editar', [...])
 6 SYSTEMPATH\CodeIgniter.php(941): App\Controllers\CobranzaController->edit('app-assets', 'images', 'portrait', 'small', 'avatar-s-2.png')
 7 SYSTEMPATH\CodeIgniter.php(502): CodeIgniter\CodeIgniter->runController(Object(App\Controllers\CobranzaController))
 8 SYSTEMPATH\CodeIgniter.php(361): CodeIgniter\CodeIgniter->handleRequest(null, Object(Config\Cache), false)
 9 FCPATH\index.php(79): CodeIgniter\CodeIgniter->run()
CRITICAL - 2024-03-27 08:42:42 --> ErrorException: Trying to access array offset on value of type null
in APPPATH\Views\cobranza\editar.php on line 74.
 1 APPPATH\Views\cobranza\editar.php(74): CodeIgniter\Debug\Exceptions->errorHandler(2, 'Trying to access array offset on value of type null', 'C:\\xampp\\htdocs\\inmobiliaria\\app\\Views\\cobranza\\editar.php', 74)
 2 SYSTEMPATH\View\View.php(228): include('C:\\xampp\\htdocs\\inmobiliaria\\app\\Views\\cobranza\\editar.php')
 3 SYSTEMPATH\View\View.php(231): CodeIgniter\View\View->CodeIgniter\View\{closure}()
 4 SYSTEMPATH\Common.php(1178): CodeIgniter\View\View->render('cobranza/editar', [], true)
 5 APPPATH\Controllers\CobranzaController.php(87): view('cobranza/editar', [...])
 6 SYSTEMPATH\CodeIgniter.php(941): App\Controllers\CobranzaController->edit('app-assets', 'images', 'logo', 'robust-logo-light.png')
 7 SYSTEMPATH\CodeIgniter.php(502): CodeIgniter\CodeIgniter->runController(Object(App\Controllers\CobranzaController))
 8 SYSTEMPATH\CodeIgniter.php(361): CodeIgniter\CodeIgniter->handleRequest(null, Object(Config\Cache), false)
 9 FCPATH\index.php(79): CodeIgniter\CodeIgniter->run()
CRITICAL - 2024-03-27 08:42:42 --> ErrorException: Trying to access array offset on value of type null
in APPPATH\Views\cobranza\editar.php on line 74.
 1 APPPATH\Views\cobranza\editar.php(74): CodeIgniter\Debug\Exceptions->errorHandler(2, 'Trying to access array offset on value of type null', 'C:\\xampp\\htdocs\\inmobiliaria\\app\\Views\\cobranza\\editar.php', 74)
 2 SYSTEMPATH\View\View.php(228): include('C:\\xampp\\htdocs\\inmobiliaria\\app\\Views\\cobranza\\editar.php')
 3 SYSTEMPATH\View\View.php(231): CodeIgniter\View\View->CodeIgniter\View\{closure}()
 4 SYSTEMPATH\Common.php(1178): CodeIgniter\View\View->render('cobranza/editar', [], true)
 5 APPPATH\Controllers\CobranzaController.php(87): view('cobranza/editar', [...])
 6 SYSTEMPATH\CodeIgniter.php(941): App\Controllers\CobranzaController->edit('app-assets', 'images', 'portrait', 'small', 'avatar-s-1.png')
 7 SYSTEMPATH\CodeIgniter.php(502): CodeIgniter\CodeIgniter->runController(Object(App\Controllers\CobranzaController))
 8 SYSTEMPATH\CodeIgniter.php(361): CodeIgniter\CodeIgniter->handleRequest(null, Object(Config\Cache), false)
 9 FCPATH\index.php(79): CodeIgniter\CodeIgniter->run()
CRITICAL - 2024-03-27 08:42:42 --> ErrorException: Trying to access array offset on value of type null
in APPPATH\Views\cobranza\editar.php on line 74.
 1 APPPATH\Views\cobranza\editar.php(74): CodeIgniter\Debug\Exceptions->errorHandler(2, 'Trying to access array offset on value of type null', 'C:\\xampp\\htdocs\\inmobiliaria\\app\\Views\\cobranza\\editar.php', 74)
 2 SYSTEMPATH\View\View.php(228): include('C:\\xampp\\htdocs\\inmobiliaria\\app\\Views\\cobranza\\editar.php')
 3 SYSTEMPATH\View\View.php(231): CodeIgniter\View\View->CodeIgniter\View\{closure}()
 4 SYSTEMPATH\Common.php(1178): CodeIgniter\View\View->render('cobranza/editar', [], true)
 5 APPPATH\Controllers\CobranzaController.php(87): view('cobranza/editar', [...])
 6 SYSTEMPATH\CodeIgniter.php(941): App\Controllers\CobranzaController->edit('app-assets', 'images', 'portrait', 'small', 'avatar-s-3.png')
 7 SYSTEMPATH\CodeIgniter.php(502): CodeIgniter\CodeIgniter->runController(Object(App\Controllers\CobranzaController))
 8 SYSTEMPATH\CodeIgniter.php(361): CodeIgniter\CodeIgniter->handleRequest(null, Object(Config\Cache), false)
 9 FCPATH\index.php(79): CodeIgniter\CodeIgniter->run()
CRITICAL - 2024-03-27 08:42:42 --> ErrorException: Trying to access array offset on value of type null
in APPPATH\Views\cobranza\editar.php on line 74.
 1 APPPATH\Views\cobranza\editar.php(74): CodeIgniter\Debug\Exceptions->errorHandler(2, 'Trying to access array offset on value of type null', 'C:\\xampp\\htdocs\\inmobiliaria\\app\\Views\\cobranza\\editar.php', 74)
 2 SYSTEMPATH\View\View.php(228): include('C:\\xampp\\htdocs\\inmobiliaria\\app\\Views\\cobranza\\editar.php')
 3 SYSTEMPATH\View\View.php(231): CodeIgniter\View\View->CodeIgniter\View\{closure}()
 4 SYSTEMPATH\Common.php(1178): CodeIgniter\View\View->render('cobranza/editar', [], true)
 5 APPPATH\Controllers\CobranzaController.php(87): view('cobranza/editar', [...])
 6 SYSTEMPATH\CodeIgniter.php(941): App\Controllers\CobranzaController->edit('app-assets', 'images', 'portrait', 'small', 'avatar-s-6.png')
 7 SYSTEMPATH\CodeIgniter.php(502): CodeIgniter\CodeIgniter->runController(Object(App\Controllers\CobranzaController))
 8 SYSTEMPATH\CodeIgniter.php(361): CodeIgniter\CodeIgniter->handleRequest(null, Object(Config\Cache), false)
 9 FCPATH\index.php(79): CodeIgniter\CodeIgniter->run()
CRITICAL - 2024-03-27 08:42:42 --> ErrorException: Trying to access array offset on value of type null
in APPPATH\Views\cobranza\editar.php on line 74.
 1 APPPATH\Views\cobranza\editar.php(74): CodeIgniter\Debug\Exceptions->errorHandler(2, 'Trying to access array offset on value of type null', 'C:\\xampp\\htdocs\\inmobiliaria\\app\\Views\\cobranza\\editar.php', 74)
 2 SYSTEMPATH\View\View.php(228): include('C:\\xampp\\htdocs\\inmobiliaria\\app\\Views\\cobranza\\editar.php')
 3 SYSTEMPATH\View\View.php(231): CodeIgniter\View\View->CodeIgniter\View\{closure}()
 4 SYSTEMPATH\Common.php(1178): CodeIgniter\View\View->render('cobranza/editar', [], true)
 5 APPPATH\Controllers\CobranzaController.php(87): view('cobranza/editar', [...])
 6 SYSTEMPATH\CodeIgniter.php(941): App\Controllers\CobranzaController->edit('app-assets', 'js', 'core', 'app-menu.js')
 7 SYSTEMPATH\CodeIgniter.php(502): CodeIgniter\CodeIgniter->runController(Object(App\Controllers\CobranzaController))
 8 SYSTEMPATH\CodeIgniter.php(361): CodeIgniter\CodeIgniter->handleRequest(null, Object(Config\Cache), false)
 9 FCPATH\index.php(79): CodeIgniter\CodeIgniter->run()
CRITICAL - 2024-03-27 08:42:42 --> ErrorException: Trying to access array offset on value of type null
in APPPATH\Views\cobranza\editar.php on line 74.
 1 APPPATH\Views\cobranza\editar.php(74): CodeIgniter\Debug\Exceptions->errorHandler(2, 'Trying to access array offset on value of type null', 'C:\\xampp\\htdocs\\inmobiliaria\\app\\Views\\cobranza\\editar.php', 74)
 2 SYSTEMPATH\View\View.php(228): include('C:\\xampp\\htdocs\\inmobiliaria\\app\\Views\\cobranza\\editar.php')
 3 SYSTEMPATH\View\View.php(231): CodeIgniter\View\View->CodeIgniter\View\{closure}()
 4 SYSTEMPATH\Common.php(1178): CodeIgniter\View\View->render('cobranza/editar', [], true)
 5 APPPATH\Controllers\CobranzaController.php(87): view('cobranza/editar', [...])
 6 SYSTEMPATH\CodeIgniter.php(941): App\Controllers\CobranzaController->edit('app-assets', 'js', 'core', 'app.js')
 7 SYSTEMPATH\CodeIgniter.php(502): CodeIgniter\CodeIgniter->runController(Object(App\Controllers\CobranzaController))
 8 SYSTEMPATH\CodeIgniter.php(361): CodeIgniter\CodeIgniter->handleRequest(null, Object(Config\Cache), false)
 9 FCPATH\index.php(79): CodeIgniter\CodeIgniter->run()
CRITICAL - 2024-03-27 08:45:36 --> ErrorException: Undefined array key "codigo_inmueble"
in APPPATH\Views\cobranza\editar.php on line 42.
 1 APPPATH\Views\cobranza\editar.php(42): CodeIgniter\Debug\Exceptions->errorHandler(2, 'Undefined array key "codigo_inmueble"', 'C:\\xampp\\htdocs\\inmobiliaria\\app\\Views\\cobranza\\editar.php', 42)
 2 SYSTEMPATH\View\View.php(228): include('C:\\xampp\\htdocs\\inmobiliaria\\app\\Views\\cobranza\\editar.php')
 3 SYSTEMPATH\View\View.php(231): CodeIgniter\View\View->CodeIgniter\View\{closure}()
 4 SYSTEMPATH\Common.php(1178): CodeIgniter\View\View->render('cobranza/editar', [], true)
 5 APPPATH\Controllers\CobranzaController.php(87): view('cobranza/editar', [...])
 6 SYSTEMPATH\CodeIgniter.php(941): App\Controllers\CobranzaController->edit('15')
 7 SYSTEMPATH\CodeIgniter.php(502): CodeIgniter\CodeIgniter->runController(Object(App\Controllers\CobranzaController))
 8 SYSTEMPATH\CodeIgniter.php(361): CodeIgniter\CodeIgniter->handleRequest(null, Object(Config\Cache), false)
 9 FCPATH\index.php(79): CodeIgniter\CodeIgniter->run()
INFO - 2024-03-27 08:46:16 --> Session: Class initialized using 'CodeIgniter\Session\Handlers\FileHandler' driver.
CRITICAL - 2024-03-27 08:46:19 --> ErrorException: Trying to access array offset on value of type null
in APPPATH\Views\cobranza\editar.php on line 42.
 1 APPPATH\Views\cobranza\editar.php(42): CodeIgniter\Debug\Exceptions->errorHandler(2, 'Trying to access array offset on value of type null', 'C:\\xampp\\htdocs\\inmobiliaria\\app\\Views\\cobranza\\editar.php', 42)
 2 SYSTEMPATH\View\View.php(228): include('C:\\xampp\\htdocs\\inmobiliaria\\app\\Views\\cobranza\\editar.php')
 3 SYSTEMPATH\View\View.php(231): CodeIgniter\View\View->CodeIgniter\View\{closure}()
 4 SYSTEMPATH\Common.php(1178): CodeIgniter\View\View->render('cobranza/editar', [], true)
 5 APPPATH\Controllers\CobranzaController.php(87): view('cobranza/editar', [...])
 6 SYSTEMPATH\CodeIgniter.php(941): App\Controllers\CobranzaController->edit('app-assets', 'images', 'portrait', 'small', 'avatar-s-1.png')
 7 SYSTEMPATH\CodeIgniter.php(502): CodeIgniter\CodeIgniter->runController(Object(App\Controllers\CobranzaController))
 8 SYSTEMPATH\CodeIgniter.php(361): CodeIgniter\CodeIgniter->handleRequest(null, Object(Config\Cache), false)
 9 FCPATH\index.php(79): CodeIgniter\CodeIgniter->run()
CRITICAL - 2024-03-27 08:46:19 --> ErrorException: Trying to access array offset on value of type null
in APPPATH\Views\cobranza\editar.php on line 42.
 1 APPPATH\Views\cobranza\editar.php(42): CodeIgniter\Debug\Exceptions->errorHandler(2, 'Trying to access array offset on value of type null', 'C:\\xampp\\htdocs\\inmobiliaria\\app\\Views\\cobranza\\editar.php', 42)
 2 SYSTEMPATH\View\View.php(228): include('C:\\xampp\\htdocs\\inmobiliaria\\app\\Views\\cobranza\\editar.php')
 3 SYSTEMPATH\View\View.php(231): CodeIgniter\View\View->CodeIgniter\View\{closure}()
 4 SYSTEMPATH\Common.php(1178): CodeIgniter\View\View->render('cobranza/editar', [], true)
 5 APPPATH\Controllers\CobranzaController.php(87): view('cobranza/editar', [...])
 6 SYSTEMPATH\CodeIgniter.php(941): App\Controllers\CobranzaController->edit('app-assets', 'images', 'portrait', 'small', 'avatar-s-2.png')
 7 SYSTEMPATH\CodeIgniter.php(502): CodeIgniter\CodeIgniter->runController(Object(App\Controllers\CobranzaController))
 8 SYSTEMPATH\CodeIgniter.php(361): CodeIgniter\CodeIgniter->handleRequest(null, Object(Config\Cache), false)
 9 FCPATH\index.php(79): CodeIgniter\CodeIgniter->run()
CRITICAL - 2024-03-27 08:46:19 --> ErrorException: Trying to access array offset on value of type null
in APPPATH\Views\cobranza\editar.php on line 42.
 1 APPPATH\Views\cobranza\editar.php(42): CodeIgniter\Debug\Exceptions->errorHandler(2, 'Trying to access array offset on value of type null', 'C:\\xampp\\htdocs\\inmobiliaria\\app\\Views\\cobranza\\editar.php', 42)
 2 SYSTEMPATH\View\View.php(228): include('C:\\xampp\\htdocs\\inmobiliaria\\app\\Views\\cobranza\\editar.php')
 3 SYSTEMPATH\View\View.php(231): CodeIgniter\View\View->CodeIgniter\View\{closure}()
 4 SYSTEMPATH\Common.php(1178): CodeIgniter\View\View->render('cobranza/editar', [], true)
 5 APPPATH\Controllers\CobranzaController.php(87): view('cobranza/editar', [...])
 6 SYSTEMPATH\CodeIgniter.php(941): App\Controllers\CobranzaController->edit('app-assets', 'images', 'portrait', 'small', 'avatar-s-3.png')
 7 SYSTEMPATH\CodeIgniter.php(502): CodeIgniter\CodeIgniter->runController(Object(App\Controllers\CobranzaController))
 8 SYSTEMPATH\CodeIgniter.php(361): CodeIgniter\CodeIgniter->handleRequest(null, Object(Config\Cache), false)
 9 FCPATH\index.php(79): CodeIgniter\CodeIgniter->run()
CRITICAL - 2024-03-27 08:46:19 --> ErrorException: Trying to access array offset on value of type null
in APPPATH\Views\cobranza\editar.php on line 42.
 1 APPPATH\Views\cobranza\editar.php(42): CodeIgniter\Debug\Exceptions->errorHandler(2, 'Trying to access array offset on value of type null', 'C:\\xampp\\htdocs\\inmobiliaria\\app\\Views\\cobranza\\editar.php', 42)
 2 SYSTEMPATH\View\View.php(228): include('C:\\xampp\\htdocs\\inmobiliaria\\app\\Views\\cobranza\\editar.php')
 3 SYSTEMPATH\View\View.php(231): CodeIgniter\View\View->CodeIgniter\View\{closure}()
 4 SYSTEMPATH\Common.php(1178): CodeIgniter\View\View->render('cobranza/editar', [], true)
 5 APPPATH\Controllers\CobranzaController.php(87): view('cobranza/editar', [...])
 6 SYSTEMPATH\CodeIgniter.php(941): App\Controllers\CobranzaController->edit('app-assets', 'images', 'logo', 'robust-logo-light.png')
 7 SYSTEMPATH\CodeIgniter.php(502): CodeIgniter\CodeIgniter->runController(Object(App\Controllers\CobranzaController))
 8 SYSTEMPATH\CodeIgniter.php(361): CodeIgniter\CodeIgniter->handleRequest(null, Object(Config\Cache), false)
 9 FCPATH\index.php(79): CodeIgniter\CodeIgniter->run()
CRITICAL - 2024-03-27 08:46:20 --> ErrorException: Trying to access array offset on value of type null
in APPPATH\Views\cobranza\editar.php on line 42.
 1 APPPATH\Views\cobranza\editar.php(42): CodeIgniter\Debug\Exceptions->errorHandler(2, 'Trying to access array offset on value of type null', 'C:\\xampp\\htdocs\\inmobiliaria\\app\\Views\\cobranza\\editar.php', 42)
 2 SYSTEMPATH\View\View.php(228): include('C:\\xampp\\htdocs\\inmobiliaria\\app\\Views\\cobranza\\editar.php')
 3 SYSTEMPATH\View\View.php(231): CodeIgniter\View\View->CodeIgniter\View\{closure}()
 4 SYSTEMPATH\Common.php(1178): CodeIgniter\View\View->render('cobranza/editar', [], true)
 5 APPPATH\Controllers\CobranzaController.php(87): view('cobranza/editar', [...])
 6 SYSTEMPATH\CodeIgniter.php(941): App\Controllers\CobranzaController->edit('app-assets', 'images', 'portrait', 'small', 'avatar-s-6.png')
 7 SYSTEMPATH\CodeIgniter.php(502): CodeIgniter\CodeIgniter->runController(Object(App\Controllers\CobranzaController))
 8 SYSTEMPATH\CodeIgniter.php(361): CodeIgniter\CodeIgniter->handleRequest(null, Object(Config\Cache), false)
 9 FCPATH\index.php(79): CodeIgniter\CodeIgniter->run()
CRITICAL - 2024-03-27 08:46:20 --> ErrorException: Trying to access array offset on value of type null
in APPPATH\Views\cobranza\editar.php on line 42.
 1 APPPATH\Views\cobranza\editar.php(42): CodeIgniter\Debug\Exceptions->errorHandler(2, 'Trying to access array offset on value of type null', 'C:\\xampp\\htdocs\\inmobiliaria\\app\\Views\\cobranza\\editar.php', 42)
 2 SYSTEMPATH\View\View.php(228): include('C:\\xampp\\htdocs\\inmobiliaria\\app\\Views\\cobranza\\editar.php')
 3 SYSTEMPATH\View\View.php(231): CodeIgniter\View\View->CodeIgniter\View\{closure}()
 4 SYSTEMPATH\Common.php(1178): CodeIgniter\View\View->render('cobranza/editar', [], true)
 5 APPPATH\Controllers\CobranzaController.php(87): view('cobranza/editar', [...])
 6 SYSTEMPATH\CodeIgniter.php(941): App\Controllers\CobranzaController->edit('app-assets', 'js', 'core', 'app-menu.js')
 7 SYSTEMPATH\CodeIgniter.php(502): CodeIgniter\CodeIgniter->runController(Object(App\Controllers\CobranzaController))
 8 SYSTEMPATH\CodeIgniter.php(361): CodeIgniter\CodeIgniter->handleRequest(null, Object(Config\Cache), false)
 9 FCPATH\index.php(79): CodeIgniter\CodeIgniter->run()
CRITICAL - 2024-03-27 08:46:20 --> ErrorException: Trying to access array offset on value of type null
in APPPATH\Views\cobranza\editar.php on line 42.
 1 APPPATH\Views\cobranza\editar.php(42): CodeIgniter\Debug\Exceptions->errorHandler(2, 'Trying to access array offset on value of type null', 'C:\\xampp\\htdocs\\inmobiliaria\\app\\Views\\cobranza\\editar.php', 42)
 2 SYSTEMPATH\View\View.php(228): include('C:\\xampp\\htdocs\\inmobiliaria\\app\\Views\\cobranza\\editar.php')
 3 SYSTEMPATH\View\View.php(231): CodeIgniter\View\View->CodeIgniter\View\{closure}()
 4 SYSTEMPATH\Common.php(1178): CodeIgniter\View\View->render('cobranza/editar', [], true)
 5 APPPATH\Controllers\CobranzaController.php(87): view('cobranza/editar', [...])
 6 SYSTEMPATH\CodeIgniter.php(941): App\Controllers\CobranzaController->edit('app-assets', 'js', 'core', 'app.js')
 7 SYSTEMPATH\CodeIgniter.php(502): CodeIgniter\CodeIgniter->runController(Object(App\Controllers\CobranzaController))
 8 SYSTEMPATH\CodeIgniter.php(361): CodeIgniter\CodeIgniter->handleRequest(null, Object(Config\Cache), false)
 9 FCPATH\index.php(79): CodeIgniter\CodeIgniter->run()
INFO - 2024-03-27 08:48:56 --> Session: Class initialized using 'CodeIgniter\Session\Handlers\FileHandler' driver.
CRITICAL - 2024-03-27 08:48:59 --> ErrorException: Trying to access array offset on value of type null
in APPPATH\Views\cobranza\editar.php on line 42.
 1 APPPATH\Views\cobranza\editar.php(42): CodeIgniter\Debug\Exceptions->errorHandler(2, 'Trying to access array offset on value of type null', 'C:\\xampp\\htdocs\\inmobiliaria\\app\\Views\\cobranza\\editar.php', 42)
 2 SYSTEMPATH\View\View.php(228): include('C:\\xampp\\htdocs\\inmobiliaria\\app\\Views\\cobranza\\editar.php')
 3 SYSTEMPATH\View\View.php(231): CodeIgniter\View\View->CodeIgniter\View\{closure}()
 4 SYSTEMPATH\Common.php(1178): CodeIgniter\View\View->render('cobranza/editar', [], true)
 5 APPPATH\Controllers\CobranzaController.php(87): view('cobranza/editar', [...])
 6 SYSTEMPATH\CodeIgniter.php(941): App\Controllers\CobranzaController->edit('app-assets', 'images', 'portrait', 'small', 'avatar-s-1.png')
 7 SYSTEMPATH\CodeIgniter.php(502): CodeIgniter\CodeIgniter->runController(Object(App\Controllers\CobranzaController))
 8 SYSTEMPATH\CodeIgniter.php(361): CodeIgniter\CodeIgniter->handleRequest(null, Object(Config\Cache), false)
 9 FCPATH\index.php(79): CodeIgniter\CodeIgniter->run()
CRITICAL - 2024-03-27 08:48:59 --> ErrorException: Trying to access array offset on value of type null
in APPPATH\Views\cobranza\editar.php on line 42.
 1 APPPATH\Views\cobranza\editar.php(42): CodeIgniter\Debug\Exceptions->errorHandler(2, 'Trying to access array offset on value of type null', 'C:\\xampp\\htdocs\\inmobiliaria\\app\\Views\\cobranza\\editar.php', 42)
 2 SYSTEMPATH\View\View.php(228): include('C:\\xampp\\htdocs\\inmobiliaria\\app\\Views\\cobranza\\editar.php')
 3 SYSTEMPATH\View\View.php(231): CodeIgniter\View\View->CodeIgniter\View\{closure}()
 4 SYSTEMPATH\Common.php(1178): CodeIgniter\View\View->render('cobranza/editar', [], true)
 5 APPPATH\Controllers\CobranzaController.php(87): view('cobranza/editar', [...])
 6 SYSTEMPATH\CodeIgniter.php(941): App\Controllers\CobranzaController->edit('app-assets', 'js', 'core', 'app-menu.js')
 7 SYSTEMPATH\CodeIgniter.php(502): CodeIgniter\CodeIgniter->runController(Object(App\Controllers\CobranzaController))
 8 SYSTEMPATH\CodeIgniter.php(361): CodeIgniter\CodeIgniter->handleRequest(null, Object(Config\Cache), false)
 9 FCPATH\index.php(79): CodeIgniter\CodeIgniter->run()
CRITICAL - 2024-03-27 08:48:59 --> ErrorException: Trying to access array offset on value of type null
in APPPATH\Views\cobranza\editar.php on line 42.
 1 APPPATH\Views\cobranza\editar.php(42): CodeIgniter\Debug\Exceptions->errorHandler(2, 'Trying to access array offset on value of type null', 'C:\\xampp\\htdocs\\inmobiliaria\\app\\Views\\cobranza\\editar.php', 42)
 2 SYSTEMPATH\View\View.php(228): include('C:\\xampp\\htdocs\\inmobiliaria\\app\\Views\\cobranza\\editar.php')
 3 SYSTEMPATH\View\View.php(231): CodeIgniter\View\View->CodeIgniter\View\{closure}()
 4 SYSTEMPATH\Common.php(1178): CodeIgniter\View\View->render('cobranza/editar', [], true)
 5 APPPATH\Controllers\CobranzaController.php(87): view('cobranza/editar', [...])
 6 SYSTEMPATH\CodeIgniter.php(941): App\Controllers\CobranzaController->edit('app-assets', 'images', 'portrait', 'small', 'avatar-s-6.png')
 7 SYSTEMPATH\CodeIgniter.php(502): CodeIgniter\CodeIgniter->runController(Object(App\Controllers\CobranzaController))
 8 SYSTEMPATH\CodeIgniter.php(361): CodeIgniter\CodeIgniter->handleRequest(null, Object(Config\Cache), false)
 9 FCPATH\index.php(79): CodeIgniter\CodeIgniter->run()
CRITICAL - 2024-03-27 08:48:59 --> ErrorException: Trying to access array offset on value of type null
in APPPATH\Views\cobranza\editar.php on line 42.
 1 APPPATH\Views\cobranza\editar.php(42): CodeIgniter\Debug\Exceptions->errorHandler(2, 'Trying to access array offset on value of type null', 'C:\\xampp\\htdocs\\inmobiliaria\\app\\Views\\cobranza\\editar.php', 42)
 2 SYSTEMPATH\View\View.php(228): include('C:\\xampp\\htdocs\\inmobiliaria\\app\\Views\\cobranza\\editar.php')
 3 SYSTEMPATH\View\View.php(231): CodeIgniter\View\View->CodeIgniter\View\{closure}()
 4 SYSTEMPATH\Common.php(1178): CodeIgniter\View\View->render('cobranza/editar', [], true)
 5 APPPATH\Controllers\CobranzaController.php(87): view('cobranza/editar', [...])
 6 SYSTEMPATH\CodeIgniter.php(941): App\Controllers\CobranzaController->edit('app-assets', 'images', 'portrait', 'small', 'avatar-s-3.png')
 7 SYSTEMPATH\CodeIgniter.php(502): CodeIgniter\CodeIgniter->runController(Object(App\Controllers\CobranzaController))
 8 SYSTEMPATH\CodeIgniter.php(361): CodeIgniter\CodeIgniter->handleRequest(null, Object(Config\Cache), false)
 9 FCPATH\index.php(79): CodeIgniter\CodeIgniter->run()
CRITICAL - 2024-03-27 08:48:59 --> ErrorException: Trying to access array offset on value of type null
in APPPATH\Views\cobranza\editar.php on line 42.
 1 APPPATH\Views\cobranza\editar.php(42): CodeIgniter\Debug\Exceptions->errorHandler(2, 'Trying to access array offset on value of type null', 'C:\\xampp\\htdocs\\inmobiliaria\\app\\Views\\cobranza\\editar.php', 42)
 2 SYSTEMPATH\View\View.php(228): include('C:\\xampp\\htdocs\\inmobiliaria\\app\\Views\\cobranza\\editar.php')
 3 SYSTEMPATH\View\View.php(231): CodeIgniter\View\View->CodeIgniter\View\{closure}()
 4 SYSTEMPATH\Common.php(1178): CodeIgniter\View\View->render('cobranza/editar', [], true)
 5 APPPATH\Controllers\CobranzaController.php(87): view('cobranza/editar', [...])
 6 SYSTEMPATH\CodeIgniter.php(941): App\Controllers\CobranzaController->edit('app-assets', 'images', 'logo', 'robust-logo-light.png')
 7 SYSTEMPATH\CodeIgniter.php(502): CodeIgniter\CodeIgniter->runController(Object(App\Controllers\CobranzaController))
 8 SYSTEMPATH\CodeIgniter.php(361): CodeIgniter\CodeIgniter->handleRequest(null, Object(Config\Cache), false)
 9 FCPATH\index.php(79): CodeIgniter\CodeIgniter->run()
CRITICAL - 2024-03-27 08:49:00 --> ErrorException: Trying to access array offset on value of type null
in APPPATH\Views\cobranza\editar.php on line 42.
 1 APPPATH\Views\cobranza\editar.php(42): CodeIgniter\Debug\Exceptions->errorHandler(2, 'Trying to access array offset on value of type null', 'C:\\xampp\\htdocs\\inmobiliaria\\app\\Views\\cobranza\\editar.php', 42)
 2 SYSTEMPATH\View\View.php(228): include('C:\\xampp\\htdocs\\inmobiliaria\\app\\Views\\cobranza\\editar.php')
 3 SYSTEMPATH\View\View.php(231): CodeIgniter\View\View->CodeIgniter\View\{closure}()
 4 SYSTEMPATH\Common.php(1178): CodeIgniter\View\View->render('cobranza/editar', [], true)
 5 APPPATH\Controllers\CobranzaController.php(87): view('cobranza/editar', [...])
 6 SYSTEMPATH\CodeIgniter.php(941): App\Controllers\CobranzaController->edit('app-assets', 'images', 'portrait', 'small', 'avatar-s-2.png')
 7 SYSTEMPATH\CodeIgniter.php(502): CodeIgniter\CodeIgniter->runController(Object(App\Controllers\CobranzaController))
 8 SYSTEMPATH\CodeIgniter.php(361): CodeIgniter\CodeIgniter->handleRequest(null, Object(Config\Cache), false)
 9 FCPATH\index.php(79): CodeIgniter\CodeIgniter->run()
CRITICAL - 2024-03-27 08:49:00 --> ErrorException: Trying to access array offset on value of type null
in APPPATH\Views\cobranza\editar.php on line 42.
 1 APPPATH\Views\cobranza\editar.php(42): CodeIgniter\Debug\Exceptions->errorHandler(2, 'Trying to access array offset on value of type null', 'C:\\xampp\\htdocs\\inmobiliaria\\app\\Views\\cobranza\\editar.php', 42)
 2 SYSTEMPATH\View\View.php(228): include('C:\\xampp\\htdocs\\inmobiliaria\\app\\Views\\cobranza\\editar.php')
 3 SYSTEMPATH\View\View.php(231): CodeIgniter\View\View->CodeIgniter\View\{closure}()
 4 SYSTEMPATH\Common.php(1178): CodeIgniter\View\View->render('cobranza/editar', [], true)
 5 APPPATH\Controllers\CobranzaController.php(87): view('cobranza/editar', [...])
 6 SYSTEMPATH\CodeIgniter.php(941): App\Controllers\CobranzaController->edit('app-assets', 'js', 'core', 'app.js')
 7 SYSTEMPATH\CodeIgniter.php(502): CodeIgniter\CodeIgniter->runController(Object(App\Controllers\CobranzaController))
 8 SYSTEMPATH\CodeIgniter.php(361): CodeIgniter\CodeIgniter->handleRequest(null, Object(Config\Cache), false)
 9 FCPATH\index.php(79): CodeIgniter\CodeIgniter->run()
INFO - 2024-03-27 08:49:54 --> Session: Class initialized using 'CodeIgniter\Session\Handlers\FileHandler' driver.
CRITICAL - 2024-03-27 08:49:56 --> ErrorException: Trying to access array offset on value of type null
in APPPATH\Views\cobranza\editar.php on line 42.
 1 APPPATH\Views\cobranza\editar.php(42): CodeIgniter\Debug\Exceptions->errorHandler(2, 'Trying to access array offset on value of type null', 'C:\\xampp\\htdocs\\inmobiliaria\\app\\Views\\cobranza\\editar.php', 42)
 2 SYSTEMPATH\View\View.php(228): include('C:\\xampp\\htdocs\\inmobiliaria\\app\\Views\\cobranza\\editar.php')
 3 SYSTEMPATH\View\View.php(231): CodeIgniter\View\View->CodeIgniter\View\{closure}()
 4 SYSTEMPATH\Common.php(1178): CodeIgniter\View\View->render('cobranza/editar', [], true)
 5 APPPATH\Controllers\CobranzaController.php(87): view('cobranza/editar', [...])
 6 SYSTEMPATH\CodeIgniter.php(941): App\Controllers\CobranzaController->edit('app-assets', 'images', 'logo', 'robust-logo-light.png')
 7 SYSTEMPATH\CodeIgniter.php(502): CodeIgniter\CodeIgniter->runController(Object(App\Controllers\CobranzaController))
 8 SYSTEMPATH\CodeIgniter.php(361): CodeIgniter\CodeIgniter->handleRequest(null, Object(Config\Cache), false)
 9 FCPATH\index.php(79): CodeIgniter\CodeIgniter->run()
CRITICAL - 2024-03-27 08:49:56 --> ErrorException: Trying to access array offset on value of type null
in APPPATH\Views\cobranza\editar.php on line 42.
 1 APPPATH\Views\cobranza\editar.php(42): CodeIgniter\Debug\Exceptions->errorHandler(2, 'Trying to access array offset on value of type null', 'C:\\xampp\\htdocs\\inmobiliaria\\app\\Views\\cobranza\\editar.php', 42)
 2 SYSTEMPATH\View\View.php(228): include('C:\\xampp\\htdocs\\inmobiliaria\\app\\Views\\cobranza\\editar.php')
 3 SYSTEMPATH\View\View.php(231): CodeIgniter\View\View->CodeIgniter\View\{closure}()
 4 SYSTEMPATH\Common.php(1178): CodeIgniter\View\View->render('cobranza/editar', [], true)
 5 APPPATH\Controllers\CobranzaController.php(87): view('cobranza/editar', [...])
 6 SYSTEMPATH\CodeIgniter.php(941): App\Controllers\CobranzaController->edit('app-assets', 'images', 'portrait', 'small', 'avatar-s-1.png')
 7 SYSTEMPATH\CodeIgniter.php(502): CodeIgniter\CodeIgniter->runController(Object(App\Controllers\CobranzaController))
 8 SYSTEMPATH\CodeIgniter.php(361): CodeIgniter\CodeIgniter->handleRequest(null, Object(Config\Cache), false)
 9 FCPATH\index.php(79): CodeIgniter\CodeIgniter->run()
CRITICAL - 2024-03-27 08:49:56 --> ErrorException: Trying to access array offset on value of type null
in APPPATH\Views\cobranza\editar.php on line 42.
 1 APPPATH\Views\cobranza\editar.php(42): CodeIgniter\Debug\Exceptions->errorHandler(2, 'Trying to access array offset on value of type null', 'C:\\xampp\\htdocs\\inmobiliaria\\app\\Views\\cobranza\\editar.php', 42)
 2 SYSTEMPATH\View\View.php(228): include('C:\\xampp\\htdocs\\inmobiliaria\\app\\Views\\cobranza\\editar.php')
 3 SYSTEMPATH\View\View.php(231): CodeIgniter\View\View->CodeIgniter\View\{closure}()
 4 SYSTEMPATH\Common.php(1178): CodeIgniter\View\View->render('cobranza/editar', [], true)
 5 APPPATH\Controllers\CobranzaController.php(87): view('cobranza/editar', [...])
 6 SYSTEMPATH\CodeIgniter.php(941): App\Controllers\CobranzaController->edit('app-assets', 'images', 'portrait', 'small', 'avatar-s-2.png')
 7 SYSTEMPATH\CodeIgniter.php(502): CodeIgniter\CodeIgniter->runController(Object(App\Controllers\CobranzaController))
 8 SYSTEMPATH\CodeIgniter.php(361): CodeIgniter\CodeIgniter->handleRequest(null, Object(Config\Cache), false)
 9 FCPATH\index.php(79): CodeIgniter\CodeIgniter->run()
CRITICAL - 2024-03-27 08:49:57 --> ErrorException: Trying to access array offset on value of type null
in APPPATH\Views\cobranza\editar.php on line 42.
 1 APPPATH\Views\cobranza\editar.php(42): CodeIgniter\Debug\Exceptions->errorHandler(2, 'Trying to access array offset on value of type null', 'C:\\xampp\\htdocs\\inmobiliaria\\app\\Views\\cobranza\\editar.php', 42)
 2 SYSTEMPATH\View\View.php(228): include('C:\\xampp\\htdocs\\inmobiliaria\\app\\Views\\cobranza\\editar.php')
 3 SYSTEMPATH\View\View.php(231): CodeIgniter\View\View->CodeIgniter\View\{closure}()
 4 SYSTEMPATH\Common.php(1178): CodeIgniter\View\View->render('cobranza/editar', [], true)
 5 APPPATH\Controllers\CobranzaController.php(87): view('cobranza/editar', [...])
 6 SYSTEMPATH\CodeIgniter.php(941): App\Controllers\CobranzaController->edit('app-assets', 'js', 'core', 'app-menu.js')
 7 SYSTEMPATH\CodeIgniter.php(502): CodeIgniter\CodeIgniter->runController(Object(App\Controllers\CobranzaController))
 8 SYSTEMPATH\CodeIgniter.php(361): CodeIgniter\CodeIgniter->handleRequest(null, Object(Config\Cache), false)
 9 FCPATH\index.php(79): CodeIgniter\CodeIgniter->run()
CRITICAL - 2024-03-27 08:49:57 --> ErrorException: Trying to access array offset on value of type null
in APPPATH\Views\cobranza\editar.php on line 42.
 1 APPPATH\Views\cobranza\editar.php(42): CodeIgniter\Debug\Exceptions->errorHandler(2, 'Trying to access array offset on value of type null', 'C:\\xampp\\htdocs\\inmobiliaria\\app\\Views\\cobranza\\editar.php', 42)
 2 SYSTEMPATH\View\View.php(228): include('C:\\xampp\\htdocs\\inmobiliaria\\app\\Views\\cobranza\\editar.php')
 3 SYSTEMPATH\View\View.php(231): CodeIgniter\View\View->CodeIgniter\View\{closure}()
 4 SYSTEMPATH\Common.php(1178): CodeIgniter\View\View->render('cobranza/editar', [], true)
 5 APPPATH\Controllers\CobranzaController.php(87): view('cobranza/editar', [...])
 6 SYSTEMPATH\CodeIgniter.php(941): App\Controllers\CobranzaController->edit('app-assets', 'images', 'portrait', 'small', 'avatar-s-6.png')
 7 SYSTEMPATH\CodeIgniter.php(502): CodeIgniter\CodeIgniter->runController(Object(App\Controllers\CobranzaController))
 8 SYSTEMPATH\CodeIgniter.php(361): CodeIgniter\CodeIgniter->handleRequest(null, Object(Config\Cache), false)
 9 FCPATH\index.php(79): CodeIgniter\CodeIgniter->run()
CRITICAL - 2024-03-27 08:49:57 --> ErrorException: Trying to access array offset on value of type null
in APPPATH\Views\cobranza\editar.php on line 42.
 1 APPPATH\Views\cobranza\editar.php(42): CodeIgniter\Debug\Exceptions->errorHandler(2, 'Trying to access array offset on value of type null', 'C:\\xampp\\htdocs\\inmobiliaria\\app\\Views\\cobranza\\editar.php', 42)
 2 SYSTEMPATH\View\View.php(228): include('C:\\xampp\\htdocs\\inmobiliaria\\app\\Views\\cobranza\\editar.php')
 3 SYSTEMPATH\View\View.php(231): CodeIgniter\View\View->CodeIgniter\View\{closure}()
 4 SYSTEMPATH\Common.php(1178): CodeIgniter\View\View->render('cobranza/editar', [], true)
 5 APPPATH\Controllers\CobranzaController.php(87): view('cobranza/editar', [...])
 6 SYSTEMPATH\CodeIgniter.php(941): App\Controllers\CobranzaController->edit('app-assets', 'images', 'portrait', 'small', 'avatar-s-3.png')
 7 SYSTEMPATH\CodeIgniter.php(502): CodeIgniter\CodeIgniter->runController(Object(App\Controllers\CobranzaController))
 8 SYSTEMPATH\CodeIgniter.php(361): CodeIgniter\CodeIgniter->handleRequest(null, Object(Config\Cache), false)
 9 FCPATH\index.php(79): CodeIgniter\CodeIgniter->run()
CRITICAL - 2024-03-27 08:49:58 --> ErrorException: Trying to access array offset on value of type null
in APPPATH\Views\cobranza\editar.php on line 42.
 1 APPPATH\Views\cobranza\editar.php(42): CodeIgniter\Debug\Exceptions->errorHandler(2, 'Trying to access array offset on value of type null', 'C:\\xampp\\htdocs\\inmobiliaria\\app\\Views\\cobranza\\editar.php', 42)
 2 SYSTEMPATH\View\View.php(228): include('C:\\xampp\\htdocs\\inmobiliaria\\app\\Views\\cobranza\\editar.php')
 3 SYSTEMPATH\View\View.php(231): CodeIgniter\View\View->CodeIgniter\View\{closure}()
 4 SYSTEMPATH\Common.php(1178): CodeIgniter\View\View->render('cobranza/editar', [], true)
 5 APPPATH\Controllers\CobranzaController.php(87): view('cobranza/editar', [...])
 6 SYSTEMPATH\CodeIgniter.php(941): App\Controllers\CobranzaController->edit('app-assets', 'js', 'core', 'app.js')
 7 SYSTEMPATH\CodeIgniter.php(502): CodeIgniter\CodeIgniter->runController(Object(App\Controllers\CobranzaController))
 8 SYSTEMPATH\CodeIgniter.php(361): CodeIgniter\CodeIgniter->handleRequest(null, Object(Config\Cache), false)
 9 FCPATH\index.php(79): CodeIgniter\CodeIgniter->run()
INFO - 2024-03-27 08:50:56 --> Session: Class initialized using 'CodeIgniter\Session\Handlers\FileHandler' driver.
CRITICAL - 2024-03-27 08:50:58 --> ErrorException: Trying to access array offset on value of type null
in APPPATH\Views\cobranza\editar.php on line 42.
 1 APPPATH\Views\cobranza\editar.php(42): CodeIgniter\Debug\Exceptions->errorHandler(2, 'Trying to access array offset on value of type null', 'C:\\xampp\\htdocs\\inmobiliaria\\app\\Views\\cobranza\\editar.php', 42)
 2 SYSTEMPATH\View\View.php(228): include('C:\\xampp\\htdocs\\inmobiliaria\\app\\Views\\cobranza\\editar.php')
 3 SYSTEMPATH\View\View.php(231): CodeIgniter\View\View->CodeIgniter\View\{closure}()
 4 SYSTEMPATH\Common.php(1178): CodeIgniter\View\View->render('cobranza/editar', [], true)
 5 APPPATH\Controllers\CobranzaController.php(87): view('cobranza/editar', [...])
 6 SYSTEMPATH\CodeIgniter.php(941): App\Controllers\CobranzaController->edit('app-assets', 'images', 'logo', 'robust-logo-light.png')
 7 SYSTEMPATH\CodeIgniter.php(502): CodeIgniter\CodeIgniter->runController(Object(App\Controllers\CobranzaController))
 8 SYSTEMPATH\CodeIgniter.php(361): CodeIgniter\CodeIgniter->handleRequest(null, Object(Config\Cache), false)
 9 FCPATH\index.php(79): CodeIgniter\CodeIgniter->run()
CRITICAL - 2024-03-27 08:50:59 --> ErrorException: Trying to access array offset on value of type null
in APPPATH\Views\cobranza\editar.php on line 42.
 1 APPPATH\Views\cobranza\editar.php(42): CodeIgniter\Debug\Exceptions->errorHandler(2, 'Trying to access array offset on value of type null', 'C:\\xampp\\htdocs\\inmobiliaria\\app\\Views\\cobranza\\editar.php', 42)
 2 SYSTEMPATH\View\View.php(228): include('C:\\xampp\\htdocs\\inmobiliaria\\app\\Views\\cobranza\\editar.php')
 3 SYSTEMPATH\View\View.php(231): CodeIgniter\View\View->CodeIgniter\View\{closure}()
 4 SYSTEMPATH\Common.php(1178): CodeIgniter\View\View->render('cobranza/editar', [], true)
 5 APPPATH\Controllers\CobranzaController.php(87): view('cobranza/editar', [...])
 6 SYSTEMPATH\CodeIgniter.php(941): App\Controllers\CobranzaController->edit('app-assets', 'images', 'portrait', 'small', 'avatar-s-3.png')
 7 SYSTEMPATH\CodeIgniter.php(502): CodeIgniter\CodeIgniter->runController(Object(App\Controllers\CobranzaController))
 8 SYSTEMPATH\CodeIgniter.php(361): CodeIgniter\CodeIgniter->handleRequest(null, Object(Config\Cache), false)
 9 FCPATH\index.php(79): CodeIgniter\CodeIgniter->run()
CRITICAL - 2024-03-27 08:50:59 --> ErrorException: Trying to access array offset on value of type null
in APPPATH\Views\cobranza\editar.php on line 42.
 1 APPPATH\Views\cobranza\editar.php(42): CodeIgniter\Debug\Exceptions->errorHandler(2, 'Trying to access array offset on value of type null', 'C:\\xampp\\htdocs\\inmobiliaria\\app\\Views\\cobranza\\editar.php', 42)
 2 SYSTEMPATH\View\View.php(228): include('C:\\xampp\\htdocs\\inmobiliaria\\app\\Views\\cobranza\\editar.php')
 3 SYSTEMPATH\View\View.php(231): CodeIgniter\View\View->CodeIgniter\View\{closure}()
 4 SYSTEMPATH\Common.php(1178): CodeIgniter\View\View->render('cobranza/editar', [], true)
 5 APPPATH\Controllers\CobranzaController.php(87): view('cobranza/editar', [...])
 6 SYSTEMPATH\CodeIgniter.php(941): App\Controllers\CobranzaController->edit('app-assets', 'images', 'portrait', 'small', 'avatar-s-2.png')
 7 SYSTEMPATH\CodeIgniter.php(502): CodeIgniter\CodeIgniter->runController(Object(App\Controllers\CobranzaController))
 8 SYSTEMPATH\CodeIgniter.php(361): CodeIgniter\CodeIgniter->handleRequest(null, Object(Config\Cache), false)
 9 FCPATH\index.php(79): CodeIgniter\CodeIgniter->run()
CRITICAL - 2024-03-27 08:51:00 --> ErrorException: Trying to access array offset on value of type null
in APPPATH\Views\cobranza\editar.php on line 42.
 1 APPPATH\Views\cobranza\editar.php(42): CodeIgniter\Debug\Exceptions->errorHandler(2, 'Trying to access array offset on value of type null', 'C:\\xampp\\htdocs\\inmobiliaria\\app\\Views\\cobranza\\editar.php', 42)
 2 SYSTEMPATH\View\View.php(228): include('C:\\xampp\\htdocs\\inmobiliaria\\app\\Views\\cobranza\\editar.php')
 3 SYSTEMPATH\View\View.php(231): CodeIgniter\View\View->CodeIgniter\View\{closure}()
 4 SYSTEMPATH\Common.php(1178): CodeIgniter\View\View->render('cobranza/editar', [], true)
 5 APPPATH\Controllers\CobranzaController.php(87): view('cobranza/editar', [...])
 6 SYSTEMPATH\CodeIgniter.php(941): App\Controllers\CobranzaController->edit('app-assets', 'images', 'portrait', 'small', 'avatar-s-1.png')
 7 SYSTEMPATH\CodeIgniter.php(502): CodeIgniter\CodeIgniter->runController(Object(App\Controllers\CobranzaController))
 8 SYSTEMPATH\CodeIgniter.php(361): CodeIgniter\CodeIgniter->handleRequest(null, Object(Config\Cache), false)
 9 FCPATH\index.php(79): CodeIgniter\CodeIgniter->run()
CRITICAL - 2024-03-27 08:51:00 --> ErrorException: Trying to access array offset on value of type null
in APPPATH\Views\cobranza\editar.php on line 42.
 1 APPPATH\Views\cobranza\editar.php(42): CodeIgniter\Debug\Exceptions->errorHandler(2, 'Trying to access array offset on value of type null', 'C:\\xampp\\htdocs\\inmobiliaria\\app\\Views\\cobranza\\editar.php', 42)
 2 SYSTEMPATH\View\View.php(228): include('C:\\xampp\\htdocs\\inmobiliaria\\app\\Views\\cobranza\\editar.php')
 3 SYSTEMPATH\View\View.php(231): CodeIgniter\View\View->CodeIgniter\View\{closure}()
 4 SYSTEMPATH\Common.php(1178): CodeIgniter\View\View->render('cobranza/editar', [], true)
 5 APPPATH\Controllers\CobranzaController.php(87): view('cobranza/editar', [...])
 6 SYSTEMPATH\CodeIgniter.php(941): App\Controllers\CobranzaController->edit('app-assets', 'js', 'core', 'app-menu.js')
 7 SYSTEMPATH\CodeIgniter.php(502): CodeIgniter\CodeIgniter->runController(Object(App\Controllers\CobranzaController))
 8 SYSTEMPATH\CodeIgniter.php(361): CodeIgniter\CodeIgniter->handleRequest(null, Object(Config\Cache), false)
 9 FCPATH\index.php(79): CodeIgniter\CodeIgniter->run()
CRITICAL - 2024-03-27 08:51:01 --> ErrorException: Trying to access array offset on value of type null
in APPPATH\Views\cobranza\editar.php on line 42.
 1 APPPATH\Views\cobranza\editar.php(42): CodeIgniter\Debug\Exceptions->errorHandler(2, 'Trying to access array offset on value of type null', 'C:\\xampp\\htdocs\\inmobiliaria\\app\\Views\\cobranza\\editar.php', 42)
 2 SYSTEMPATH\View\View.php(228): include('C:\\xampp\\htdocs\\inmobiliaria\\app\\Views\\cobranza\\editar.php')
 3 SYSTEMPATH\View\View.php(231): CodeIgniter\View\View->CodeIgniter\View\{closure}()
 4 SYSTEMPATH\Common.php(1178): CodeIgniter\View\View->render('cobranza/editar', [], true)
 5 APPPATH\Controllers\CobranzaController.php(87): view('cobranza/editar', [...])
 6 SYSTEMPATH\CodeIgniter.php(941): App\Controllers\CobranzaController->edit('app-assets', 'images', 'portrait', 'small', 'avatar-s-6.png')
 7 SYSTEMPATH\CodeIgniter.php(502): CodeIgniter\CodeIgniter->runController(Object(App\Controllers\CobranzaController))
 8 SYSTEMPATH\CodeIgniter.php(361): CodeIgniter\CodeIgniter->handleRequest(null, Object(Config\Cache), false)
 9 FCPATH\index.php(79): CodeIgniter\CodeIgniter->run()
CRITICAL - 2024-03-27 08:51:01 --> ErrorException: Trying to access array offset on value of type null
in APPPATH\Views\cobranza\editar.php on line 42.
 1 APPPATH\Views\cobranza\editar.php(42): CodeIgniter\Debug\Exceptions->errorHandler(2, 'Trying to access array offset on value of type null', 'C:\\xampp\\htdocs\\inmobiliaria\\app\\Views\\cobranza\\editar.php', 42)
 2 SYSTEMPATH\View\View.php(228): include('C:\\xampp\\htdocs\\inmobiliaria\\app\\Views\\cobranza\\editar.php')
 3 SYSTEMPATH\View\View.php(231): CodeIgniter\View\View->CodeIgniter\View\{closure}()
 4 SYSTEMPATH\Common.php(1178): CodeIgniter\View\View->render('cobranza/editar', [], true)
 5 APPPATH\Controllers\CobranzaController.php(87): view('cobranza/editar', [...])
 6 SYSTEMPATH\CodeIgniter.php(941): App\Controllers\CobranzaController->edit('app-assets', 'js', 'core', 'app.js')
 7 SYSTEMPATH\CodeIgniter.php(502): CodeIgniter\CodeIgniter->runController(Object(App\Controllers\CobranzaController))
 8 SYSTEMPATH\CodeIgniter.php(361): CodeIgniter\CodeIgniter->handleRequest(null, Object(Config\Cache), false)
 9 FCPATH\index.php(79): CodeIgniter\CodeIgniter->run()
INFO - 2024-03-27 08:51:04 --> Session: Class initialized using 'CodeIgniter\Session\Handlers\FileHandler' driver.
CRITICAL - 2024-03-27 08:51:06 --> ErrorException: Trying to access array offset on value of type null
in APPPATH\Views\cobranza\editar.php on line 42.
 1 APPPATH\Views\cobranza\editar.php(42): CodeIgniter\Debug\Exceptions->errorHandler(2, 'Trying to access array offset on value of type null', 'C:\\xampp\\htdocs\\inmobiliaria\\app\\Views\\cobranza\\editar.php', 42)
 2 SYSTEMPATH\View\View.php(228): include('C:\\xampp\\htdocs\\inmobiliaria\\app\\Views\\cobranza\\editar.php')
 3 SYSTEMPATH\View\View.php(231): CodeIgniter\View\View->CodeIgniter\View\{closure}()
 4 SYSTEMPATH\Common.php(1178): CodeIgniter\View\View->render('cobranza/editar', [], true)
 5 APPPATH\Controllers\CobranzaController.php(87): view('cobranza/editar', [...])
 6 SYSTEMPATH\CodeIgniter.php(941): App\Controllers\CobranzaController->edit('app-assets', 'images', 'logo', 'robust-logo-light.png')
 7 SYSTEMPATH\CodeIgniter.php(502): CodeIgniter\CodeIgniter->runController(Object(App\Controllers\CobranzaController))
 8 SYSTEMPATH\CodeIgniter.php(361): CodeIgniter\CodeIgniter->handleRequest(null, Object(Config\Cache), false)
 9 FCPATH\index.php(79): CodeIgniter\CodeIgniter->run()
CRITICAL - 2024-03-27 08:51:07 --> ErrorException: Trying to access array offset on value of type null
in APPPATH\Views\cobranza\editar.php on line 42.
 1 APPPATH\Views\cobranza\editar.php(42): CodeIgniter\Debug\Exceptions->errorHandler(2, 'Trying to access array offset on value of type null', 'C:\\xampp\\htdocs\\inmobiliaria\\app\\Views\\cobranza\\editar.php', 42)
 2 SYSTEMPATH\View\View.php(228): include('C:\\xampp\\htdocs\\inmobiliaria\\app\\Views\\cobranza\\editar.php')
 3 SYSTEMPATH\View\View.php(231): CodeIgniter\View\View->CodeIgniter\View\{closure}()
 4 SYSTEMPATH\Common.php(1178): CodeIgniter\View\View->render('cobranza/editar', [], true)
 5 APPPATH\Controllers\CobranzaController.php(87): view('cobranza/editar', [...])
 6 SYSTEMPATH\CodeIgniter.php(941): App\Controllers\CobranzaController->edit('app-assets', 'images', 'portrait', 'small', 'avatar-s-1.png')
 7 SYSTEMPATH\CodeIgniter.php(502): CodeIgniter\CodeIgniter->runController(Object(App\Controllers\CobranzaController))
 8 SYSTEMPATH\CodeIgniter.php(361): CodeIgniter\CodeIgniter->handleRequest(null, Object(Config\Cache), false)
 9 FCPATH\index.php(79): CodeIgniter\CodeIgniter->run()
CRITICAL - 2024-03-27 08:51:08 --> ErrorException: Trying to access array offset on value of type null
in APPPATH\Views\cobranza\editar.php on line 42.
 1 APPPATH\Views\cobranza\editar.php(42): CodeIgniter\Debug\Exceptions->errorHandler(2, 'Trying to access array offset on value of type null', 'C:\\xampp\\htdocs\\inmobiliaria\\app\\Views\\cobranza\\editar.php', 42)
 2 SYSTEMPATH\View\View.php(228): include('C:\\xampp\\htdocs\\inmobiliaria\\app\\Views\\cobranza\\editar.php')
 3 SYSTEMPATH\View\View.php(231): CodeIgniter\View\View->CodeIgniter\View\{closure}()
 4 SYSTEMPATH\Common.php(1178): CodeIgniter\View\View->render('cobranza/editar', [], true)
 5 APPPATH\Controllers\CobranzaController.php(87): view('cobranza/editar', [...])
 6 SYSTEMPATH\CodeIgniter.php(941): App\Controllers\CobranzaController->edit('app-assets', 'images', 'portrait', 'small', 'avatar-s-2.png')
 7 SYSTEMPATH\CodeIgniter.php(502): CodeIgniter\CodeIgniter->runController(Object(App\Controllers\CobranzaController))
 8 SYSTEMPATH\CodeIgniter.php(361): CodeIgniter\CodeIgniter->handleRequest(null, Object(Config\Cache), false)
 9 FCPATH\index.php(79): CodeIgniter\CodeIgniter->run()
CRITICAL - 2024-03-27 08:51:08 --> ErrorException: Trying to access array offset on value of type null
in APPPATH\Views\cobranza\editar.php on line 42.
 1 APPPATH\Views\cobranza\editar.php(42): CodeIgniter\Debug\Exceptions->errorHandler(2, 'Trying to access array offset on value of type null', 'C:\\xampp\\htdocs\\inmobiliaria\\app\\Views\\cobranza\\editar.php', 42)
 2 SYSTEMPATH\View\View.php(228): include('C:\\xampp\\htdocs\\inmobiliaria\\app\\Views\\cobranza\\editar.php')
 3 SYSTEMPATH\View\View.php(231): CodeIgniter\View\View->CodeIgniter\View\{closure}()
 4 SYSTEMPATH\Common.php(1178): CodeIgniter\View\View->render('cobranza/editar', [], true)
 5 APPPATH\Controllers\CobranzaController.php(87): view('cobranza/editar', [...])
 6 SYSTEMPATH\CodeIgniter.php(941): App\Controllers\CobranzaController->edit('app-assets', 'images', 'portrait', 'small', 'avatar-s-3.png')
 7 SYSTEMPATH\CodeIgniter.php(502): CodeIgniter\CodeIgniter->runController(Object(App\Controllers\CobranzaController))
 8 SYSTEMPATH\CodeIgniter.php(361): CodeIgniter\CodeIgniter->handleRequest(null, Object(Config\Cache), false)
 9 FCPATH\index.php(79): CodeIgniter\CodeIgniter->run()
CRITICAL - 2024-03-27 08:51:09 --> ErrorException: Trying to access array offset on value of type null
in APPPATH\Views\cobranza\editar.php on line 42.
 1 APPPATH\Views\cobranza\editar.php(42): CodeIgniter\Debug\Exceptions->errorHandler(2, 'Trying to access array offset on value of type null', 'C:\\xampp\\htdocs\\inmobiliaria\\app\\Views\\cobranza\\editar.php', 42)
 2 SYSTEMPATH\View\View.php(228): include('C:\\xampp\\htdocs\\inmobiliaria\\app\\Views\\cobranza\\editar.php')
 3 SYSTEMPATH\View\View.php(231): CodeIgniter\View\View->CodeIgniter\View\{closure}()
 4 SYSTEMPATH\Common.php(1178): CodeIgniter\View\View->render('cobranza/editar', [], true)
 5 APPPATH\Controllers\CobranzaController.php(87): view('cobranza/editar', [...])
 6 SYSTEMPATH\CodeIgniter.php(941): App\Controllers\CobranzaController->edit('app-assets', 'js', 'core', 'app.js')
 7 SYSTEMPATH\CodeIgniter.php(502): CodeIgniter\CodeIgniter->runController(Object(App\Controllers\CobranzaController))
 8 SYSTEMPATH\CodeIgniter.php(361): CodeIgniter\CodeIgniter->handleRequest(null, Object(Config\Cache), false)
 9 FCPATH\index.php(79): CodeIgniter\CodeIgniter->run()
CRITICAL - 2024-03-27 08:51:09 --> ErrorException: Trying to access array offset on value of type null
in APPPATH\Views\cobranza\editar.php on line 42.
 1 APPPATH\Views\cobranza\editar.php(42): CodeIgniter\Debug\Exceptions->errorHandler(2, 'Trying to access array offset on value of type null', 'C:\\xampp\\htdocs\\inmobiliaria\\app\\Views\\cobranza\\editar.php', 42)
 2 SYSTEMPATH\View\View.php(228): include('C:\\xampp\\htdocs\\inmobiliaria\\app\\Views\\cobranza\\editar.php')
 3 SYSTEMPATH\View\View.php(231): CodeIgniter\View\View->CodeIgniter\View\{closure}()
 4 SYSTEMPATH\Common.php(1178): CodeIgniter\View\View->render('cobranza/editar', [], true)
 5 APPPATH\Controllers\CobranzaController.php(87): view('cobranza/editar', [...])
 6 SYSTEMPATH\CodeIgniter.php(941): App\Controllers\CobranzaController->edit('app-assets', 'js', 'core', 'app-menu.js')
 7 SYSTEMPATH\CodeIgniter.php(502): CodeIgniter\CodeIgniter->runController(Object(App\Controllers\CobranzaController))
 8 SYSTEMPATH\CodeIgniter.php(361): CodeIgniter\CodeIgniter->handleRequest(null, Object(Config\Cache), false)
 9 FCPATH\index.php(79): CodeIgniter\CodeIgniter->run()
CRITICAL - 2024-03-27 08:51:09 --> ErrorException: Trying to access array offset on value of type null
in APPPATH\Views\cobranza\editar.php on line 42.
 1 APPPATH\Views\cobranza\editar.php(42): CodeIgniter\Debug\Exceptions->errorHandler(2, 'Trying to access array offset on value of type null', 'C:\\xampp\\htdocs\\inmobiliaria\\app\\Views\\cobranza\\editar.php', 42)
 2 SYSTEMPATH\View\View.php(228): include('C:\\xampp\\htdocs\\inmobiliaria\\app\\Views\\cobranza\\editar.php')
 3 SYSTEMPATH\View\View.php(231): CodeIgniter\View\View->CodeIgniter\View\{closure}()
 4 SYSTEMPATH\Common.php(1178): CodeIgniter\View\View->render('cobranza/editar', [], true)
 5 APPPATH\Controllers\CobranzaController.php(87): view('cobranza/editar', [...])
 6 SYSTEMPATH\CodeIgniter.php(941): App\Controllers\CobranzaController->edit('app-assets', 'images', 'portrait', 'small', 'avatar-s-6.png')
 7 SYSTEMPATH\CodeIgniter.php(502): CodeIgniter\CodeIgniter->runController(Object(App\Controllers\CobranzaController))
 8 SYSTEMPATH\CodeIgniter.php(361): CodeIgniter\CodeIgniter->handleRequest(null, Object(Config\Cache), false)
 9 FCPATH\index.php(79): CodeIgniter\CodeIgniter->run()
CRITICAL - 2024-03-27 08:51:23 --> ErrorException: Undefined variable $diapago
in APPPATH\Controllers\CobranzaController.php on line 107.
 1 APPPATH\Controllers\CobranzaController.php(107): CodeIgniter\Debug\Exceptions->errorHandler(2, 'Undefined variable $diapago', 'C:\\xampp\\htdocs\\inmobiliaria\\app\\Controllers\\CobranzaController.php', 107)
 2 SYSTEMPATH\CodeIgniter.php(941): App\Controllers\CobranzaController->save()
 3 SYSTEMPATH\CodeIgniter.php(502): CodeIgniter\CodeIgniter->runController(Object(App\Controllers\CobranzaController))
 4 SYSTEMPATH\CodeIgniter.php(361): CodeIgniter\CodeIgniter->handleRequest(null, Object(Config\Cache), false)
 5 FCPATH\index.php(79): CodeIgniter\CodeIgniter->run()
CRITICAL - 2024-03-27 08:53:04 --> ErrorException: Undefined variable $id
in APPPATH\Controllers\CobranzaController.php on line 117.
 1 APPPATH\Controllers\CobranzaController.php(117): CodeIgniter\Debug\Exceptions->errorHandler(2, 'Undefined variable $id', 'C:\\xampp\\htdocs\\inmobiliaria\\app\\Controllers\\CobranzaController.php', 117)
 2 SYSTEMPATH\CodeIgniter.php(941): App\Controllers\CobranzaController->save()
 3 SYSTEMPATH\CodeIgniter.php(502): CodeIgniter\CodeIgniter->runController(Object(App\Controllers\CobranzaController))
 4 SYSTEMPATH\CodeIgniter.php(361): CodeIgniter\CodeIgniter->handleRequest(null, Object(Config\Cache), false)
 5 FCPATH\index.php(79): CodeIgniter\CodeIgniter->run()
INFO - 2024-03-27 08:55:57 --> Session: Class initialized using 'CodeIgniter\Session\Handlers\FileHandler' driver.
INFO - 2024-03-27 08:55:58 --> Session: Class initialized using 'CodeIgniter\Session\Handlers\FileHandler' driver.
INFO - 2024-03-27 08:57:57 --> Session: Class initialized using 'CodeIgniter\Session\Handlers\FileHandler' driver.
INFO - 2024-03-27 08:57:57 --> Session: Class initialized using 'CodeIgniter\Session\Handlers\FileHandler' driver.
INFO - 2024-03-27 08:58:02 --> Session: Class initialized using 'CodeIgniter\Session\Handlers\FileHandler' driver.
INFO - 2024-03-27 08:58:03 --> Session: Class initialized using 'CodeIgniter\Session\Handlers\FileHandler' driver.
INFO - 2024-03-27 08:58:08 --> Session: Class initialized using 'CodeIgniter\Session\Handlers\FileHandler' driver.
INFO - 2024-03-27 08:58:09 --> Session: Class initialized using 'CodeIgniter\Session\Handlers\FileHandler' driver.
INFO - 2024-03-27 08:59:50 --> Session: Class initialized using 'CodeIgniter\Session\Handlers\FileHandler' driver.
CRITICAL - 2024-03-27 09:01:56 --> ErrorException: Undefined variable $diapago
in APPPATH\Controllers\CobranzaController.php on line 56.
 1 APPPATH\Controllers\CobranzaController.php(56): CodeIgniter\Debug\Exceptions->errorHandler(2, 'Undefined variable $diapago', 'C:\\xampp\\htdocs\\inmobiliaria\\app\\Controllers\\CobranzaController.php', 56)
 2 SYSTEMPATH\CodeIgniter.php(941): App\Controllers\CobranzaController->guardar()
 3 SYSTEMPATH\CodeIgniter.php(502): CodeIgniter\CodeIgniter->runController(Object(App\Controllers\CobranzaController))
 4 SYSTEMPATH\CodeIgniter.php(361): CodeIgniter\CodeIgniter->handleRequest(null, Object(Config\Cache), false)
 5 FCPATH\index.php(79): CodeIgniter\CodeIgniter->run()
INFO - 2024-03-27 09:03:36 --> Session: Class initialized using 'CodeIgniter\Session\Handlers\FileHandler' driver.
INFO - 2024-03-27 09:03:36 --> Session: Class initialized using 'CodeIgniter\Session\Handlers\FileHandler' driver.
INFO - 2024-03-27 09:05:08 --> Session: Class initialized using 'CodeIgniter\Session\Handlers\FileHandler' driver.
INFO - 2024-03-27 09:05:09 --> Session: Class initialized using 'CodeIgniter\Session\Handlers\FileHandler' driver.
INFO - 2024-03-27 09:07:57 --> Session: Class initialized using 'CodeIgniter\Session\Handlers\FileHandler' driver.
