INFO - 2024-05-29 01:02:32 --> Session: Class initialized using 'CodeIgniter\Session\Handlers\FileHandler' driver.
INFO - 2024-05-29 01:02:39 --> Session: Class initialized using 'CodeIgniter\Session\Handlers\FileHandler' driver.
INFO - 2024-05-29 01:02:40 --> Session: Class initialized using 'CodeIgniter\Session\Handlers\FileHandler' driver.
INFO - 2024-05-29 01:02:48 --> Session: Class initialized using 'CodeIgniter\Session\Handlers\FileHandler' driver.
INFO - 2024-05-29 01:13:21 --> Session: Class initialized using 'CodeIgniter\Session\Handlers\FileHandler' driver.
INFO - 2024-05-29 01:18:18 --> Session: Class initialized using 'CodeIgniter\Session\Handlers\FileHandler' driver.
INFO - 2024-05-29 01:20:11 --> Session: Class initialized using 'CodeIgniter\Session\Handlers\FileHandler' driver.
INFO - 2024-05-29 01:20:41 --> Session: Class initialized using 'CodeIgniter\Session\Handlers\FileHandler' driver.
INFO - 2024-05-29 01:22:22 --> Session: Class initialized using 'CodeIgniter\Session\Handlers\FileHandler' driver.
INFO - 2024-05-29 01:22:28 --> Session: Class initialized using 'CodeIgniter\Session\Handlers\FileHandler' driver.
INFO - 2024-05-29 01:22:34 --> Session: Class initialized using 'CodeIgniter\Session\Handlers\FileHandler' driver.
INFO - 2024-05-29 01:22:40 --> Session: Class initialized using 'CodeIgniter\Session\Handlers\FileHandler' driver.
INFO - 2024-05-29 01:22:48 --> Session: Class initialized using 'CodeIgniter\Session\Handlers\FileHandler' driver.
INFO - 2024-05-29 01:22:55 --> Session: Class initialized using 'CodeIgniter\Session\Handlers\FileHandler' driver.
INFO - 2024-05-29 01:22:59 --> Session: Class initialized using 'CodeIgniter\Session\Handlers\FileHandler' driver.
INFO - 2024-05-29 01:23:03 --> Session: Class initialized using 'CodeIgniter\Session\Handlers\FileHandler' driver.
INFO - 2024-05-29 01:23:04 --> Session: Class initialized using 'CodeIgniter\Session\Handlers\FileHandler' driver.
INFO - 2024-05-29 01:53:17 --> Session: Class initialized using 'CodeIgniter\Session\Handlers\FileHandler' driver.
INFO - 2024-05-29 01:54:08 --> Session: Class initialized using 'CodeIgniter\Session\Handlers\FileHandler' driver.
CRITICAL - 2024-05-29 04:26:49 --> ErrorException: Undefined variable $route
in APPPATH\Config\Routes.php on line 62.
 1 APPPATH\Config\Routes.php(62): CodeIgniter\Debug\Exceptions->errorHandler(2, 'Undefined variable $route', 'C:\\xampp\\htdocs\\inmobiliaria\\app\\Config\\Routes.php', 62)
 2 SYSTEMPATH\Router\RouteCollection.php(345): require('C:\\xampp\\htdocs\\inmobiliaria\\app\\Config\\Routes.php')
 3 SYSTEMPATH\CodeIgniter.php(810): CodeIgniter\Router\RouteCollection->loadRoutes()
 4 SYSTEMPATH\CodeIgniter.php(450): CodeIgniter\CodeIgniter->tryToRouteIt(null)
 5 SYSTEMPATH\CodeIgniter.php(361): CodeIgniter\CodeIgniter->handleRequest(null, Object(Config\Cache), false)
 6 FCPATH\index.php(79): CodeIgniter\CodeIgniter->run()
CRITICAL - 2024-05-29 04:27:07 --> Error: Class "FPDF" not found
in APPPATH\Controllers\ContratoController.php on line 393.
 1 SYSTEMPATH\CodeIgniter.php(941): App\Controllers\ContratoController->recibo()
 2 SYSTEMPATH\CodeIgniter.php(502): CodeIgniter\CodeIgniter->runController(Object(App\Controllers\ContratoController))
 3 SYSTEMPATH\CodeIgniter.php(361): CodeIgniter\CodeIgniter->handleRequest(null, Object(Config\Cache), false)
 4 FCPATH\index.php(79): CodeIgniter\CodeIgniter->run()
CRITICAL - 2024-05-29 04:28:13 --> Error: Class "FPDF" not found
in APPPATH\Controllers\ContratoController.php on line 394.
 1 SYSTEMPATH\CodeIgniter.php(941): App\Controllers\ContratoController->recibo()
 2 SYSTEMPATH\CodeIgniter.php(502): CodeIgniter\CodeIgniter->runController(Object(App\Controllers\ContratoController))
 3 SYSTEMPATH\CodeIgniter.php(361): CodeIgniter\CodeIgniter->handleRequest(null, Object(Config\Cache), false)
 4 FCPATH\index.php(79): CodeIgniter\CodeIgniter->run()
CRITICAL - 2024-05-29 04:30:57 --> ParseError: syntax error, unexpected token "class", expecting "," or ";"
in APPPATH\Controllers\ContratoController.php on line 11.
 1 SYSTEMPATH\Autoloader\Autoloader.php(290): CodeIgniter\Autoloader\Autoloader->includeFile('C:\\xampp\\htdocs\\inmobiliaria\\app\\Controllers\\ContratoController.php')
 2 SYSTEMPATH\Autoloader\Autoloader.php(266): CodeIgniter\Autoloader\Autoloader->loadInNamespace('App\\Controllers\\ContratoController')
 3 [internal function]: CodeIgniter\Autoloader\Autoloader->loadClass('App\\Controllers\\ContratoController')
 4 SYSTEMPATH\CodeIgniter.php(899): class_exists('\\App\\Controllers\\ContratoController', true)
 5 SYSTEMPATH\CodeIgniter.php(489): CodeIgniter\CodeIgniter->startController()
 6 SYSTEMPATH\CodeIgniter.php(361): CodeIgniter\CodeIgniter->handleRequest(null, Object(Config\Cache), false)
 7 FCPATH\index.php(79): CodeIgniter\CodeIgniter->run()
CRITICAL - 2024-05-29 04:31:34 --> Error: Class "FPDF" not found
in APPPATH\Controllers\ContratoController.php on line 394.
 1 SYSTEMPATH\CodeIgniter.php(941): App\Controllers\ContratoController->recibo()
 2 SYSTEMPATH\CodeIgniter.php(502): CodeIgniter\CodeIgniter->runController(Object(App\Controllers\ContratoController))
 3 SYSTEMPATH\CodeIgniter.php(361): CodeIgniter\CodeIgniter->handleRequest(null, Object(Config\Cache), false)
 4 FCPATH\index.php(79): CodeIgniter\CodeIgniter->run()
CRITICAL - 2024-05-29 04:32:21 --> Error: Class "App\ThirdParty\FPDF" not found
in APPPATH\Controllers\ContratoController.php on line 394.
 1 SYSTEMPATH\CodeIgniter.php(941): App\Controllers\ContratoController->recibo()
 2 SYSTEMPATH\CodeIgniter.php(502): CodeIgniter\CodeIgniter->runController(Object(App\Controllers\ContratoController))
 3 SYSTEMPATH\CodeIgniter.php(361): CodeIgniter\CodeIgniter->handleRequest(null, Object(Config\Cache), false)
 4 FCPATH\index.php(79): CodeIgniter\CodeIgniter->run()
CRITICAL - 2024-05-29 04:38:51 --> Error: Class "FPDF" not found
in APPPATH\Controllers\ContratoController.php on line 394.
 1 SYSTEMPATH\CodeIgniter.php(941): App\Controllers\ContratoController->recibo()
 2 SYSTEMPATH\CodeIgniter.php(502): CodeIgniter\CodeIgniter->runController(Object(App\Controllers\ContratoController))
 3 SYSTEMPATH\CodeIgniter.php(361): CodeIgniter\CodeIgniter->handleRequest(null, Object(Config\Cache), false)
 4 FCPATH\index.php(79): CodeIgniter\CodeIgniter->run()
CRITICAL - 2024-05-29 04:40:53 --> Error: Class "App\ThirdParty\FPDF" not found
in APPPATH\Controllers\ContratoController.php on line 395.
 1 SYSTEMPATH\CodeIgniter.php(941): App\Controllers\ContratoController->recibo()
 2 SYSTEMPATH\CodeIgniter.php(502): CodeIgniter\CodeIgniter->runController(Object(App\Controllers\ContratoController))
 3 SYSTEMPATH\CodeIgniter.php(361): CodeIgniter\CodeIgniter->handleRequest(null, Object(Config\Cache), false)
 4 FCPATH\index.php(79): CodeIgniter\CodeIgniter->run()
CRITICAL - 2024-05-29 04:41:12 --> Error: Class "App\ThirdParty\FPDF" not found
in APPPATH\Controllers\ContratoController.php on line 395.
 1 SYSTEMPATH\CodeIgniter.php(941): App\Controllers\ContratoController->recibo()
 2 SYSTEMPATH\CodeIgniter.php(502): CodeIgniter\CodeIgniter->runController(Object(App\Controllers\ContratoController))
 3 SYSTEMPATH\CodeIgniter.php(361): CodeIgniter\CodeIgniter->handleRequest(null, Object(Config\Cache), false)
 4 FCPATH\index.php(79): CodeIgniter\CodeIgniter->run()
CRITICAL - 2024-05-29 04:41:38 --> Error: Class "App\ThirdParty\FPDF" not found
in APPPATH\Controllers\ContratoController.php on line 395.
 1 SYSTEMPATH\CodeIgniter.php(941): App\Controllers\ContratoController->recibo()
 2 SYSTEMPATH\CodeIgniter.php(502): CodeIgniter\CodeIgniter->runController(Object(App\Controllers\ContratoController))
 3 SYSTEMPATH\CodeIgniter.php(361): CodeIgniter\CodeIgniter->handleRequest(null, Object(Config\Cache), false)
 4 FCPATH\index.php(79): CodeIgniter\CodeIgniter->run()
CRITICAL - 2024-05-29 04:42:32 --> Error: Class "App\Controllers\FPDF" not found
in APPPATH\Controllers\ContratoController.php on line 395.
 1 SYSTEMPATH\CodeIgniter.php(941): App\Controllers\ContratoController->recibo()
 2 SYSTEMPATH\CodeIgniter.php(502): CodeIgniter\CodeIgniter->runController(Object(App\Controllers\ContratoController))
 3 SYSTEMPATH\CodeIgniter.php(361): CodeIgniter\CodeIgniter->handleRequest(null, Object(Config\Cache), false)
 4 FCPATH\index.php(79): CodeIgniter\CodeIgniter->run()
CRITICAL - 2024-05-29 04:43:02 --> Error: Class "App\ThirdParty\fpdf" not found
in APPPATH\Controllers\ContratoController.php on line 395.
 1 SYSTEMPATH\CodeIgniter.php(941): App\Controllers\ContratoController->recibo()
 2 SYSTEMPATH\CodeIgniter.php(502): CodeIgniter\CodeIgniter->runController(Object(App\Controllers\ContratoController))
 3 SYSTEMPATH\CodeIgniter.php(361): CodeIgniter\CodeIgniter->handleRequest(null, Object(Config\Cache), false)
 4 FCPATH\index.php(79): CodeIgniter\CodeIgniter->run()
CRITICAL - 2024-05-29 04:55:42 --> Error: Class "FPDF" not found
in APPPATH\Controllers\ContratoController.php on line 395.
 1 SYSTEMPATH\CodeIgniter.php(941): App\Controllers\ContratoController->recibo()
 2 SYSTEMPATH\CodeIgniter.php(502): CodeIgniter\CodeIgniter->runController(Object(App\Controllers\ContratoController))
 3 SYSTEMPATH\CodeIgniter.php(361): CodeIgniter\CodeIgniter->handleRequest(null, Object(Config\Cache), false)
 4 FCPATH\index.php(79): CodeIgniter\CodeIgniter->run()
CRITICAL - 2024-05-29 06:14:16 --> Error: Class "App\ThirdParty\FPDF" not found
in APPPATH\Controllers\ContratoController.php on line 395.
 1 SYSTEMPATH\CodeIgniter.php(941): App\Controllers\ContratoController->recibo()
 2 SYSTEMPATH\CodeIgniter.php(502): CodeIgniter\CodeIgniter->runController(Object(App\Controllers\ContratoController))
 3 SYSTEMPATH\CodeIgniter.php(361): CodeIgniter\CodeIgniter->handleRequest(null, Object(Config\Cache), false)
 4 FCPATH\index.php(79): CodeIgniter\CodeIgniter->run()
CRITICAL - 2024-05-29 06:25:12 --> Error: Class "App\ThirdParty\FPDF" not found
in APPPATH\Controllers\ContratoController.php on line 395.
 1 SYSTEMPATH\CodeIgniter.php(941): App\Controllers\ContratoController->recibo()
 2 SYSTEMPATH\CodeIgniter.php(502): CodeIgniter\CodeIgniter->runController(Object(App\Controllers\ContratoController))
 3 SYSTEMPATH\CodeIgniter.php(361): CodeIgniter\CodeIgniter->handleRequest(null, Object(Config\Cache), false)
 4 FCPATH\index.php(79): CodeIgniter\CodeIgniter->run()
CRITICAL - 2024-05-29 06:39:59 --> Error: Class "App\Controllers\FPDF" not found
in APPPATH\Controllers\ContratoController.php on line 395.
 1 SYSTEMPATH\CodeIgniter.php(941): App\Controllers\ContratoController->recibo()
 2 SYSTEMPATH\CodeIgniter.php(502): CodeIgniter\CodeIgniter->runController(Object(App\Controllers\ContratoController))
 3 SYSTEMPATH\CodeIgniter.php(361): CodeIgniter\CodeIgniter->handleRequest(null, Object(Config\Cache), false)
 4 FCPATH\index.php(79): CodeIgniter\CodeIgniter->run()
CRITICAL - 2024-05-29 06:40:33 --> Error: Class "App\Controllers\FPDF" not found
in APPPATH\Controllers\ContratoController.php on line 395.
 1 SYSTEMPATH\CodeIgniter.php(941): App\Controllers\ContratoController->recibo()
 2 SYSTEMPATH\CodeIgniter.php(502): CodeIgniter\CodeIgniter->runController(Object(App\Controllers\ContratoController))
 3 SYSTEMPATH\CodeIgniter.php(361): CodeIgniter\CodeIgniter->handleRequest(null, Object(Config\Cache), false)
 4 FCPATH\index.php(79): CodeIgniter\CodeIgniter->run()
CRITICAL - 2024-05-29 06:54:19 --> Error: Class "App\Controllers\FPDF" not found
in APPPATH\Controllers\ContratoController.php on line 395.
 1 SYSTEMPATH\CodeIgniter.php(941): App\Controllers\ContratoController->recibo()
 2 SYSTEMPATH\CodeIgniter.php(502): CodeIgniter\CodeIgniter->runController(Object(App\Controllers\ContratoController))
 3 SYSTEMPATH\CodeIgniter.php(361): CodeIgniter\CodeIgniter->handleRequest(null, Object(Config\Cache), false)
 4 FCPATH\index.php(79): CodeIgniter\CodeIgniter->run()
CRITICAL - 2024-05-29 07:44:19 --> ErrorException: Undefined variable $fecha
in APPPATH\Controllers\ContratoController.php on line 414.
 1 APPPATH\Controllers\ContratoController.php(414): CodeIgniter\Debug\Exceptions->errorHandler(2, 'Undefined variable $fecha', 'C:\\xampp\\htdocs\\inmobiliaria\\app\\Controllers\\ContratoController.php', 414)
 2 SYSTEMPATH\CodeIgniter.php(941): App\Controllers\ContratoController->recibo()
 3 SYSTEMPATH\CodeIgniter.php(502): CodeIgniter\CodeIgniter->runController(Object(App\Controllers\ContratoController))
 4 SYSTEMPATH\CodeIgniter.php(361): CodeIgniter\CodeIgniter->handleRequest(null, Object(Config\Cache), false)
 5 FCPATH\index.php(79): CodeIgniter\CodeIgniter->run()
CRITICAL - 2024-05-29 07:48:51 --> ErrorException: getimagesize(http://localhost/inmobiliaria/public/app-assets/images/logo/logoreg.jpg): Failed to open stream: HTTP request failed! HTTP/1.1 404 Not Found

in APPPATH\ThirdParty\fpdf\fpdf.php on line 1257.
 1 [internal function]: CodeIgniter\Debug\Exceptions->errorHandler(2, 'getimagesize(http://localhost/inmobiliaria/public/app-assets/images/logo/logoreg.jpg): Failed to open stream: HTTP request failed! HTTP/1.1 404 Not Found
', 'C:\\xampp\\htdocs\\inmobiliaria\\app\\ThirdParty\\fpdf\\fpdf.php', 1257)
 2 APPPATH\ThirdParty\fpdf\fpdf.php(1257): getimagesize('http://localhost/inmobiliaria/public/app-assets/images/logo/logoreg.jpg')
 3 APPPATH\ThirdParty\fpdf\fpdf.php(892): FPDF->_parsejpg('http://localhost/inmobiliaria/public/app-assets/images/logo/logoreg.jpg')
 4 APPPATH\Controllers\ContratoController.php(400): FPDF->Image('http://localhost/inmobiliaria/public/app-assets/images/logo/logoreg.jpg', 30, 20, 30, 30)
 5 SYSTEMPATH\CodeIgniter.php(941): App\Controllers\ContratoController->recibo()
 6 SYSTEMPATH\CodeIgniter.php(502): CodeIgniter\CodeIgniter->runController(Object(App\Controllers\ContratoController))
 7 SYSTEMPATH\CodeIgniter.php(361): CodeIgniter\CodeIgniter->handleRequest(null, Object(Config\Cache), false)
 8 FCPATH\index.php(79): CodeIgniter\CodeIgniter->run()
CRITICAL - 2024-05-29 07:49:08 --> ErrorException: getimagesize(http://localhost/inmobiliaria/public/app-assets/images/logo/logoreg.jpg): Failed to open stream: HTTP request failed! HTTP/1.1 404 Not Found

in APPPATH\ThirdParty\fpdf\fpdf.php on line 1257.
 1 [internal function]: CodeIgniter\Debug\Exceptions->errorHandler(2, 'getimagesize(http://localhost/inmobiliaria/public/app-assets/images/logo/logoreg.jpg): Failed to open stream: HTTP request failed! HTTP/1.1 404 Not Found
', 'C:\\xampp\\htdocs\\inmobiliaria\\app\\ThirdParty\\fpdf\\fpdf.php', 1257)
 2 APPPATH\ThirdParty\fpdf\fpdf.php(1257): getimagesize('http://localhost/inmobiliaria/public/app-assets/images/logo/logoreg.jpg')
 3 APPPATH\ThirdParty\fpdf\fpdf.php(892): FPDF->_parsejpg('http://localhost/inmobiliaria/public/app-assets/images/logo/logoreg.jpg')
 4 APPPATH\Controllers\ContratoController.php(400): FPDF->Image('http://localhost/inmobiliaria/public/app-assets/images/logo/logoreg.jpg', 30, 20, 30, 30)
 5 SYSTEMPATH\CodeIgniter.php(941): App\Controllers\ContratoController->recibo()
 6 SYSTEMPATH\CodeIgniter.php(502): CodeIgniter\CodeIgniter->runController(Object(App\Controllers\ContratoController))
 7 SYSTEMPATH\CodeIgniter.php(361): CodeIgniter\CodeIgniter->handleRequest(null, Object(Config\Cache), false)
 8 FCPATH\index.php(79): CodeIgniter\CodeIgniter->run()
WARNING - 2024-05-29 08:01:26 --> [DEPRECATED] Function utf8_decode() is deprecated in APPPATH\Controllers\ContratoController.php on line 402.
 1 SYSTEMPATH\CodeIgniter.php(941): App\Controllers\ContratoController->recibo()
 2 SYSTEMPATH\CodeIgniter.php(502): CodeIgniter\CodeIgniter->runController(Object(App\Controllers\ContratoController))
 3 SYSTEMPATH\CodeIgniter.php(361): CodeIgniter\CodeIgniter->handleRequest(null, Object(Config\Cache), false)
 4 FCPATH\index.php(79): CodeIgniter\CodeIgniter->run()
