INFO - 2024-06-02 22:39:17 --> Session: Class initialized using 'CodeIgniter\Session\Handlers\FileHandler' driver.
INFO - 2024-06-02 22:39:18 --> Session: Class initialized using 'CodeIgniter\Session\Handlers\FileHandler' driver.
WARNING - 2024-06-02 22:40:10 --> [DEPRECATED] Function utf8_decode() is deprecated in APPPATH\Controllers\ContratoController.php on line 404.
 1 SYSTEMPATH\CodeIgniter.php(941): App\Controllers\ContratoController->recibo()
 2 SYSTEMPATH\CodeIgniter.php(502): CodeIgniter\CodeIgniter->runController(Object(App\Controllers\ContratoController))
 3 SYSTEMPATH\CodeIgniter.php(361): CodeIgniter\CodeIgniter->handleRequest(null, Object(Config\Cache), false)
 4 FCPATH\index.php(79): CodeIgniter\CodeIgniter->run()
WARNING - 2024-06-02 22:40:11 --> [DEPRECATED] Function utf8_decode() is deprecated in APPPATH\Controllers\ContratoController.php on line 407.
 1 SYSTEMPATH\CodeIgniter.php(941): App\Controllers\ContratoController->recibo()
 2 SYSTEMPATH\CodeIgniter.php(502): CodeIgniter\CodeIgniter->runController(Object(App\Controllers\ContratoController))
 3 SYSTEMPATH\CodeIgniter.php(361): CodeIgniter\CodeIgniter->handleRequest(null, Object(Config\Cache), false)
 4 FCPATH\index.php(79): CodeIgniter\CodeIgniter->run()
WARNING - 2024-06-02 22:40:11 --> [DEPRECATED] Function utf8_decode() is deprecated in APPPATH\Controllers\ContratoController.php on line 409.
 1 SYSTEMPATH\CodeIgniter.php(941): App\Controllers\ContratoController->recibo()
 2 SYSTEMPATH\CodeIgniter.php(502): CodeIgniter\CodeIgniter->runController(Object(App\Controllers\ContratoController))
 3 SYSTEMPATH\CodeIgniter.php(361): CodeIgniter\CodeIgniter->handleRequest(null, Object(Config\Cache), false)
 4 FCPATH\index.php(79): CodeIgniter\CodeIgniter->run()
WARNING - 2024-06-02 22:40:11 --> [DEPRECATED] Function utf8_decode() is deprecated in APPPATH\Controllers\ContratoController.php on line 411.
 1 SYSTEMPATH\CodeIgniter.php(941): App\Controllers\ContratoController->recibo()
 2 SYSTEMPATH\CodeIgniter.php(502): CodeIgniter\CodeIgniter->runController(Object(App\Controllers\ContratoController))
 3 SYSTEMPATH\CodeIgniter.php(361): CodeIgniter\CodeIgniter->handleRequest(null, Object(Config\Cache), false)
 4 FCPATH\index.php(79): CodeIgniter\CodeIgniter->run()
WARNING - 2024-06-02 23:13:40 --> [DEPRECATED] Function utf8_decode() is deprecated in APPPATH\Controllers\ContratoController.php on line 404.
 1 SYSTEMPATH\CodeIgniter.php(941): App\Controllers\ContratoController->recibo()
 2 SYSTEMPATH\CodeIgniter.php(502): CodeIgniter\CodeIgniter->runController(Object(App\Controllers\ContratoController))
 3 SYSTEMPATH\CodeIgniter.php(361): CodeIgniter\CodeIgniter->handleRequest(null, Object(Config\Cache), false)
 4 FCPATH\index.php(79): CodeIgniter\CodeIgniter->run()
WARNING - 2024-06-02 23:13:40 --> [DEPRECATED] Function utf8_decode() is deprecated in APPPATH\Controllers\ContratoController.php on line 407.
 1 SYSTEMPATH\CodeIgniter.php(941): App\Controllers\ContratoController->recibo()
 2 SYSTEMPATH\CodeIgniter.php(502): CodeIgniter\CodeIgniter->runController(Object(App\Controllers\ContratoController))
 3 SYSTEMPATH\CodeIgniter.php(361): CodeIgniter\CodeIgniter->handleRequest(null, Object(Config\Cache), false)
 4 FCPATH\index.php(79): CodeIgniter\CodeIgniter->run()
WARNING - 2024-06-02 23:13:40 --> [DEPRECATED] Function utf8_decode() is deprecated in APPPATH\Controllers\ContratoController.php on line 409.
 1 SYSTEMPATH\CodeIgniter.php(941): App\Controllers\ContratoController->recibo()
 2 SYSTEMPATH\CodeIgniter.php(502): CodeIgniter\CodeIgniter->runController(Object(App\Controllers\ContratoController))
 3 SYSTEMPATH\CodeIgniter.php(361): CodeIgniter\CodeIgniter->handleRequest(null, Object(Config\Cache), false)
 4 FCPATH\index.php(79): CodeIgniter\CodeIgniter->run()
WARNING - 2024-06-02 23:13:40 --> [DEPRECATED] Function utf8_decode() is deprecated in APPPATH\Controllers\ContratoController.php on line 411.
 1 SYSTEMPATH\CodeIgniter.php(941): App\Controllers\ContratoController->recibo()
 2 SYSTEMPATH\CodeIgniter.php(502): CodeIgniter\CodeIgniter->runController(Object(App\Controllers\ContratoController))
 3 SYSTEMPATH\CodeIgniter.php(361): CodeIgniter\CodeIgniter->handleRequest(null, Object(Config\Cache), false)
 4 FCPATH\index.php(79): CodeIgniter\CodeIgniter->run()
WARNING - 2024-06-02 23:19:06 --> [DEPRECATED] Function utf8_decode() is deprecated in APPPATH\Controllers\ContratoController.php on line 404.
 1 SYSTEMPATH\CodeIgniter.php(941): App\Controllers\ContratoController->recibo()
 2 SYSTEMPATH\CodeIgniter.php(502): CodeIgniter\CodeIgniter->runController(Object(App\Controllers\ContratoController))
 3 SYSTEMPATH\CodeIgniter.php(361): CodeIgniter\CodeIgniter->handleRequest(null, Object(Config\Cache), false)
 4 FCPATH\index.php(79): CodeIgniter\CodeIgniter->run()
WARNING - 2024-06-02 23:19:06 --> [DEPRECATED] Function utf8_decode() is deprecated in APPPATH\Controllers\ContratoController.php on line 407.
 1 SYSTEMPATH\CodeIgniter.php(941): App\Controllers\ContratoController->recibo()
 2 SYSTEMPATH\CodeIgniter.php(502): CodeIgniter\CodeIgniter->runController(Object(App\Controllers\ContratoController))
 3 SYSTEMPATH\CodeIgniter.php(361): CodeIgniter\CodeIgniter->handleRequest(null, Object(Config\Cache), false)
 4 FCPATH\index.php(79): CodeIgniter\CodeIgniter->run()
WARNING - 2024-06-02 23:19:06 --> [DEPRECATED] Function utf8_decode() is deprecated in APPPATH\Controllers\ContratoController.php on line 409.
 1 SYSTEMPATH\CodeIgniter.php(941): App\Controllers\ContratoController->recibo()
 2 SYSTEMPATH\CodeIgniter.php(502): CodeIgniter\CodeIgniter->runController(Object(App\Controllers\ContratoController))
 3 SYSTEMPATH\CodeIgniter.php(361): CodeIgniter\CodeIgniter->handleRequest(null, Object(Config\Cache), false)
 4 FCPATH\index.php(79): CodeIgniter\CodeIgniter->run()
WARNING - 2024-06-02 23:19:06 --> [DEPRECATED] Function utf8_decode() is deprecated in APPPATH\Controllers\ContratoController.php on line 411.
 1 SYSTEMPATH\CodeIgniter.php(941): App\Controllers\ContratoController->recibo()
 2 SYSTEMPATH\CodeIgniter.php(502): CodeIgniter\CodeIgniter->runController(Object(App\Controllers\ContratoController))
 3 SYSTEMPATH\CodeIgniter.php(361): CodeIgniter\CodeIgniter->handleRequest(null, Object(Config\Cache), false)
 4 FCPATH\index.php(79): CodeIgniter\CodeIgniter->run()
WARNING - 2024-06-02 23:19:43 --> [DEPRECATED] Function utf8_decode() is deprecated in APPPATH\Controllers\ContratoController.php on line 404.
 1 SYSTEMPATH\CodeIgniter.php(941): App\Controllers\ContratoController->recibo()
 2 SYSTEMPATH\CodeIgniter.php(502): CodeIgniter\CodeIgniter->runController(Object(App\Controllers\ContratoController))
 3 SYSTEMPATH\CodeIgniter.php(361): CodeIgniter\CodeIgniter->handleRequest(null, Object(Config\Cache), false)
 4 FCPATH\index.php(79): CodeIgniter\CodeIgniter->run()
WARNING - 2024-06-02 23:19:43 --> [DEPRECATED] Function utf8_decode() is deprecated in APPPATH\Controllers\ContratoController.php on line 407.
 1 SYSTEMPATH\CodeIgniter.php(941): App\Controllers\ContratoController->recibo()
 2 SYSTEMPATH\CodeIgniter.php(502): CodeIgniter\CodeIgniter->runController(Object(App\Controllers\ContratoController))
 3 SYSTEMPATH\CodeIgniter.php(361): CodeIgniter\CodeIgniter->handleRequest(null, Object(Config\Cache), false)
 4 FCPATH\index.php(79): CodeIgniter\CodeIgniter->run()
WARNING - 2024-06-02 23:19:43 --> [DEPRECATED] Function utf8_decode() is deprecated in APPPATH\Controllers\ContratoController.php on line 409.
 1 SYSTEMPATH\CodeIgniter.php(941): App\Controllers\ContratoController->recibo()
 2 SYSTEMPATH\CodeIgniter.php(502): CodeIgniter\CodeIgniter->runController(Object(App\Controllers\ContratoController))
 3 SYSTEMPATH\CodeIgniter.php(361): CodeIgniter\CodeIgniter->handleRequest(null, Object(Config\Cache), false)
 4 FCPATH\index.php(79): CodeIgniter\CodeIgniter->run()
WARNING - 2024-06-02 23:19:43 --> [DEPRECATED] Function utf8_decode() is deprecated in APPPATH\Controllers\ContratoController.php on line 411.
 1 SYSTEMPATH\CodeIgniter.php(941): App\Controllers\ContratoController->recibo()
 2 SYSTEMPATH\CodeIgniter.php(502): CodeIgniter\CodeIgniter->runController(Object(App\Controllers\ContratoController))
 3 SYSTEMPATH\CodeIgniter.php(361): CodeIgniter\CodeIgniter->handleRequest(null, Object(Config\Cache), false)
 4 FCPATH\index.php(79): CodeIgniter\CodeIgniter->run()
WARNING - 2024-06-02 23:20:06 --> [DEPRECATED] Function utf8_decode() is deprecated in APPPATH\Controllers\ContratoController.php on line 404.
 1 SYSTEMPATH\CodeIgniter.php(941): App\Controllers\ContratoController->recibo()
 2 SYSTEMPATH\CodeIgniter.php(502): CodeIgniter\CodeIgniter->runController(Object(App\Controllers\ContratoController))
 3 SYSTEMPATH\CodeIgniter.php(361): CodeIgniter\CodeIgniter->handleRequest(null, Object(Config\Cache), false)
 4 FCPATH\index.php(79): CodeIgniter\CodeIgniter->run()
WARNING - 2024-06-02 23:20:06 --> [DEPRECATED] Function utf8_decode() is deprecated in APPPATH\Controllers\ContratoController.php on line 407.
 1 SYSTEMPATH\CodeIgniter.php(941): App\Controllers\ContratoController->recibo()
 2 SYSTEMPATH\CodeIgniter.php(502): CodeIgniter\CodeIgniter->runController(Object(App\Controllers\ContratoController))
 3 SYSTEMPATH\CodeIgniter.php(361): CodeIgniter\CodeIgniter->handleRequest(null, Object(Config\Cache), false)
 4 FCPATH\index.php(79): CodeIgniter\CodeIgniter->run()
WARNING - 2024-06-02 23:20:06 --> [DEPRECATED] Function utf8_decode() is deprecated in APPPATH\Controllers\ContratoController.php on line 409.
 1 SYSTEMPATH\CodeIgniter.php(941): App\Controllers\ContratoController->recibo()
 2 SYSTEMPATH\CodeIgniter.php(502): CodeIgniter\CodeIgniter->runController(Object(App\Controllers\ContratoController))
 3 SYSTEMPATH\CodeIgniter.php(361): CodeIgniter\CodeIgniter->handleRequest(null, Object(Config\Cache), false)
 4 FCPATH\index.php(79): CodeIgniter\CodeIgniter->run()
WARNING - 2024-06-02 23:20:06 --> [DEPRECATED] Function utf8_decode() is deprecated in APPPATH\Controllers\ContratoController.php on line 411.
 1 SYSTEMPATH\CodeIgniter.php(941): App\Controllers\ContratoController->recibo()
 2 SYSTEMPATH\CodeIgniter.php(502): CodeIgniter\CodeIgniter->runController(Object(App\Controllers\ContratoController))
 3 SYSTEMPATH\CodeIgniter.php(361): CodeIgniter\CodeIgniter->handleRequest(null, Object(Config\Cache), false)
 4 FCPATH\index.php(79): CodeIgniter\CodeIgniter->run()
WARNING - 2024-06-02 23:20:22 --> [DEPRECATED] Function utf8_decode() is deprecated in APPPATH\Controllers\ContratoController.php on line 404.
 1 SYSTEMPATH\CodeIgniter.php(941): App\Controllers\ContratoController->recibo()
 2 SYSTEMPATH\CodeIgniter.php(502): CodeIgniter\CodeIgniter->runController(Object(App\Controllers\ContratoController))
 3 SYSTEMPATH\CodeIgniter.php(361): CodeIgniter\CodeIgniter->handleRequest(null, Object(Config\Cache), false)
 4 FCPATH\index.php(79): CodeIgniter\CodeIgniter->run()
WARNING - 2024-06-02 23:20:22 --> [DEPRECATED] Function utf8_decode() is deprecated in APPPATH\Controllers\ContratoController.php on line 407.
 1 SYSTEMPATH\CodeIgniter.php(941): App\Controllers\ContratoController->recibo()
 2 SYSTEMPATH\CodeIgniter.php(502): CodeIgniter\CodeIgniter->runController(Object(App\Controllers\ContratoController))
 3 SYSTEMPATH\CodeIgniter.php(361): CodeIgniter\CodeIgniter->handleRequest(null, Object(Config\Cache), false)
 4 FCPATH\index.php(79): CodeIgniter\CodeIgniter->run()
WARNING - 2024-06-02 23:20:22 --> [DEPRECATED] Function utf8_decode() is deprecated in APPPATH\Controllers\ContratoController.php on line 409.
 1 SYSTEMPATH\CodeIgniter.php(941): App\Controllers\ContratoController->recibo()
 2 SYSTEMPATH\CodeIgniter.php(502): CodeIgniter\CodeIgniter->runController(Object(App\Controllers\ContratoController))
 3 SYSTEMPATH\CodeIgniter.php(361): CodeIgniter\CodeIgniter->handleRequest(null, Object(Config\Cache), false)
 4 FCPATH\index.php(79): CodeIgniter\CodeIgniter->run()
WARNING - 2024-06-02 23:20:22 --> [DEPRECATED] Function utf8_decode() is deprecated in APPPATH\Controllers\ContratoController.php on line 411.
 1 SYSTEMPATH\CodeIgniter.php(941): App\Controllers\ContratoController->recibo()
 2 SYSTEMPATH\CodeIgniter.php(502): CodeIgniter\CodeIgniter->runController(Object(App\Controllers\ContratoController))
 3 SYSTEMPATH\CodeIgniter.php(361): CodeIgniter\CodeIgniter->handleRequest(null, Object(Config\Cache), false)
 4 FCPATH\index.php(79): CodeIgniter\CodeIgniter->run()
WARNING - 2024-06-02 23:20:42 --> [DEPRECATED] Function utf8_decode() is deprecated in APPPATH\Controllers\ContratoController.php on line 404.
 1 SYSTEMPATH\CodeIgniter.php(941): App\Controllers\ContratoController->recibo()
 2 SYSTEMPATH\CodeIgniter.php(502): CodeIgniter\CodeIgniter->runController(Object(App\Controllers\ContratoController))
 3 SYSTEMPATH\CodeIgniter.php(361): CodeIgniter\CodeIgniter->handleRequest(null, Object(Config\Cache), false)
 4 FCPATH\index.php(79): CodeIgniter\CodeIgniter->run()
WARNING - 2024-06-02 23:20:42 --> [DEPRECATED] Function utf8_decode() is deprecated in APPPATH\Controllers\ContratoController.php on line 407.
 1 SYSTEMPATH\CodeIgniter.php(941): App\Controllers\ContratoController->recibo()
 2 SYSTEMPATH\CodeIgniter.php(502): CodeIgniter\CodeIgniter->runController(Object(App\Controllers\ContratoController))
 3 SYSTEMPATH\CodeIgniter.php(361): CodeIgniter\CodeIgniter->handleRequest(null, Object(Config\Cache), false)
 4 FCPATH\index.php(79): CodeIgniter\CodeIgniter->run()
WARNING - 2024-06-02 23:20:42 --> [DEPRECATED] Function utf8_decode() is deprecated in APPPATH\Controllers\ContratoController.php on line 409.
 1 SYSTEMPATH\CodeIgniter.php(941): App\Controllers\ContratoController->recibo()
 2 SYSTEMPATH\CodeIgniter.php(502): CodeIgniter\CodeIgniter->runController(Object(App\Controllers\ContratoController))
 3 SYSTEMPATH\CodeIgniter.php(361): CodeIgniter\CodeIgniter->handleRequest(null, Object(Config\Cache), false)
 4 FCPATH\index.php(79): CodeIgniter\CodeIgniter->run()
WARNING - 2024-06-02 23:20:42 --> [DEPRECATED] Function utf8_decode() is deprecated in APPPATH\Controllers\ContratoController.php on line 411.
 1 SYSTEMPATH\CodeIgniter.php(941): App\Controllers\ContratoController->recibo()
 2 SYSTEMPATH\CodeIgniter.php(502): CodeIgniter\CodeIgniter->runController(Object(App\Controllers\ContratoController))
 3 SYSTEMPATH\CodeIgniter.php(361): CodeIgniter\CodeIgniter->handleRequest(null, Object(Config\Cache), false)
 4 FCPATH\index.php(79): CodeIgniter\CodeIgniter->run()
WARNING - 2024-06-02 23:20:56 --> [DEPRECATED] Function utf8_decode() is deprecated in APPPATH\Controllers\ContratoController.php on line 404.
 1 SYSTEMPATH\CodeIgniter.php(941): App\Controllers\ContratoController->recibo()
 2 SYSTEMPATH\CodeIgniter.php(502): CodeIgniter\CodeIgniter->runController(Object(App\Controllers\ContratoController))
 3 SYSTEMPATH\CodeIgniter.php(361): CodeIgniter\CodeIgniter->handleRequest(null, Object(Config\Cache), false)
 4 FCPATH\index.php(79): CodeIgniter\CodeIgniter->run()
WARNING - 2024-06-02 23:20:56 --> [DEPRECATED] Function utf8_decode() is deprecated in APPPATH\Controllers\ContratoController.php on line 407.
 1 SYSTEMPATH\CodeIgniter.php(941): App\Controllers\ContratoController->recibo()
 2 SYSTEMPATH\CodeIgniter.php(502): CodeIgniter\CodeIgniter->runController(Object(App\Controllers\ContratoController))
 3 SYSTEMPATH\CodeIgniter.php(361): CodeIgniter\CodeIgniter->handleRequest(null, Object(Config\Cache), false)
 4 FCPATH\index.php(79): CodeIgniter\CodeIgniter->run()
WARNING - 2024-06-02 23:20:56 --> [DEPRECATED] Function utf8_decode() is deprecated in APPPATH\Controllers\ContratoController.php on line 409.
 1 SYSTEMPATH\CodeIgniter.php(941): App\Controllers\ContratoController->recibo()
 2 SYSTEMPATH\CodeIgniter.php(502): CodeIgniter\CodeIgniter->runController(Object(App\Controllers\ContratoController))
 3 SYSTEMPATH\CodeIgniter.php(361): CodeIgniter\CodeIgniter->handleRequest(null, Object(Config\Cache), false)
 4 FCPATH\index.php(79): CodeIgniter\CodeIgniter->run()
WARNING - 2024-06-02 23:20:56 --> [DEPRECATED] Function utf8_decode() is deprecated in APPPATH\Controllers\ContratoController.php on line 411.
 1 SYSTEMPATH\CodeIgniter.php(941): App\Controllers\ContratoController->recibo()
 2 SYSTEMPATH\CodeIgniter.php(502): CodeIgniter\CodeIgniter->runController(Object(App\Controllers\ContratoController))
 3 SYSTEMPATH\CodeIgniter.php(361): CodeIgniter\CodeIgniter->handleRequest(null, Object(Config\Cache), false)
 4 FCPATH\index.php(79): CodeIgniter\CodeIgniter->run()
WARNING - 2024-06-02 23:24:26 --> [DEPRECATED] Function utf8_decode() is deprecated in APPPATH\Controllers\ContratoController.php on line 404.
 1 SYSTEMPATH\CodeIgniter.php(941): App\Controllers\ContratoController->recibo()
 2 SYSTEMPATH\CodeIgniter.php(502): CodeIgniter\CodeIgniter->runController(Object(App\Controllers\ContratoController))
 3 SYSTEMPATH\CodeIgniter.php(361): CodeIgniter\CodeIgniter->handleRequest(null, Object(Config\Cache), false)
 4 FCPATH\index.php(79): CodeIgniter\CodeIgniter->run()
WARNING - 2024-06-02 23:24:26 --> [DEPRECATED] Function utf8_decode() is deprecated in APPPATH\Controllers\ContratoController.php on line 407.
 1 SYSTEMPATH\CodeIgniter.php(941): App\Controllers\ContratoController->recibo()
 2 SYSTEMPATH\CodeIgniter.php(502): CodeIgniter\CodeIgniter->runController(Object(App\Controllers\ContratoController))
 3 SYSTEMPATH\CodeIgniter.php(361): CodeIgniter\CodeIgniter->handleRequest(null, Object(Config\Cache), false)
 4 FCPATH\index.php(79): CodeIgniter\CodeIgniter->run()
WARNING - 2024-06-02 23:24:26 --> [DEPRECATED] Function utf8_decode() is deprecated in APPPATH\Controllers\ContratoController.php on line 409.
 1 SYSTEMPATH\CodeIgniter.php(941): App\Controllers\ContratoController->recibo()
 2 SYSTEMPATH\CodeIgniter.php(502): CodeIgniter\CodeIgniter->runController(Object(App\Controllers\ContratoController))
 3 SYSTEMPATH\CodeIgniter.php(361): CodeIgniter\CodeIgniter->handleRequest(null, Object(Config\Cache), false)
 4 FCPATH\index.php(79): CodeIgniter\CodeIgniter->run()
WARNING - 2024-06-02 23:24:26 --> [DEPRECATED] Function utf8_decode() is deprecated in APPPATH\Controllers\ContratoController.php on line 411.
 1 SYSTEMPATH\CodeIgniter.php(941): App\Controllers\ContratoController->recibo()
 2 SYSTEMPATH\CodeIgniter.php(502): CodeIgniter\CodeIgniter->runController(Object(App\Controllers\ContratoController))
 3 SYSTEMPATH\CodeIgniter.php(361): CodeIgniter\CodeIgniter->handleRequest(null, Object(Config\Cache), false)
 4 FCPATH\index.php(79): CodeIgniter\CodeIgniter->run()
WARNING - 2024-06-02 23:24:57 --> [DEPRECATED] Function utf8_decode() is deprecated in APPPATH\Controllers\ContratoController.php on line 404.
 1 SYSTEMPATH\CodeIgniter.php(941): App\Controllers\ContratoController->recibo()
 2 SYSTEMPATH\CodeIgniter.php(502): CodeIgniter\CodeIgniter->runController(Object(App\Controllers\ContratoController))
 3 SYSTEMPATH\CodeIgniter.php(361): CodeIgniter\CodeIgniter->handleRequest(null, Object(Config\Cache), false)
 4 FCPATH\index.php(79): CodeIgniter\CodeIgniter->run()
WARNING - 2024-06-02 23:24:57 --> [DEPRECATED] Function utf8_decode() is deprecated in APPPATH\Controllers\ContratoController.php on line 407.
 1 SYSTEMPATH\CodeIgniter.php(941): App\Controllers\ContratoController->recibo()
 2 SYSTEMPATH\CodeIgniter.php(502): CodeIgniter\CodeIgniter->runController(Object(App\Controllers\ContratoController))
 3 SYSTEMPATH\CodeIgniter.php(361): CodeIgniter\CodeIgniter->handleRequest(null, Object(Config\Cache), false)
 4 FCPATH\index.php(79): CodeIgniter\CodeIgniter->run()
WARNING - 2024-06-02 23:24:57 --> [DEPRECATED] Function utf8_decode() is deprecated in APPPATH\Controllers\ContratoController.php on line 409.
 1 SYSTEMPATH\CodeIgniter.php(941): App\Controllers\ContratoController->recibo()
 2 SYSTEMPATH\CodeIgniter.php(502): CodeIgniter\CodeIgniter->runController(Object(App\Controllers\ContratoController))
 3 SYSTEMPATH\CodeIgniter.php(361): CodeIgniter\CodeIgniter->handleRequest(null, Object(Config\Cache), false)
 4 FCPATH\index.php(79): CodeIgniter\CodeIgniter->run()
WARNING - 2024-06-02 23:24:57 --> [DEPRECATED] Function utf8_decode() is deprecated in APPPATH\Controllers\ContratoController.php on line 411.
 1 SYSTEMPATH\CodeIgniter.php(941): App\Controllers\ContratoController->recibo()
 2 SYSTEMPATH\CodeIgniter.php(502): CodeIgniter\CodeIgniter->runController(Object(App\Controllers\ContratoController))
 3 SYSTEMPATH\CodeIgniter.php(361): CodeIgniter\CodeIgniter->handleRequest(null, Object(Config\Cache), false)
 4 FCPATH\index.php(79): CodeIgniter\CodeIgniter->run()
WARNING - 2024-06-02 23:26:43 --> [DEPRECATED] Function utf8_decode() is deprecated in APPPATH\Controllers\ContratoController.php on line 404.
 1 SYSTEMPATH\CodeIgniter.php(941): App\Controllers\ContratoController->recibo()
 2 SYSTEMPATH\CodeIgniter.php(502): CodeIgniter\CodeIgniter->runController(Object(App\Controllers\ContratoController))
 3 SYSTEMPATH\CodeIgniter.php(361): CodeIgniter\CodeIgniter->handleRequest(null, Object(Config\Cache), false)
 4 FCPATH\index.php(79): CodeIgniter\CodeIgniter->run()
WARNING - 2024-06-02 23:26:43 --> [DEPRECATED] Function utf8_decode() is deprecated in APPPATH\Controllers\ContratoController.php on line 407.
 1 SYSTEMPATH\CodeIgniter.php(941): App\Controllers\ContratoController->recibo()
 2 SYSTEMPATH\CodeIgniter.php(502): CodeIgniter\CodeIgniter->runController(Object(App\Controllers\ContratoController))
 3 SYSTEMPATH\CodeIgniter.php(361): CodeIgniter\CodeIgniter->handleRequest(null, Object(Config\Cache), false)
 4 FCPATH\index.php(79): CodeIgniter\CodeIgniter->run()
WARNING - 2024-06-02 23:26:43 --> [DEPRECATED] Function utf8_decode() is deprecated in APPPATH\Controllers\ContratoController.php on line 409.
 1 SYSTEMPATH\CodeIgniter.php(941): App\Controllers\ContratoController->recibo()
 2 SYSTEMPATH\CodeIgniter.php(502): CodeIgniter\CodeIgniter->runController(Object(App\Controllers\ContratoController))
 3 SYSTEMPATH\CodeIgniter.php(361): CodeIgniter\CodeIgniter->handleRequest(null, Object(Config\Cache), false)
 4 FCPATH\index.php(79): CodeIgniter\CodeIgniter->run()
WARNING - 2024-06-02 23:26:43 --> [DEPRECATED] Function utf8_decode() is deprecated in APPPATH\Controllers\ContratoController.php on line 411.
 1 SYSTEMPATH\CodeIgniter.php(941): App\Controllers\ContratoController->recibo()
 2 SYSTEMPATH\CodeIgniter.php(502): CodeIgniter\CodeIgniter->runController(Object(App\Controllers\ContratoController))
 3 SYSTEMPATH\CodeIgniter.php(361): CodeIgniter\CodeIgniter->handleRequest(null, Object(Config\Cache), false)
 4 FCPATH\index.php(79): CodeIgniter\CodeIgniter->run()
WARNING - 2024-06-02 23:27:09 --> [DEPRECATED] Function utf8_decode() is deprecated in APPPATH\Controllers\ContratoController.php on line 404.
 1 SYSTEMPATH\CodeIgniter.php(941): App\Controllers\ContratoController->recibo()
 2 SYSTEMPATH\CodeIgniter.php(502): CodeIgniter\CodeIgniter->runController(Object(App\Controllers\ContratoController))
 3 SYSTEMPATH\CodeIgniter.php(361): CodeIgniter\CodeIgniter->handleRequest(null, Object(Config\Cache), false)
 4 FCPATH\index.php(79): CodeIgniter\CodeIgniter->run()
WARNING - 2024-06-02 23:27:09 --> [DEPRECATED] Function utf8_decode() is deprecated in APPPATH\Controllers\ContratoController.php on line 407.
 1 SYSTEMPATH\CodeIgniter.php(941): App\Controllers\ContratoController->recibo()
 2 SYSTEMPATH\CodeIgniter.php(502): CodeIgniter\CodeIgniter->runController(Object(App\Controllers\ContratoController))
 3 SYSTEMPATH\CodeIgniter.php(361): CodeIgniter\CodeIgniter->handleRequest(null, Object(Config\Cache), false)
 4 FCPATH\index.php(79): CodeIgniter\CodeIgniter->run()
WARNING - 2024-06-02 23:27:09 --> [DEPRECATED] Function utf8_decode() is deprecated in APPPATH\Controllers\ContratoController.php on line 409.
 1 SYSTEMPATH\CodeIgniter.php(941): App\Controllers\ContratoController->recibo()
 2 SYSTEMPATH\CodeIgniter.php(502): CodeIgniter\CodeIgniter->runController(Object(App\Controllers\ContratoController))
 3 SYSTEMPATH\CodeIgniter.php(361): CodeIgniter\CodeIgniter->handleRequest(null, Object(Config\Cache), false)
 4 FCPATH\index.php(79): CodeIgniter\CodeIgniter->run()
WARNING - 2024-06-02 23:27:09 --> [DEPRECATED] Function utf8_decode() is deprecated in APPPATH\Controllers\ContratoController.php on line 411.
 1 SYSTEMPATH\CodeIgniter.php(941): App\Controllers\ContratoController->recibo()
 2 SYSTEMPATH\CodeIgniter.php(502): CodeIgniter\CodeIgniter->runController(Object(App\Controllers\ContratoController))
 3 SYSTEMPATH\CodeIgniter.php(361): CodeIgniter\CodeIgniter->handleRequest(null, Object(Config\Cache), false)
 4 FCPATH\index.php(79): CodeIgniter\CodeIgniter->run()
WARNING - 2024-06-02 23:27:34 --> [DEPRECATED] Function utf8_decode() is deprecated in APPPATH\Controllers\ContratoController.php on line 404.
 1 SYSTEMPATH\CodeIgniter.php(941): App\Controllers\ContratoController->recibo()
 2 SYSTEMPATH\CodeIgniter.php(502): CodeIgniter\CodeIgniter->runController(Object(App\Controllers\ContratoController))
 3 SYSTEMPATH\CodeIgniter.php(361): CodeIgniter\CodeIgniter->handleRequest(null, Object(Config\Cache), false)
 4 FCPATH\index.php(79): CodeIgniter\CodeIgniter->run()
WARNING - 2024-06-02 23:27:34 --> [DEPRECATED] Function utf8_decode() is deprecated in APPPATH\Controllers\ContratoController.php on line 407.
 1 SYSTEMPATH\CodeIgniter.php(941): App\Controllers\ContratoController->recibo()
 2 SYSTEMPATH\CodeIgniter.php(502): CodeIgniter\CodeIgniter->runController(Object(App\Controllers\ContratoController))
 3 SYSTEMPATH\CodeIgniter.php(361): CodeIgniter\CodeIgniter->handleRequest(null, Object(Config\Cache), false)
 4 FCPATH\index.php(79): CodeIgniter\CodeIgniter->run()
WARNING - 2024-06-02 23:27:34 --> [DEPRECATED] Function utf8_decode() is deprecated in APPPATH\Controllers\ContratoController.php on line 409.
 1 SYSTEMPATH\CodeIgniter.php(941): App\Controllers\ContratoController->recibo()
 2 SYSTEMPATH\CodeIgniter.php(502): CodeIgniter\CodeIgniter->runController(Object(App\Controllers\ContratoController))
 3 SYSTEMPATH\CodeIgniter.php(361): CodeIgniter\CodeIgniter->handleRequest(null, Object(Config\Cache), false)
 4 FCPATH\index.php(79): CodeIgniter\CodeIgniter->run()
WARNING - 2024-06-02 23:27:34 --> [DEPRECATED] Function utf8_decode() is deprecated in APPPATH\Controllers\ContratoController.php on line 411.
 1 SYSTEMPATH\CodeIgniter.php(941): App\Controllers\ContratoController->recibo()
 2 SYSTEMPATH\CodeIgniter.php(502): CodeIgniter\CodeIgniter->runController(Object(App\Controllers\ContratoController))
 3 SYSTEMPATH\CodeIgniter.php(361): CodeIgniter\CodeIgniter->handleRequest(null, Object(Config\Cache), false)
 4 FCPATH\index.php(79): CodeIgniter\CodeIgniter->run()
WARNING - 2024-06-02 23:28:07 --> [DEPRECATED] Function utf8_decode() is deprecated in APPPATH\Controllers\ContratoController.php on line 404.
 1 SYSTEMPATH\CodeIgniter.php(941): App\Controllers\ContratoController->recibo()
 2 SYSTEMPATH\CodeIgniter.php(502): CodeIgniter\CodeIgniter->runController(Object(App\Controllers\ContratoController))
 3 SYSTEMPATH\CodeIgniter.php(361): CodeIgniter\CodeIgniter->handleRequest(null, Object(Config\Cache), false)
 4 FCPATH\index.php(79): CodeIgniter\CodeIgniter->run()
WARNING - 2024-06-02 23:28:07 --> [DEPRECATED] Function utf8_decode() is deprecated in APPPATH\Controllers\ContratoController.php on line 407.
 1 SYSTEMPATH\CodeIgniter.php(941): App\Controllers\ContratoController->recibo()
 2 SYSTEMPATH\CodeIgniter.php(502): CodeIgniter\CodeIgniter->runController(Object(App\Controllers\ContratoController))
 3 SYSTEMPATH\CodeIgniter.php(361): CodeIgniter\CodeIgniter->handleRequest(null, Object(Config\Cache), false)
 4 FCPATH\index.php(79): CodeIgniter\CodeIgniter->run()
WARNING - 2024-06-02 23:28:07 --> [DEPRECATED] Function utf8_decode() is deprecated in APPPATH\Controllers\ContratoController.php on line 409.
 1 SYSTEMPATH\CodeIgniter.php(941): App\Controllers\ContratoController->recibo()
 2 SYSTEMPATH\CodeIgniter.php(502): CodeIgniter\CodeIgniter->runController(Object(App\Controllers\ContratoController))
 3 SYSTEMPATH\CodeIgniter.php(361): CodeIgniter\CodeIgniter->handleRequest(null, Object(Config\Cache), false)
 4 FCPATH\index.php(79): CodeIgniter\CodeIgniter->run()
WARNING - 2024-06-02 23:28:07 --> [DEPRECATED] Function utf8_decode() is deprecated in APPPATH\Controllers\ContratoController.php on line 411.
 1 SYSTEMPATH\CodeIgniter.php(941): App\Controllers\ContratoController->recibo()
 2 SYSTEMPATH\CodeIgniter.php(502): CodeIgniter\CodeIgniter->runController(Object(App\Controllers\ContratoController))
 3 SYSTEMPATH\CodeIgniter.php(361): CodeIgniter\CodeIgniter->handleRequest(null, Object(Config\Cache), false)
 4 FCPATH\index.php(79): CodeIgniter\CodeIgniter->run()
WARNING - 2024-06-02 23:28:31 --> [DEPRECATED] Function utf8_decode() is deprecated in APPPATH\Controllers\ContratoController.php on line 404.
 1 SYSTEMPATH\CodeIgniter.php(941): App\Controllers\ContratoController->recibo()
 2 SYSTEMPATH\CodeIgniter.php(502): CodeIgniter\CodeIgniter->runController(Object(App\Controllers\ContratoController))
 3 SYSTEMPATH\CodeIgniter.php(361): CodeIgniter\CodeIgniter->handleRequest(null, Object(Config\Cache), false)
 4 FCPATH\index.php(79): CodeIgniter\CodeIgniter->run()
WARNING - 2024-06-02 23:28:31 --> [DEPRECATED] Function utf8_decode() is deprecated in APPPATH\Controllers\ContratoController.php on line 407.
 1 SYSTEMPATH\CodeIgniter.php(941): App\Controllers\ContratoController->recibo()
 2 SYSTEMPATH\CodeIgniter.php(502): CodeIgniter\CodeIgniter->runController(Object(App\Controllers\ContratoController))
 3 SYSTEMPATH\CodeIgniter.php(361): CodeIgniter\CodeIgniter->handleRequest(null, Object(Config\Cache), false)
 4 FCPATH\index.php(79): CodeIgniter\CodeIgniter->run()
WARNING - 2024-06-02 23:28:31 --> [DEPRECATED] Function utf8_decode() is deprecated in APPPATH\Controllers\ContratoController.php on line 409.
 1 SYSTEMPATH\CodeIgniter.php(941): App\Controllers\ContratoController->recibo()
 2 SYSTEMPATH\CodeIgniter.php(502): CodeIgniter\CodeIgniter->runController(Object(App\Controllers\ContratoController))
 3 SYSTEMPATH\CodeIgniter.php(361): CodeIgniter\CodeIgniter->handleRequest(null, Object(Config\Cache), false)
 4 FCPATH\index.php(79): CodeIgniter\CodeIgniter->run()
WARNING - 2024-06-02 23:28:31 --> [DEPRECATED] Function utf8_decode() is deprecated in APPPATH\Controllers\ContratoController.php on line 411.
 1 SYSTEMPATH\CodeIgniter.php(941): App\Controllers\ContratoController->recibo()
 2 SYSTEMPATH\CodeIgniter.php(502): CodeIgniter\CodeIgniter->runController(Object(App\Controllers\ContratoController))
 3 SYSTEMPATH\CodeIgniter.php(361): CodeIgniter\CodeIgniter->handleRequest(null, Object(Config\Cache), false)
 4 FCPATH\index.php(79): CodeIgniter\CodeIgniter->run()
WARNING - 2024-06-02 23:28:59 --> [DEPRECATED] Function utf8_decode() is deprecated in APPPATH\Controllers\ContratoController.php on line 404.
 1 SYSTEMPATH\CodeIgniter.php(941): App\Controllers\ContratoController->recibo()
 2 SYSTEMPATH\CodeIgniter.php(502): CodeIgniter\CodeIgniter->runController(Object(App\Controllers\ContratoController))
 3 SYSTEMPATH\CodeIgniter.php(361): CodeIgniter\CodeIgniter->handleRequest(null, Object(Config\Cache), false)
 4 FCPATH\index.php(79): CodeIgniter\CodeIgniter->run()
WARNING - 2024-06-02 23:28:59 --> [DEPRECATED] Function utf8_decode() is deprecated in APPPATH\Controllers\ContratoController.php on line 407.
 1 SYSTEMPATH\CodeIgniter.php(941): App\Controllers\ContratoController->recibo()
 2 SYSTEMPATH\CodeIgniter.php(502): CodeIgniter\CodeIgniter->runController(Object(App\Controllers\ContratoController))
 3 SYSTEMPATH\CodeIgniter.php(361): CodeIgniter\CodeIgniter->handleRequest(null, Object(Config\Cache), false)
 4 FCPATH\index.php(79): CodeIgniter\CodeIgniter->run()
WARNING - 2024-06-02 23:28:59 --> [DEPRECATED] Function utf8_decode() is deprecated in APPPATH\Controllers\ContratoController.php on line 409.
 1 SYSTEMPATH\CodeIgniter.php(941): App\Controllers\ContratoController->recibo()
 2 SYSTEMPATH\CodeIgniter.php(502): CodeIgniter\CodeIgniter->runController(Object(App\Controllers\ContratoController))
 3 SYSTEMPATH\CodeIgniter.php(361): CodeIgniter\CodeIgniter->handleRequest(null, Object(Config\Cache), false)
 4 FCPATH\index.php(79): CodeIgniter\CodeIgniter->run()
WARNING - 2024-06-02 23:28:59 --> [DEPRECATED] Function utf8_decode() is deprecated in APPPATH\Controllers\ContratoController.php on line 411.
 1 SYSTEMPATH\CodeIgniter.php(941): App\Controllers\ContratoController->recibo()
 2 SYSTEMPATH\CodeIgniter.php(502): CodeIgniter\CodeIgniter->runController(Object(App\Controllers\ContratoController))
 3 SYSTEMPATH\CodeIgniter.php(361): CodeIgniter\CodeIgniter->handleRequest(null, Object(Config\Cache), false)
 4 FCPATH\index.php(79): CodeIgniter\CodeIgniter->run()
WARNING - 2024-06-02 23:29:12 --> [DEPRECATED] Function utf8_decode() is deprecated in APPPATH\Controllers\ContratoController.php on line 404.
 1 SYSTEMPATH\CodeIgniter.php(941): App\Controllers\ContratoController->recibo()
 2 SYSTEMPATH\CodeIgniter.php(502): CodeIgniter\CodeIgniter->runController(Object(App\Controllers\ContratoController))
 3 SYSTEMPATH\CodeIgniter.php(361): CodeIgniter\CodeIgniter->handleRequest(null, Object(Config\Cache), false)
 4 FCPATH\index.php(79): CodeIgniter\CodeIgniter->run()
WARNING - 2024-06-02 23:29:12 --> [DEPRECATED] Function utf8_decode() is deprecated in APPPATH\Controllers\ContratoController.php on line 407.
 1 SYSTEMPATH\CodeIgniter.php(941): App\Controllers\ContratoController->recibo()
 2 SYSTEMPATH\CodeIgniter.php(502): CodeIgniter\CodeIgniter->runController(Object(App\Controllers\ContratoController))
 3 SYSTEMPATH\CodeIgniter.php(361): CodeIgniter\CodeIgniter->handleRequest(null, Object(Config\Cache), false)
 4 FCPATH\index.php(79): CodeIgniter\CodeIgniter->run()
WARNING - 2024-06-02 23:29:12 --> [DEPRECATED] Function utf8_decode() is deprecated in APPPATH\Controllers\ContratoController.php on line 409.
 1 SYSTEMPATH\CodeIgniter.php(941): App\Controllers\ContratoController->recibo()
 2 SYSTEMPATH\CodeIgniter.php(502): CodeIgniter\CodeIgniter->runController(Object(App\Controllers\ContratoController))
 3 SYSTEMPATH\CodeIgniter.php(361): CodeIgniter\CodeIgniter->handleRequest(null, Object(Config\Cache), false)
 4 FCPATH\index.php(79): CodeIgniter\CodeIgniter->run()
WARNING - 2024-06-02 23:29:12 --> [DEPRECATED] Function utf8_decode() is deprecated in APPPATH\Controllers\ContratoController.php on line 411.
 1 SYSTEMPATH\CodeIgniter.php(941): App\Controllers\ContratoController->recibo()
 2 SYSTEMPATH\CodeIgniter.php(502): CodeIgniter\CodeIgniter->runController(Object(App\Controllers\ContratoController))
 3 SYSTEMPATH\CodeIgniter.php(361): CodeIgniter\CodeIgniter->handleRequest(null, Object(Config\Cache), false)
 4 FCPATH\index.php(79): CodeIgniter\CodeIgniter->run()
