INFO - 2024-06-06 00:04:27 --> Session: Class initialized using 'CodeIgniter\Session\Handlers\FileHandler' driver.
INFO - 2024-06-06 00:05:12 --> Session: Class initialized using 'CodeIgniter\Session\Handlers\FileHandler' driver.
INFO - 2024-06-06 00:06:12 --> Session: Class initialized using 'CodeIgniter\Session\Handlers\FileHandler' driver.
INFO - 2024-06-06 00:13:45 --> Session: Class initialized using 'CodeIgniter\Session\Handlers\FileHandler' driver.
WARNING - 2024-06-06 00:14:01 --> [DEPRECATED] Function utf8_decode() is deprecated in APPPATH\Controllers\ReciboController.php on line 65.
 1 SYSTEMPATH\CodeIgniter.php(941): App\Controllers\ReciboController->recibo('8')
 2 SYSTEMPATH\CodeIgniter.php(502): CodeIgniter\CodeIgniter->runController(Object(App\Controllers\ReciboController))
 3 SYSTEMPATH\CodeIgniter.php(361): CodeIgniter\CodeIgniter->handleRequest(null, Object(Config\Cache), false)
 4 FCPATH\index.php(79): CodeIgniter\CodeIgniter->run()
WARNING - 2024-06-06 00:14:01 --> [DEPRECATED] Function utf8_decode() is deprecated in APPPATH\Controllers\ReciboController.php on line 68.
 1 SYSTEMPATH\CodeIgniter.php(941): App\Controllers\ReciboController->recibo('8')
 2 SYSTEMPATH\CodeIgniter.php(502): CodeIgniter\CodeIgniter->runController(Object(App\Controllers\ReciboController))
 3 SYSTEMPATH\CodeIgniter.php(361): CodeIgniter\CodeIgniter->handleRequest(null, Object(Config\Cache), false)
 4 FCPATH\index.php(79): CodeIgniter\CodeIgniter->run()
WARNING - 2024-06-06 00:14:01 --> [DEPRECATED] Function utf8_decode() is deprecated in APPPATH\Controllers\ReciboController.php on line 70.
 1 SYSTEMPATH\CodeIgniter.php(941): App\Controllers\ReciboController->recibo('8')
 2 SYSTEMPATH\CodeIgniter.php(502): CodeIgniter\CodeIgniter->runController(Object(App\Controllers\ReciboController))
 3 SYSTEMPATH\CodeIgniter.php(361): CodeIgniter\CodeIgniter->handleRequest(null, Object(Config\Cache), false)
 4 FCPATH\index.php(79): CodeIgniter\CodeIgniter->run()
WARNING - 2024-06-06 00:14:01 --> [DEPRECATED] Function utf8_decode() is deprecated in APPPATH\Controllers\ReciboController.php on line 73.
 1 SYSTEMPATH\CodeIgniter.php(941): App\Controllers\ReciboController->recibo('8')
 2 SYSTEMPATH\CodeIgniter.php(502): CodeIgniter\CodeIgniter->runController(Object(App\Controllers\ReciboController))
 3 SYSTEMPATH\CodeIgniter.php(361): CodeIgniter\CodeIgniter->handleRequest(null, Object(Config\Cache), false)
 4 FCPATH\index.php(79): CodeIgniter\CodeIgniter->run()
WARNING - 2024-06-06 00:14:01 --> [DEPRECATED] Function utf8_decode() is deprecated in APPPATH\Controllers\ReciboController.php on line 79.
 1 SYSTEMPATH\CodeIgniter.php(941): App\Controllers\ReciboController->recibo('8')
 2 SYSTEMPATH\CodeIgniter.php(502): CodeIgniter\CodeIgniter->runController(Object(App\Controllers\ReciboController))
 3 SYSTEMPATH\CodeIgniter.php(361): CodeIgniter\CodeIgniter->handleRequest(null, Object(Config\Cache), false)
 4 FCPATH\index.php(79): CodeIgniter\CodeIgniter->run()
WARNING - 2024-06-06 00:14:01 --> [DEPRECATED] Function utf8_decode() is deprecated in APPPATH\Controllers\ReciboController.php on line 80.
 1 SYSTEMPATH\CodeIgniter.php(941): App\Controllers\ReciboController->recibo('8')
 2 SYSTEMPATH\CodeIgniter.php(502): CodeIgniter\CodeIgniter->runController(Object(App\Controllers\ReciboController))
 3 SYSTEMPATH\CodeIgniter.php(361): CodeIgniter\CodeIgniter->handleRequest(null, Object(Config\Cache), false)
 4 FCPATH\index.php(79): CodeIgniter\CodeIgniter->run()
WARNING - 2024-06-06 00:14:01 --> [DEPRECATED] Function utf8_decode() is deprecated in APPPATH\Controllers\ReciboController.php on line 84.
 1 SYSTEMPATH\CodeIgniter.php(941): App\Controllers\ReciboController->recibo('8')
 2 SYSTEMPATH\CodeIgniter.php(502): CodeIgniter\CodeIgniter->runController(Object(App\Controllers\ReciboController))
 3 SYSTEMPATH\CodeIgniter.php(361): CodeIgniter\CodeIgniter->handleRequest(null, Object(Config\Cache), false)
 4 FCPATH\index.php(79): CodeIgniter\CodeIgniter->run()
WARNING - 2024-06-06 00:14:01 --> [DEPRECATED] Function utf8_decode() is deprecated in APPPATH\Controllers\ReciboController.php on line 88.
 1 SYSTEMPATH\CodeIgniter.php(941): App\Controllers\ReciboController->recibo('8')
 2 SYSTEMPATH\CodeIgniter.php(502): CodeIgniter\CodeIgniter->runController(Object(App\Controllers\ReciboController))
 3 SYSTEMPATH\CodeIgniter.php(361): CodeIgniter\CodeIgniter->handleRequest(null, Object(Config\Cache), false)
 4 FCPATH\index.php(79): CodeIgniter\CodeIgniter->run()
WARNING - 2024-06-06 00:14:01 --> [DEPRECATED] Function utf8_decode() is deprecated in APPPATH\Controllers\ReciboController.php on line 93.
 1 SYSTEMPATH\CodeIgniter.php(941): App\Controllers\ReciboController->recibo('8')
 2 SYSTEMPATH\CodeIgniter.php(502): CodeIgniter\CodeIgniter->runController(Object(App\Controllers\ReciboController))
 3 SYSTEMPATH\CodeIgniter.php(361): CodeIgniter\CodeIgniter->handleRequest(null, Object(Config\Cache), false)
 4 FCPATH\index.php(79): CodeIgniter\CodeIgniter->run()
WARNING - 2024-06-06 00:14:01 --> [DEPRECATED] Function utf8_decode() is deprecated in APPPATH\Controllers\ReciboController.php on line 95.
 1 SYSTEMPATH\CodeIgniter.php(941): App\Controllers\ReciboController->recibo('8')
 2 SYSTEMPATH\CodeIgniter.php(502): CodeIgniter\CodeIgniter->runController(Object(App\Controllers\ReciboController))
 3 SYSTEMPATH\CodeIgniter.php(361): CodeIgniter\CodeIgniter->handleRequest(null, Object(Config\Cache), false)
 4 FCPATH\index.php(79): CodeIgniter\CodeIgniter->run()
WARNING - 2024-06-06 00:14:01 --> [DEPRECATED] Function utf8_decode() is deprecated in APPPATH\Controllers\ReciboController.php on line 97.
 1 SYSTEMPATH\CodeIgniter.php(941): App\Controllers\ReciboController->recibo('8')
 2 SYSTEMPATH\CodeIgniter.php(502): CodeIgniter\CodeIgniter->runController(Object(App\Controllers\ReciboController))
 3 SYSTEMPATH\CodeIgniter.php(361): CodeIgniter\CodeIgniter->handleRequest(null, Object(Config\Cache), false)
 4 FCPATH\index.php(79): CodeIgniter\CodeIgniter->run()
WARNING - 2024-06-06 00:14:01 --> [DEPRECATED] Function utf8_decode() is deprecated in APPPATH\Controllers\ReciboController.php on line 99.
 1 SYSTEMPATH\CodeIgniter.php(941): App\Controllers\ReciboController->recibo('8')
 2 SYSTEMPATH\CodeIgniter.php(502): CodeIgniter\CodeIgniter->runController(Object(App\Controllers\ReciboController))
 3 SYSTEMPATH\CodeIgniter.php(361): CodeIgniter\CodeIgniter->handleRequest(null, Object(Config\Cache), false)
 4 FCPATH\index.php(79): CodeIgniter\CodeIgniter->run()
WARNING - 2024-06-06 00:14:01 --> [DEPRECATED] Function utf8_decode() is deprecated in APPPATH\Controllers\ReciboController.php on line 101.
 1 SYSTEMPATH\CodeIgniter.php(941): App\Controllers\ReciboController->recibo('8')
 2 SYSTEMPATH\CodeIgniter.php(502): CodeIgniter\CodeIgniter->runController(Object(App\Controllers\ReciboController))
 3 SYSTEMPATH\CodeIgniter.php(361): CodeIgniter\CodeIgniter->handleRequest(null, Object(Config\Cache), false)
 4 FCPATH\index.php(79): CodeIgniter\CodeIgniter->run()
WARNING - 2024-06-06 00:14:01 --> [DEPRECATED] Function utf8_decode() is deprecated in APPPATH\Controllers\ReciboController.php on line 106.
 1 SYSTEMPATH\CodeIgniter.php(941): App\Controllers\ReciboController->recibo('8')
 2 SYSTEMPATH\CodeIgniter.php(502): CodeIgniter\CodeIgniter->runController(Object(App\Controllers\ReciboController))
 3 SYSTEMPATH\CodeIgniter.php(361): CodeIgniter\CodeIgniter->handleRequest(null, Object(Config\Cache), false)
 4 FCPATH\index.php(79): CodeIgniter\CodeIgniter->run()
WARNING - 2024-06-06 00:14:01 --> [DEPRECATED] Function utf8_decode() is deprecated in APPPATH\Controllers\ReciboController.php on line 106.
 1 SYSTEMPATH\CodeIgniter.php(941): App\Controllers\ReciboController->recibo('8')
 2 SYSTEMPATH\CodeIgniter.php(502): CodeIgniter\CodeIgniter->runController(Object(App\Controllers\ReciboController))
 3 SYSTEMPATH\CodeIgniter.php(361): CodeIgniter\CodeIgniter->handleRequest(null, Object(Config\Cache), false)
 4 FCPATH\index.php(79): CodeIgniter\CodeIgniter->run()
WARNING - 2024-06-06 00:14:01 --> [DEPRECATED] Function utf8_decode() is deprecated in APPPATH\Controllers\ReciboController.php on line 109.
 1 SYSTEMPATH\CodeIgniter.php(941): App\Controllers\ReciboController->recibo('8')
 2 SYSTEMPATH\CodeIgniter.php(502): CodeIgniter\CodeIgniter->runController(Object(App\Controllers\ReciboController))
 3 SYSTEMPATH\CodeIgniter.php(361): CodeIgniter\CodeIgniter->handleRequest(null, Object(Config\Cache), false)
 4 FCPATH\index.php(79): CodeIgniter\CodeIgniter->run()
WARNING - 2024-06-06 00:14:01 --> [DEPRECATED] Function utf8_decode() is deprecated in APPPATH\Controllers\ReciboController.php on line 109.
 1 SYSTEMPATH\CodeIgniter.php(941): App\Controllers\ReciboController->recibo('8')
 2 SYSTEMPATH\CodeIgniter.php(502): CodeIgniter\CodeIgniter->runController(Object(App\Controllers\ReciboController))
 3 SYSTEMPATH\CodeIgniter.php(361): CodeIgniter\CodeIgniter->handleRequest(null, Object(Config\Cache), false)
 4 FCPATH\index.php(79): CodeIgniter\CodeIgniter->run()
WARNING - 2024-06-06 00:14:01 --> [DEPRECATED] Function utf8_decode() is deprecated in APPPATH\Controllers\ReciboController.php on line 111.
 1 SYSTEMPATH\CodeIgniter.php(941): App\Controllers\ReciboController->recibo('8')
 2 SYSTEMPATH\CodeIgniter.php(502): CodeIgniter\CodeIgniter->runController(Object(App\Controllers\ReciboController))
 3 SYSTEMPATH\CodeIgniter.php(361): CodeIgniter\CodeIgniter->handleRequest(null, Object(Config\Cache), false)
 4 FCPATH\index.php(79): CodeIgniter\CodeIgniter->run()
WARNING - 2024-06-06 00:14:01 --> [DEPRECATED] Function utf8_decode() is deprecated in APPPATH\Controllers\ReciboController.php on line 111.
 1 SYSTEMPATH\CodeIgniter.php(941): App\Controllers\ReciboController->recibo('8')
 2 SYSTEMPATH\CodeIgniter.php(502): CodeIgniter\CodeIgniter->runController(Object(App\Controllers\ReciboController))
 3 SYSTEMPATH\CodeIgniter.php(361): CodeIgniter\CodeIgniter->handleRequest(null, Object(Config\Cache), false)
 4 FCPATH\index.php(79): CodeIgniter\CodeIgniter->run()
WARNING - 2024-06-06 00:14:01 --> [DEPRECATED] Function utf8_decode() is deprecated in APPPATH\Controllers\ReciboController.php on line 113.
 1 SYSTEMPATH\CodeIgniter.php(941): App\Controllers\ReciboController->recibo('8')
 2 SYSTEMPATH\CodeIgniter.php(502): CodeIgniter\CodeIgniter->runController(Object(App\Controllers\ReciboController))
 3 SYSTEMPATH\CodeIgniter.php(361): CodeIgniter\CodeIgniter->handleRequest(null, Object(Config\Cache), false)
 4 FCPATH\index.php(79): CodeIgniter\CodeIgniter->run()
WARNING - 2024-06-06 00:14:01 --> [DEPRECATED] Function utf8_decode() is deprecated in APPPATH\Controllers\ReciboController.php on line 113.
 1 SYSTEMPATH\CodeIgniter.php(941): App\Controllers\ReciboController->recibo('8')
 2 SYSTEMPATH\CodeIgniter.php(502): CodeIgniter\CodeIgniter->runController(Object(App\Controllers\ReciboController))
 3 SYSTEMPATH\CodeIgniter.php(361): CodeIgniter\CodeIgniter->handleRequest(null, Object(Config\Cache), false)
 4 FCPATH\index.php(79): CodeIgniter\CodeIgniter->run()
WARNING - 2024-06-06 00:14:01 --> [DEPRECATED] Function utf8_decode() is deprecated in APPPATH\Controllers\ReciboController.php on line 116.
 1 SYSTEMPATH\CodeIgniter.php(941): App\Controllers\ReciboController->recibo('8')
 2 SYSTEMPATH\CodeIgniter.php(502): CodeIgniter\CodeIgniter->runController(Object(App\Controllers\ReciboController))
 3 SYSTEMPATH\CodeIgniter.php(361): CodeIgniter\CodeIgniter->handleRequest(null, Object(Config\Cache), false)
 4 FCPATH\index.php(79): CodeIgniter\CodeIgniter->run()
WARNING - 2024-06-06 00:14:01 --> [DEPRECATED] Function utf8_decode() is deprecated in APPPATH\Controllers\ReciboController.php on line 116.
 1 SYSTEMPATH\CodeIgniter.php(941): App\Controllers\ReciboController->recibo('8')
 2 SYSTEMPATH\CodeIgniter.php(502): CodeIgniter\CodeIgniter->runController(Object(App\Controllers\ReciboController))
 3 SYSTEMPATH\CodeIgniter.php(361): CodeIgniter\CodeIgniter->handleRequest(null, Object(Config\Cache), false)
 4 FCPATH\index.php(79): CodeIgniter\CodeIgniter->run()
WARNING - 2024-06-06 00:14:01 --> [DEPRECATED] Function utf8_decode() is deprecated in APPPATH\Controllers\ReciboController.php on line 118.
 1 SYSTEMPATH\CodeIgniter.php(941): App\Controllers\ReciboController->recibo('8')
 2 SYSTEMPATH\CodeIgniter.php(502): CodeIgniter\CodeIgniter->runController(Object(App\Controllers\ReciboController))
 3 SYSTEMPATH\CodeIgniter.php(361): CodeIgniter\CodeIgniter->handleRequest(null, Object(Config\Cache), false)
 4 FCPATH\index.php(79): CodeIgniter\CodeIgniter->run()
WARNING - 2024-06-06 00:14:01 --> [DEPRECATED] Function utf8_decode() is deprecated in APPPATH\Controllers\ReciboController.php on line 118.
 1 SYSTEMPATH\CodeIgniter.php(941): App\Controllers\ReciboController->recibo('8')
 2 SYSTEMPATH\CodeIgniter.php(502): CodeIgniter\CodeIgniter->runController(Object(App\Controllers\ReciboController))
 3 SYSTEMPATH\CodeIgniter.php(361): CodeIgniter\CodeIgniter->handleRequest(null, Object(Config\Cache), false)
 4 FCPATH\index.php(79): CodeIgniter\CodeIgniter->run()
WARNING - 2024-06-06 00:14:01 --> [DEPRECATED] Function utf8_decode() is deprecated in APPPATH\Controllers\ReciboController.php on line 123.
 1 SYSTEMPATH\CodeIgniter.php(941): App\Controllers\ReciboController->recibo('8')
 2 SYSTEMPATH\CodeIgniter.php(502): CodeIgniter\CodeIgniter->runController(Object(App\Controllers\ReciboController))
 3 SYSTEMPATH\CodeIgniter.php(361): CodeIgniter\CodeIgniter->handleRequest(null, Object(Config\Cache), false)
 4 FCPATH\index.php(79): CodeIgniter\CodeIgniter->run()
WARNING - 2024-06-06 00:14:01 --> [DEPRECATED] Function utf8_decode() is deprecated in APPPATH\Controllers\ReciboController.php on line 123.
 1 SYSTEMPATH\CodeIgniter.php(941): App\Controllers\ReciboController->recibo('8')
 2 SYSTEMPATH\CodeIgniter.php(502): CodeIgniter\CodeIgniter->runController(Object(App\Controllers\ReciboController))
 3 SYSTEMPATH\CodeIgniter.php(361): CodeIgniter\CodeIgniter->handleRequest(null, Object(Config\Cache), false)
 4 FCPATH\index.php(79): CodeIgniter\CodeIgniter->run()
WARNING - 2024-06-06 00:14:01 --> [DEPRECATED] Function utf8_decode() is deprecated in APPPATH\Controllers\ReciboController.php on line 123.
 1 SYSTEMPATH\CodeIgniter.php(941): App\Controllers\ReciboController->recibo('8')
 2 SYSTEMPATH\CodeIgniter.php(502): CodeIgniter\CodeIgniter->runController(Object(App\Controllers\ReciboController))
 3 SYSTEMPATH\CodeIgniter.php(361): CodeIgniter\CodeIgniter->handleRequest(null, Object(Config\Cache), false)
 4 FCPATH\index.php(79): CodeIgniter\CodeIgniter->run()
WARNING - 2024-06-06 00:14:01 --> [DEPRECATED] Function utf8_decode() is deprecated in APPPATH\Controllers\ReciboController.php on line 124.
 1 SYSTEMPATH\CodeIgniter.php(941): App\Controllers\ReciboController->recibo('8')
 2 SYSTEMPATH\CodeIgniter.php(502): CodeIgniter\CodeIgniter->runController(Object(App\Controllers\ReciboController))
 3 SYSTEMPATH\CodeIgniter.php(361): CodeIgniter\CodeIgniter->handleRequest(null, Object(Config\Cache), false)
 4 FCPATH\index.php(79): CodeIgniter\CodeIgniter->run()
WARNING - 2024-06-06 00:14:01 --> [DEPRECATED] Function utf8_decode() is deprecated in APPPATH\Controllers\ReciboController.php on line 124.
 1 SYSTEMPATH\CodeIgniter.php(941): App\Controllers\ReciboController->recibo('8')
 2 SYSTEMPATH\CodeIgniter.php(502): CodeIgniter\CodeIgniter->runController(Object(App\Controllers\ReciboController))
 3 SYSTEMPATH\CodeIgniter.php(361): CodeIgniter\CodeIgniter->handleRequest(null, Object(Config\Cache), false)
 4 FCPATH\index.php(79): CodeIgniter\CodeIgniter->run()
WARNING - 2024-06-06 00:14:01 --> [DEPRECATED] Function utf8_decode() is deprecated in APPPATH\Controllers\ReciboController.php on line 124.
 1 SYSTEMPATH\CodeIgniter.php(941): App\Controllers\ReciboController->recibo('8')
 2 SYSTEMPATH\CodeIgniter.php(502): CodeIgniter\CodeIgniter->runController(Object(App\Controllers\ReciboController))
 3 SYSTEMPATH\CodeIgniter.php(361): CodeIgniter\CodeIgniter->handleRequest(null, Object(Config\Cache), false)
 4 FCPATH\index.php(79): CodeIgniter\CodeIgniter->run()
WARNING - 2024-06-06 00:14:01 --> [DEPRECATED] Function utf8_decode() is deprecated in APPPATH\Controllers\ReciboController.php on line 125.
 1 SYSTEMPATH\CodeIgniter.php(941): App\Controllers\ReciboController->recibo('8')
 2 SYSTEMPATH\CodeIgniter.php(502): CodeIgniter\CodeIgniter->runController(Object(App\Controllers\ReciboController))
 3 SYSTEMPATH\CodeIgniter.php(361): CodeIgniter\CodeIgniter->handleRequest(null, Object(Config\Cache), false)
 4 FCPATH\index.php(79): CodeIgniter\CodeIgniter->run()
WARNING - 2024-06-06 00:14:01 --> [DEPRECATED] Function utf8_decode() is deprecated in APPPATH\Controllers\ReciboController.php on line 125.
 1 SYSTEMPATH\CodeIgniter.php(941): App\Controllers\ReciboController->recibo('8')
 2 SYSTEMPATH\CodeIgniter.php(502): CodeIgniter\CodeIgniter->runController(Object(App\Controllers\ReciboController))
 3 SYSTEMPATH\CodeIgniter.php(361): CodeIgniter\CodeIgniter->handleRequest(null, Object(Config\Cache), false)
 4 FCPATH\index.php(79): CodeIgniter\CodeIgniter->run()
WARNING - 2024-06-06 00:14:01 --> [DEPRECATED] Function utf8_decode() is deprecated in APPPATH\Controllers\ReciboController.php on line 125.
 1 SYSTEMPATH\CodeIgniter.php(941): App\Controllers\ReciboController->recibo('8')
 2 SYSTEMPATH\CodeIgniter.php(502): CodeIgniter\CodeIgniter->runController(Object(App\Controllers\ReciboController))
 3 SYSTEMPATH\CodeIgniter.php(361): CodeIgniter\CodeIgniter->handleRequest(null, Object(Config\Cache), false)
 4 FCPATH\index.php(79): CodeIgniter\CodeIgniter->run()
WARNING - 2024-06-06 00:14:01 --> [DEPRECATED] Function utf8_decode() is deprecated in APPPATH\Controllers\ReciboController.php on line 126.
 1 SYSTEMPATH\CodeIgniter.php(941): App\Controllers\ReciboController->recibo('8')
 2 SYSTEMPATH\CodeIgniter.php(502): CodeIgniter\CodeIgniter->runController(Object(App\Controllers\ReciboController))
 3 SYSTEMPATH\CodeIgniter.php(361): CodeIgniter\CodeIgniter->handleRequest(null, Object(Config\Cache), false)
 4 FCPATH\index.php(79): CodeIgniter\CodeIgniter->run()
WARNING - 2024-06-06 00:14:01 --> [DEPRECATED] Function utf8_decode() is deprecated in APPPATH\Controllers\ReciboController.php on line 126.
 1 SYSTEMPATH\CodeIgniter.php(941): App\Controllers\ReciboController->recibo('8')
 2 SYSTEMPATH\CodeIgniter.php(502): CodeIgniter\CodeIgniter->runController(Object(App\Controllers\ReciboController))
 3 SYSTEMPATH\CodeIgniter.php(361): CodeIgniter\CodeIgniter->handleRequest(null, Object(Config\Cache), false)
 4 FCPATH\index.php(79): CodeIgniter\CodeIgniter->run()
WARNING - 2024-06-06 00:14:01 --> [DEPRECATED] Function utf8_decode() is deprecated in APPPATH\Controllers\ReciboController.php on line 126.
 1 SYSTEMPATH\CodeIgniter.php(941): App\Controllers\ReciboController->recibo('8')
 2 SYSTEMPATH\CodeIgniter.php(502): CodeIgniter\CodeIgniter->runController(Object(App\Controllers\ReciboController))
 3 SYSTEMPATH\CodeIgniter.php(361): CodeIgniter\CodeIgniter->handleRequest(null, Object(Config\Cache), false)
 4 FCPATH\index.php(79): CodeIgniter\CodeIgniter->run()
INFO - 2024-06-06 00:14:23 --> Session: Class initialized using 'CodeIgniter\Session\Handlers\FileHandler' driver.
INFO - 2024-06-06 00:18:35 --> Session: Class initialized using 'CodeIgniter\Session\Handlers\FileHandler' driver.
CRITICAL - 2024-06-06 00:18:53 --> ErrorException: Undefined variable $db
in APPPATH\Controllers\ReciboController.php on line 135.
 1 APPPATH\Controllers\ReciboController.php(135): CodeIgniter\Debug\Exceptions->errorHandler(2, 'Undefined variable $db', 'C:\\xampp\\htdocs\\inmobiliaria\\app\\Controllers\\ReciboController.php', 135)
 2 SYSTEMPATH\CodeIgniter.php(941): App\Controllers\ReciboController->historial('8')
 3 SYSTEMPATH\CodeIgniter.php(502): CodeIgniter\CodeIgniter->runController(Object(App\Controllers\ReciboController))
 4 SYSTEMPATH\CodeIgniter.php(361): CodeIgniter\CodeIgniter->handleRequest(null, Object(Config\Cache), false)
 5 FCPATH\index.php(79): CodeIgniter\CodeIgniter->run()
CRITICAL - 2024-06-06 00:19:25 --> ErrorException: Undefined variable $item
in APPPATH\Controllers\ReciboController.php on line 143.
 1 APPPATH\Controllers\ReciboController.php(143): CodeIgniter\Debug\Exceptions->errorHandler(2, 'Undefined variable $item', 'C:\\xampp\\htdocs\\inmobiliaria\\app\\Controllers\\ReciboController.php', 143)
 2 SYSTEMPATH\CodeIgniter.php(941): App\Controllers\ReciboController->historial('8')
 3 SYSTEMPATH\CodeIgniter.php(502): CodeIgniter\CodeIgniter->runController(Object(App\Controllers\ReciboController))
 4 SYSTEMPATH\CodeIgniter.php(361): CodeIgniter\CodeIgniter->handleRequest(null, Object(Config\Cache), false)
 5 FCPATH\index.php(79): CodeIgniter\CodeIgniter->run()
INFO - 2024-06-06 00:23:11 --> Session: Class initialized using 'CodeIgniter\Session\Handlers\FileHandler' driver.
INFO - 2024-06-06 00:23:31 --> Session: Class initialized using 'CodeIgniter\Session\Handlers\FileHandler' driver.
INFO - 2024-06-06 00:23:43 --> Session: Class initialized using 'CodeIgniter\Session\Handlers\FileHandler' driver.
INFO - 2024-06-06 00:23:43 --> Session: Class initialized using 'CodeIgniter\Session\Handlers\FileHandler' driver.
INFO - 2024-06-06 00:24:41 --> Session: Class initialized using 'CodeIgniter\Session\Handlers\FileHandler' driver.
INFO - 2024-06-06 00:24:55 --> Session: Class initialized using 'CodeIgniter\Session\Handlers\FileHandler' driver.
WARNING - 2024-06-06 00:28:50 --> [DEPRECATED] Function utf8_decode() is deprecated in APPPATH\Controllers\ReciboController.php on line 65.
 1 SYSTEMPATH\CodeIgniter.php(941): App\Controllers\ReciboController->recibo('9')
 2 SYSTEMPATH\CodeIgniter.php(502): CodeIgniter\CodeIgniter->runController(Object(App\Controllers\ReciboController))
 3 SYSTEMPATH\CodeIgniter.php(361): CodeIgniter\CodeIgniter->handleRequest(null, Object(Config\Cache), false)
 4 FCPATH\index.php(79): CodeIgniter\CodeIgniter->run()
WARNING - 2024-06-06 00:28:50 --> [DEPRECATED] Function utf8_decode() is deprecated in APPPATH\Controllers\ReciboController.php on line 68.
 1 SYSTEMPATH\CodeIgniter.php(941): App\Controllers\ReciboController->recibo('9')
 2 SYSTEMPATH\CodeIgniter.php(502): CodeIgniter\CodeIgniter->runController(Object(App\Controllers\ReciboController))
 3 SYSTEMPATH\CodeIgniter.php(361): CodeIgniter\CodeIgniter->handleRequest(null, Object(Config\Cache), false)
 4 FCPATH\index.php(79): CodeIgniter\CodeIgniter->run()
WARNING - 2024-06-06 00:28:50 --> [DEPRECATED] Function utf8_decode() is deprecated in APPPATH\Controllers\ReciboController.php on line 70.
 1 SYSTEMPATH\CodeIgniter.php(941): App\Controllers\ReciboController->recibo('9')
 2 SYSTEMPATH\CodeIgniter.php(502): CodeIgniter\CodeIgniter->runController(Object(App\Controllers\ReciboController))
 3 SYSTEMPATH\CodeIgniter.php(361): CodeIgniter\CodeIgniter->handleRequest(null, Object(Config\Cache), false)
 4 FCPATH\index.php(79): CodeIgniter\CodeIgniter->run()
WARNING - 2024-06-06 00:28:50 --> [DEPRECATED] Function utf8_decode() is deprecated in APPPATH\Controllers\ReciboController.php on line 73.
 1 SYSTEMPATH\CodeIgniter.php(941): App\Controllers\ReciboController->recibo('9')
 2 SYSTEMPATH\CodeIgniter.php(502): CodeIgniter\CodeIgniter->runController(Object(App\Controllers\ReciboController))
 3 SYSTEMPATH\CodeIgniter.php(361): CodeIgniter\CodeIgniter->handleRequest(null, Object(Config\Cache), false)
 4 FCPATH\index.php(79): CodeIgniter\CodeIgniter->run()
WARNING - 2024-06-06 00:28:50 --> [DEPRECATED] Function utf8_decode() is deprecated in APPPATH\Controllers\ReciboController.php on line 79.
 1 SYSTEMPATH\CodeIgniter.php(941): App\Controllers\ReciboController->recibo('9')
 2 SYSTEMPATH\CodeIgniter.php(502): CodeIgniter\CodeIgniter->runController(Object(App\Controllers\ReciboController))
 3 SYSTEMPATH\CodeIgniter.php(361): CodeIgniter\CodeIgniter->handleRequest(null, Object(Config\Cache), false)
 4 FCPATH\index.php(79): CodeIgniter\CodeIgniter->run()
WARNING - 2024-06-06 00:28:50 --> [DEPRECATED] Function utf8_decode() is deprecated in APPPATH\Controllers\ReciboController.php on line 80.
 1 SYSTEMPATH\CodeIgniter.php(941): App\Controllers\ReciboController->recibo('9')
 2 SYSTEMPATH\CodeIgniter.php(502): CodeIgniter\CodeIgniter->runController(Object(App\Controllers\ReciboController))
 3 SYSTEMPATH\CodeIgniter.php(361): CodeIgniter\CodeIgniter->handleRequest(null, Object(Config\Cache), false)
 4 FCPATH\index.php(79): CodeIgniter\CodeIgniter->run()
WARNING - 2024-06-06 00:28:50 --> [DEPRECATED] Function utf8_decode() is deprecated in APPPATH\Controllers\ReciboController.php on line 84.
 1 SYSTEMPATH\CodeIgniter.php(941): App\Controllers\ReciboController->recibo('9')
 2 SYSTEMPATH\CodeIgniter.php(502): CodeIgniter\CodeIgniter->runController(Object(App\Controllers\ReciboController))
 3 SYSTEMPATH\CodeIgniter.php(361): CodeIgniter\CodeIgniter->handleRequest(null, Object(Config\Cache), false)
 4 FCPATH\index.php(79): CodeIgniter\CodeIgniter->run()
WARNING - 2024-06-06 00:28:51 --> [DEPRECATED] Function utf8_decode() is deprecated in APPPATH\Controllers\ReciboController.php on line 88.
 1 SYSTEMPATH\CodeIgniter.php(941): App\Controllers\ReciboController->recibo('9')
 2 SYSTEMPATH\CodeIgniter.php(502): CodeIgniter\CodeIgniter->runController(Object(App\Controllers\ReciboController))
 3 SYSTEMPATH\CodeIgniter.php(361): CodeIgniter\CodeIgniter->handleRequest(null, Object(Config\Cache), false)
 4 FCPATH\index.php(79): CodeIgniter\CodeIgniter->run()
WARNING - 2024-06-06 00:28:51 --> [DEPRECATED] Function utf8_decode() is deprecated in APPPATH\Controllers\ReciboController.php on line 93.
 1 SYSTEMPATH\CodeIgniter.php(941): App\Controllers\ReciboController->recibo('9')
 2 SYSTEMPATH\CodeIgniter.php(502): CodeIgniter\CodeIgniter->runController(Object(App\Controllers\ReciboController))
 3 SYSTEMPATH\CodeIgniter.php(361): CodeIgniter\CodeIgniter->handleRequest(null, Object(Config\Cache), false)
 4 FCPATH\index.php(79): CodeIgniter\CodeIgniter->run()
WARNING - 2024-06-06 00:28:51 --> [DEPRECATED] Function utf8_decode() is deprecated in APPPATH\Controllers\ReciboController.php on line 95.
 1 SYSTEMPATH\CodeIgniter.php(941): App\Controllers\ReciboController->recibo('9')
 2 SYSTEMPATH\CodeIgniter.php(502): CodeIgniter\CodeIgniter->runController(Object(App\Controllers\ReciboController))
 3 SYSTEMPATH\CodeIgniter.php(361): CodeIgniter\CodeIgniter->handleRequest(null, Object(Config\Cache), false)
 4 FCPATH\index.php(79): CodeIgniter\CodeIgniter->run()
WARNING - 2024-06-06 00:28:51 --> [DEPRECATED] Function utf8_decode() is deprecated in APPPATH\Controllers\ReciboController.php on line 97.
 1 SYSTEMPATH\CodeIgniter.php(941): App\Controllers\ReciboController->recibo('9')
 2 SYSTEMPATH\CodeIgniter.php(502): CodeIgniter\CodeIgniter->runController(Object(App\Controllers\ReciboController))
 3 SYSTEMPATH\CodeIgniter.php(361): CodeIgniter\CodeIgniter->handleRequest(null, Object(Config\Cache), false)
 4 FCPATH\index.php(79): CodeIgniter\CodeIgniter->run()
WARNING - 2024-06-06 00:28:51 --> [DEPRECATED] Function utf8_decode() is deprecated in APPPATH\Controllers\ReciboController.php on line 99.
 1 SYSTEMPATH\CodeIgniter.php(941): App\Controllers\ReciboController->recibo('9')
 2 SYSTEMPATH\CodeIgniter.php(502): CodeIgniter\CodeIgniter->runController(Object(App\Controllers\ReciboController))
 3 SYSTEMPATH\CodeIgniter.php(361): CodeIgniter\CodeIgniter->handleRequest(null, Object(Config\Cache), false)
 4 FCPATH\index.php(79): CodeIgniter\CodeIgniter->run()
WARNING - 2024-06-06 00:28:51 --> [DEPRECATED] Function utf8_decode() is deprecated in APPPATH\Controllers\ReciboController.php on line 101.
 1 SYSTEMPATH\CodeIgniter.php(941): App\Controllers\ReciboController->recibo('9')
 2 SYSTEMPATH\CodeIgniter.php(502): CodeIgniter\CodeIgniter->runController(Object(App\Controllers\ReciboController))
 3 SYSTEMPATH\CodeIgniter.php(361): CodeIgniter\CodeIgniter->handleRequest(null, Object(Config\Cache), false)
 4 FCPATH\index.php(79): CodeIgniter\CodeIgniter->run()
WARNING - 2024-06-06 00:28:51 --> [DEPRECATED] Function utf8_decode() is deprecated in APPPATH\Controllers\ReciboController.php on line 106.
 1 SYSTEMPATH\CodeIgniter.php(941): App\Controllers\ReciboController->recibo('9')
 2 SYSTEMPATH\CodeIgniter.php(502): CodeIgniter\CodeIgniter->runController(Object(App\Controllers\ReciboController))
 3 SYSTEMPATH\CodeIgniter.php(361): CodeIgniter\CodeIgniter->handleRequest(null, Object(Config\Cache), false)
 4 FCPATH\index.php(79): CodeIgniter\CodeIgniter->run()
WARNING - 2024-06-06 00:28:51 --> [DEPRECATED] Function utf8_decode() is deprecated in APPPATH\Controllers\ReciboController.php on line 106.
 1 SYSTEMPATH\CodeIgniter.php(941): App\Controllers\ReciboController->recibo('9')
 2 SYSTEMPATH\CodeIgniter.php(502): CodeIgniter\CodeIgniter->runController(Object(App\Controllers\ReciboController))
 3 SYSTEMPATH\CodeIgniter.php(361): CodeIgniter\CodeIgniter->handleRequest(null, Object(Config\Cache), false)
 4 FCPATH\index.php(79): CodeIgniter\CodeIgniter->run()
WARNING - 2024-06-06 00:28:51 --> [DEPRECATED] Function utf8_decode() is deprecated in APPPATH\Controllers\ReciboController.php on line 109.
 1 SYSTEMPATH\CodeIgniter.php(941): App\Controllers\ReciboController->recibo('9')
 2 SYSTEMPATH\CodeIgniter.php(502): CodeIgniter\CodeIgniter->runController(Object(App\Controllers\ReciboController))
 3 SYSTEMPATH\CodeIgniter.php(361): CodeIgniter\CodeIgniter->handleRequest(null, Object(Config\Cache), false)
 4 FCPATH\index.php(79): CodeIgniter\CodeIgniter->run()
WARNING - 2024-06-06 00:28:51 --> [DEPRECATED] Function utf8_decode() is deprecated in APPPATH\Controllers\ReciboController.php on line 109.
 1 SYSTEMPATH\CodeIgniter.php(941): App\Controllers\ReciboController->recibo('9')
 2 SYSTEMPATH\CodeIgniter.php(502): CodeIgniter\CodeIgniter->runController(Object(App\Controllers\ReciboController))
 3 SYSTEMPATH\CodeIgniter.php(361): CodeIgniter\CodeIgniter->handleRequest(null, Object(Config\Cache), false)
 4 FCPATH\index.php(79): CodeIgniter\CodeIgniter->run()
WARNING - 2024-06-06 00:28:51 --> [DEPRECATED] Function utf8_decode() is deprecated in APPPATH\Controllers\ReciboController.php on line 111.
 1 SYSTEMPATH\CodeIgniter.php(941): App\Controllers\ReciboController->recibo('9')
 2 SYSTEMPATH\CodeIgniter.php(502): CodeIgniter\CodeIgniter->runController(Object(App\Controllers\ReciboController))
 3 SYSTEMPATH\CodeIgniter.php(361): CodeIgniter\CodeIgniter->handleRequest(null, Object(Config\Cache), false)
 4 FCPATH\index.php(79): CodeIgniter\CodeIgniter->run()
WARNING - 2024-06-06 00:28:51 --> [DEPRECATED] Function utf8_decode() is deprecated in APPPATH\Controllers\ReciboController.php on line 111.
 1 SYSTEMPATH\CodeIgniter.php(941): App\Controllers\ReciboController->recibo('9')
 2 SYSTEMPATH\CodeIgniter.php(502): CodeIgniter\CodeIgniter->runController(Object(App\Controllers\ReciboController))
 3 SYSTEMPATH\CodeIgniter.php(361): CodeIgniter\CodeIgniter->handleRequest(null, Object(Config\Cache), false)
 4 FCPATH\index.php(79): CodeIgniter\CodeIgniter->run()
WARNING - 2024-06-06 00:28:51 --> [DEPRECATED] Function utf8_decode() is deprecated in APPPATH\Controllers\ReciboController.php on line 113.
 1 SYSTEMPATH\CodeIgniter.php(941): App\Controllers\ReciboController->recibo('9')
 2 SYSTEMPATH\CodeIgniter.php(502): CodeIgniter\CodeIgniter->runController(Object(App\Controllers\ReciboController))
 3 SYSTEMPATH\CodeIgniter.php(361): CodeIgniter\CodeIgniter->handleRequest(null, Object(Config\Cache), false)
 4 FCPATH\index.php(79): CodeIgniter\CodeIgniter->run()
WARNING - 2024-06-06 00:28:51 --> [DEPRECATED] Function utf8_decode() is deprecated in APPPATH\Controllers\ReciboController.php on line 113.
 1 SYSTEMPATH\CodeIgniter.php(941): App\Controllers\ReciboController->recibo('9')
 2 SYSTEMPATH\CodeIgniter.php(502): CodeIgniter\CodeIgniter->runController(Object(App\Controllers\ReciboController))
 3 SYSTEMPATH\CodeIgniter.php(361): CodeIgniter\CodeIgniter->handleRequest(null, Object(Config\Cache), false)
 4 FCPATH\index.php(79): CodeIgniter\CodeIgniter->run()
WARNING - 2024-06-06 00:28:51 --> [DEPRECATED] Function utf8_decode() is deprecated in APPPATH\Controllers\ReciboController.php on line 116.
 1 SYSTEMPATH\CodeIgniter.php(941): App\Controllers\ReciboController->recibo('9')
 2 SYSTEMPATH\CodeIgniter.php(502): CodeIgniter\CodeIgniter->runController(Object(App\Controllers\ReciboController))
 3 SYSTEMPATH\CodeIgniter.php(361): CodeIgniter\CodeIgniter->handleRequest(null, Object(Config\Cache), false)
 4 FCPATH\index.php(79): CodeIgniter\CodeIgniter->run()
WARNING - 2024-06-06 00:28:51 --> [DEPRECATED] Function utf8_decode() is deprecated in APPPATH\Controllers\ReciboController.php on line 116.
 1 SYSTEMPATH\CodeIgniter.php(941): App\Controllers\ReciboController->recibo('9')
 2 SYSTEMPATH\CodeIgniter.php(502): CodeIgniter\CodeIgniter->runController(Object(App\Controllers\ReciboController))
 3 SYSTEMPATH\CodeIgniter.php(361): CodeIgniter\CodeIgniter->handleRequest(null, Object(Config\Cache), false)
 4 FCPATH\index.php(79): CodeIgniter\CodeIgniter->run()
WARNING - 2024-06-06 00:28:51 --> [DEPRECATED] Function utf8_decode() is deprecated in APPPATH\Controllers\ReciboController.php on line 118.
 1 SYSTEMPATH\CodeIgniter.php(941): App\Controllers\ReciboController->recibo('9')
 2 SYSTEMPATH\CodeIgniter.php(502): CodeIgniter\CodeIgniter->runController(Object(App\Controllers\ReciboController))
 3 SYSTEMPATH\CodeIgniter.php(361): CodeIgniter\CodeIgniter->handleRequest(null, Object(Config\Cache), false)
 4 FCPATH\index.php(79): CodeIgniter\CodeIgniter->run()
WARNING - 2024-06-06 00:28:51 --> [DEPRECATED] Function utf8_decode() is deprecated in APPPATH\Controllers\ReciboController.php on line 118.
 1 SYSTEMPATH\CodeIgniter.php(941): App\Controllers\ReciboController->recibo('9')
 2 SYSTEMPATH\CodeIgniter.php(502): CodeIgniter\CodeIgniter->runController(Object(App\Controllers\ReciboController))
 3 SYSTEMPATH\CodeIgniter.php(361): CodeIgniter\CodeIgniter->handleRequest(null, Object(Config\Cache), false)
 4 FCPATH\index.php(79): CodeIgniter\CodeIgniter->run()
WARNING - 2024-06-06 00:28:51 --> [DEPRECATED] Function utf8_decode() is deprecated in APPPATH\Controllers\ReciboController.php on line 123.
 1 SYSTEMPATH\CodeIgniter.php(941): App\Controllers\ReciboController->recibo('9')
 2 SYSTEMPATH\CodeIgniter.php(502): CodeIgniter\CodeIgniter->runController(Object(App\Controllers\ReciboController))
 3 SYSTEMPATH\CodeIgniter.php(361): CodeIgniter\CodeIgniter->handleRequest(null, Object(Config\Cache), false)
 4 FCPATH\index.php(79): CodeIgniter\CodeIgniter->run()
WARNING - 2024-06-06 00:28:51 --> [DEPRECATED] Function utf8_decode() is deprecated in APPPATH\Controllers\ReciboController.php on line 123.
 1 SYSTEMPATH\CodeIgniter.php(941): App\Controllers\ReciboController->recibo('9')
 2 SYSTEMPATH\CodeIgniter.php(502): CodeIgniter\CodeIgniter->runController(Object(App\Controllers\ReciboController))
 3 SYSTEMPATH\CodeIgniter.php(361): CodeIgniter\CodeIgniter->handleRequest(null, Object(Config\Cache), false)
 4 FCPATH\index.php(79): CodeIgniter\CodeIgniter->run()
WARNING - 2024-06-06 00:28:51 --> [DEPRECATED] Function utf8_decode() is deprecated in APPPATH\Controllers\ReciboController.php on line 123.
 1 SYSTEMPATH\CodeIgniter.php(941): App\Controllers\ReciboController->recibo('9')
 2 SYSTEMPATH\CodeIgniter.php(502): CodeIgniter\CodeIgniter->runController(Object(App\Controllers\ReciboController))
 3 SYSTEMPATH\CodeIgniter.php(361): CodeIgniter\CodeIgniter->handleRequest(null, Object(Config\Cache), false)
 4 FCPATH\index.php(79): CodeIgniter\CodeIgniter->run()
WARNING - 2024-06-06 00:28:51 --> [DEPRECATED] Function utf8_decode() is deprecated in APPPATH\Controllers\ReciboController.php on line 124.
 1 SYSTEMPATH\CodeIgniter.php(941): App\Controllers\ReciboController->recibo('9')
 2 SYSTEMPATH\CodeIgniter.php(502): CodeIgniter\CodeIgniter->runController(Object(App\Controllers\ReciboController))
 3 SYSTEMPATH\CodeIgniter.php(361): CodeIgniter\CodeIgniter->handleRequest(null, Object(Config\Cache), false)
 4 FCPATH\index.php(79): CodeIgniter\CodeIgniter->run()
WARNING - 2024-06-06 00:28:51 --> [DEPRECATED] Function utf8_decode() is deprecated in APPPATH\Controllers\ReciboController.php on line 124.
 1 SYSTEMPATH\CodeIgniter.php(941): App\Controllers\ReciboController->recibo('9')
 2 SYSTEMPATH\CodeIgniter.php(502): CodeIgniter\CodeIgniter->runController(Object(App\Controllers\ReciboController))
 3 SYSTEMPATH\CodeIgniter.php(361): CodeIgniter\CodeIgniter->handleRequest(null, Object(Config\Cache), false)
 4 FCPATH\index.php(79): CodeIgniter\CodeIgniter->run()
WARNING - 2024-06-06 00:28:51 --> [DEPRECATED] Function utf8_decode() is deprecated in APPPATH\Controllers\ReciboController.php on line 124.
 1 SYSTEMPATH\CodeIgniter.php(941): App\Controllers\ReciboController->recibo('9')
 2 SYSTEMPATH\CodeIgniter.php(502): CodeIgniter\CodeIgniter->runController(Object(App\Controllers\ReciboController))
 3 SYSTEMPATH\CodeIgniter.php(361): CodeIgniter\CodeIgniter->handleRequest(null, Object(Config\Cache), false)
 4 FCPATH\index.php(79): CodeIgniter\CodeIgniter->run()
WARNING - 2024-06-06 00:28:51 --> [DEPRECATED] Function utf8_decode() is deprecated in APPPATH\Controllers\ReciboController.php on line 125.
 1 SYSTEMPATH\CodeIgniter.php(941): App\Controllers\ReciboController->recibo('9')
 2 SYSTEMPATH\CodeIgniter.php(502): CodeIgniter\CodeIgniter->runController(Object(App\Controllers\ReciboController))
 3 SYSTEMPATH\CodeIgniter.php(361): CodeIgniter\CodeIgniter->handleRequest(null, Object(Config\Cache), false)
 4 FCPATH\index.php(79): CodeIgniter\CodeIgniter->run()
WARNING - 2024-06-06 00:28:51 --> [DEPRECATED] Function utf8_decode() is deprecated in APPPATH\Controllers\ReciboController.php on line 125.
 1 SYSTEMPATH\CodeIgniter.php(941): App\Controllers\ReciboController->recibo('9')
 2 SYSTEMPATH\CodeIgniter.php(502): CodeIgniter\CodeIgniter->runController(Object(App\Controllers\ReciboController))
 3 SYSTEMPATH\CodeIgniter.php(361): CodeIgniter\CodeIgniter->handleRequest(null, Object(Config\Cache), false)
 4 FCPATH\index.php(79): CodeIgniter\CodeIgniter->run()
WARNING - 2024-06-06 00:28:51 --> [DEPRECATED] Function utf8_decode() is deprecated in APPPATH\Controllers\ReciboController.php on line 125.
 1 SYSTEMPATH\CodeIgniter.php(941): App\Controllers\ReciboController->recibo('9')
 2 SYSTEMPATH\CodeIgniter.php(502): CodeIgniter\CodeIgniter->runController(Object(App\Controllers\ReciboController))
 3 SYSTEMPATH\CodeIgniter.php(361): CodeIgniter\CodeIgniter->handleRequest(null, Object(Config\Cache), false)
 4 FCPATH\index.php(79): CodeIgniter\CodeIgniter->run()
WARNING - 2024-06-06 00:28:51 --> [DEPRECATED] Function utf8_decode() is deprecated in APPPATH\Controllers\ReciboController.php on line 126.
 1 SYSTEMPATH\CodeIgniter.php(941): App\Controllers\ReciboController->recibo('9')
 2 SYSTEMPATH\CodeIgniter.php(502): CodeIgniter\CodeIgniter->runController(Object(App\Controllers\ReciboController))
 3 SYSTEMPATH\CodeIgniter.php(361): CodeIgniter\CodeIgniter->handleRequest(null, Object(Config\Cache), false)
 4 FCPATH\index.php(79): CodeIgniter\CodeIgniter->run()
WARNING - 2024-06-06 00:28:51 --> [DEPRECATED] Function utf8_decode() is deprecated in APPPATH\Controllers\ReciboController.php on line 126.
 1 SYSTEMPATH\CodeIgniter.php(941): App\Controllers\ReciboController->recibo('9')
 2 SYSTEMPATH\CodeIgniter.php(502): CodeIgniter\CodeIgniter->runController(Object(App\Controllers\ReciboController))
 3 SYSTEMPATH\CodeIgniter.php(361): CodeIgniter\CodeIgniter->handleRequest(null, Object(Config\Cache), false)
 4 FCPATH\index.php(79): CodeIgniter\CodeIgniter->run()
WARNING - 2024-06-06 00:28:51 --> [DEPRECATED] Function utf8_decode() is deprecated in APPPATH\Controllers\ReciboController.php on line 126.
 1 SYSTEMPATH\CodeIgniter.php(941): App\Controllers\ReciboController->recibo('9')
 2 SYSTEMPATH\CodeIgniter.php(502): CodeIgniter\CodeIgniter->runController(Object(App\Controllers\ReciboController))
 3 SYSTEMPATH\CodeIgniter.php(361): CodeIgniter\CodeIgniter->handleRequest(null, Object(Config\Cache), false)
 4 FCPATH\index.php(79): CodeIgniter\CodeIgniter->run()
INFO - 2024-06-06 00:28:59 --> Session: Class initialized using 'CodeIgniter\Session\Handlers\FileHandler' driver.
INFO - 2024-06-06 00:29:10 --> Session: Class initialized using 'CodeIgniter\Session\Handlers\FileHandler' driver.
INFO - 2024-06-06 00:29:13 --> Session: Class initialized using 'CodeIgniter\Session\Handlers\FileHandler' driver.
INFO - 2024-06-06 00:29:13 --> Session: Class initialized using 'CodeIgniter\Session\Handlers\FileHandler' driver.
INFO - 2024-06-06 00:29:14 --> Session: Class initialized using 'CodeIgniter\Session\Handlers\FileHandler' driver.
INFO - 2024-06-06 00:29:14 --> Session: Class initialized using 'CodeIgniter\Session\Handlers\FileHandler' driver.
INFO - 2024-06-06 00:29:14 --> Session: Class initialized using 'CodeIgniter\Session\Handlers\FileHandler' driver.
INFO - 2024-06-06 00:29:15 --> Session: Class initialized using 'CodeIgniter\Session\Handlers\FileHandler' driver.
INFO - 2024-06-06 00:29:15 --> Session: Class initialized using 'CodeIgniter\Session\Handlers\FileHandler' driver.
INFO - 2024-06-06 00:29:16 --> Session: Class initialized using 'CodeIgniter\Session\Handlers\FileHandler' driver.
INFO - 2024-06-06 00:29:16 --> Session: Class initialized using 'CodeIgniter\Session\Handlers\FileHandler' driver.
INFO - 2024-06-06 00:29:16 --> Session: Class initialized using 'CodeIgniter\Session\Handlers\FileHandler' driver.
INFO - 2024-06-06 00:29:17 --> Session: Class initialized using 'CodeIgniter\Session\Handlers\FileHandler' driver.
INFO - 2024-06-06 00:29:18 --> Session: Class initialized using 'CodeIgniter\Session\Handlers\FileHandler' driver.
INFO - 2024-06-06 00:29:18 --> Session: Class initialized using 'CodeIgniter\Session\Handlers\FileHandler' driver.
INFO - 2024-06-06 00:29:18 --> Session: Class initialized using 'CodeIgniter\Session\Handlers\FileHandler' driver.
INFO - 2024-06-06 00:29:19 --> Session: Class initialized using 'CodeIgniter\Session\Handlers\FileHandler' driver.
INFO - 2024-06-06 00:29:19 --> Session: Class initialized using 'CodeIgniter\Session\Handlers\FileHandler' driver.
INFO - 2024-06-06 00:29:19 --> Session: Class initialized using 'CodeIgniter\Session\Handlers\FileHandler' driver.
INFO - 2024-06-06 00:29:20 --> Session: Class initialized using 'CodeIgniter\Session\Handlers\FileHandler' driver.
INFO - 2024-06-06 00:29:20 --> Session: Class initialized using 'CodeIgniter\Session\Handlers\FileHandler' driver.
INFO - 2024-06-06 00:29:20 --> Session: Class initialized using 'CodeIgniter\Session\Handlers\FileHandler' driver.
INFO - 2024-06-06 00:29:21 --> Session: Class initialized using 'CodeIgniter\Session\Handlers\FileHandler' driver.
INFO - 2024-06-06 00:29:21 --> Session: Class initialized using 'CodeIgniter\Session\Handlers\FileHandler' driver.
INFO - 2024-06-06 00:29:21 --> Session: Class initialized using 'CodeIgniter\Session\Handlers\FileHandler' driver.
INFO - 2024-06-06 00:29:21 --> Session: Class initialized using 'CodeIgniter\Session\Handlers\FileHandler' driver.
INFO - 2024-06-06 00:29:22 --> Session: Class initialized using 'CodeIgniter\Session\Handlers\FileHandler' driver.
INFO - 2024-06-06 00:29:23 --> Session: Class initialized using 'CodeIgniter\Session\Handlers\FileHandler' driver.
INFO - 2024-06-06 00:29:26 --> Session: Class initialized using 'CodeIgniter\Session\Handlers\FileHandler' driver.
INFO - 2024-06-06 00:29:28 --> Session: Class initialized using 'CodeIgniter\Session\Handlers\FileHandler' driver.
INFO - 2024-06-06 00:29:28 --> Session: Class initialized using 'CodeIgniter\Session\Handlers\FileHandler' driver.
INFO - 2024-06-06 00:29:38 --> Session: Class initialized using 'CodeIgniter\Session\Handlers\FileHandler' driver.
INFO - 2024-06-06 00:29:39 --> Session: Class initialized using 'CodeIgniter\Session\Handlers\FileHandler' driver.
INFO - 2024-06-06 00:29:40 --> Session: Class initialized using 'CodeIgniter\Session\Handlers\FileHandler' driver.
INFO - 2024-06-06 00:29:40 --> Session: Class initialized using 'CodeIgniter\Session\Handlers\FileHandler' driver.
INFO - 2024-06-06 00:29:41 --> Session: Class initialized using 'CodeIgniter\Session\Handlers\FileHandler' driver.
INFO - 2024-06-06 00:29:41 --> Session: Class initialized using 'CodeIgniter\Session\Handlers\FileHandler' driver.
INFO - 2024-06-06 00:29:41 --> Session: Class initialized using 'CodeIgniter\Session\Handlers\FileHandler' driver.
INFO - 2024-06-06 00:30:40 --> Session: Class initialized using 'CodeIgniter\Session\Handlers\FileHandler' driver.
INFO - 2024-06-06 00:30:42 --> Session: Class initialized using 'CodeIgniter\Session\Handlers\FileHandler' driver.
INFO - 2024-06-06 00:30:42 --> Session: Class initialized using 'CodeIgniter\Session\Handlers\FileHandler' driver.
INFO - 2024-06-06 00:30:43 --> Session: Class initialized using 'CodeIgniter\Session\Handlers\FileHandler' driver.
INFO - 2024-06-06 00:30:43 --> Session: Class initialized using 'CodeIgniter\Session\Handlers\FileHandler' driver.
INFO - 2024-06-06 00:30:43 --> Session: Class initialized using 'CodeIgniter\Session\Handlers\FileHandler' driver.
INFO - 2024-06-06 00:30:44 --> Session: Class initialized using 'CodeIgniter\Session\Handlers\FileHandler' driver.
INFO - 2024-06-06 00:30:51 --> Session: Class initialized using 'CodeIgniter\Session\Handlers\FileHandler' driver.
INFO - 2024-06-06 00:31:09 --> Session: Class initialized using 'CodeIgniter\Session\Handlers\FileHandler' driver.
INFO - 2024-06-06 00:33:00 --> Session: Class initialized using 'CodeIgniter\Session\Handlers\FileHandler' driver.
INFO - 2024-06-06 00:33:14 --> Session: Class initialized using 'CodeIgniter\Session\Handlers\FileHandler' driver.
INFO - 2024-06-06 00:33:15 --> Session: Class initialized using 'CodeIgniter\Session\Handlers\FileHandler' driver.
INFO - 2024-06-06 00:36:54 --> Session: Class initialized using 'CodeIgniter\Session\Handlers\FileHandler' driver.
INFO - 2024-06-06 00:37:25 --> Session: Class initialized using 'CodeIgniter\Session\Handlers\FileHandler' driver.
INFO - 2024-06-06 00:37:45 --> Session: Class initialized using 'CodeIgniter\Session\Handlers\FileHandler' driver.
INFO - 2024-06-06 00:38:27 --> Session: Class initialized using 'CodeIgniter\Session\Handlers\FileHandler' driver.
INFO - 2024-06-06 00:38:51 --> Session: Class initialized using 'CodeIgniter\Session\Handlers\FileHandler' driver.
WARNING - 2024-06-06 00:39:13 --> [DEPRECATED] Function utf8_decode() is deprecated in APPPATH\Controllers\ReciboController.php on line 65.
 1 SYSTEMPATH\CodeIgniter.php(941): App\Controllers\ReciboController->recibo('8')
 2 SYSTEMPATH\CodeIgniter.php(502): CodeIgniter\CodeIgniter->runController(Object(App\Controllers\ReciboController))
 3 SYSTEMPATH\CodeIgniter.php(361): CodeIgniter\CodeIgniter->handleRequest(null, Object(Config\Cache), false)
 4 FCPATH\index.php(79): CodeIgniter\CodeIgniter->run()
WARNING - 2024-06-06 00:39:13 --> [DEPRECATED] Function utf8_decode() is deprecated in APPPATH\Controllers\ReciboController.php on line 68.
 1 SYSTEMPATH\CodeIgniter.php(941): App\Controllers\ReciboController->recibo('8')
 2 SYSTEMPATH\CodeIgniter.php(502): CodeIgniter\CodeIgniter->runController(Object(App\Controllers\ReciboController))
 3 SYSTEMPATH\CodeIgniter.php(361): CodeIgniter\CodeIgniter->handleRequest(null, Object(Config\Cache), false)
 4 FCPATH\index.php(79): CodeIgniter\CodeIgniter->run()
WARNING - 2024-06-06 00:39:13 --> [DEPRECATED] Function utf8_decode() is deprecated in APPPATH\Controllers\ReciboController.php on line 70.
 1 SYSTEMPATH\CodeIgniter.php(941): App\Controllers\ReciboController->recibo('8')
 2 SYSTEMPATH\CodeIgniter.php(502): CodeIgniter\CodeIgniter->runController(Object(App\Controllers\ReciboController))
 3 SYSTEMPATH\CodeIgniter.php(361): CodeIgniter\CodeIgniter->handleRequest(null, Object(Config\Cache), false)
 4 FCPATH\index.php(79): CodeIgniter\CodeIgniter->run()
WARNING - 2024-06-06 00:39:13 --> [DEPRECATED] Function utf8_decode() is deprecated in APPPATH\Controllers\ReciboController.php on line 73.
 1 SYSTEMPATH\CodeIgniter.php(941): App\Controllers\ReciboController->recibo('8')
 2 SYSTEMPATH\CodeIgniter.php(502): CodeIgniter\CodeIgniter->runController(Object(App\Controllers\ReciboController))
 3 SYSTEMPATH\CodeIgniter.php(361): CodeIgniter\CodeIgniter->handleRequest(null, Object(Config\Cache), false)
 4 FCPATH\index.php(79): CodeIgniter\CodeIgniter->run()
WARNING - 2024-06-06 00:39:13 --> [DEPRECATED] Function utf8_decode() is deprecated in APPPATH\Controllers\ReciboController.php on line 79.
 1 SYSTEMPATH\CodeIgniter.php(941): App\Controllers\ReciboController->recibo('8')
 2 SYSTEMPATH\CodeIgniter.php(502): CodeIgniter\CodeIgniter->runController(Object(App\Controllers\ReciboController))
 3 SYSTEMPATH\CodeIgniter.php(361): CodeIgniter\CodeIgniter->handleRequest(null, Object(Config\Cache), false)
 4 FCPATH\index.php(79): CodeIgniter\CodeIgniter->run()
WARNING - 2024-06-06 00:39:13 --> [DEPRECATED] Function utf8_decode() is deprecated in APPPATH\Controllers\ReciboController.php on line 80.
 1 SYSTEMPATH\CodeIgniter.php(941): App\Controllers\ReciboController->recibo('8')
 2 SYSTEMPATH\CodeIgniter.php(502): CodeIgniter\CodeIgniter->runController(Object(App\Controllers\ReciboController))
 3 SYSTEMPATH\CodeIgniter.php(361): CodeIgniter\CodeIgniter->handleRequest(null, Object(Config\Cache), false)
 4 FCPATH\index.php(79): CodeIgniter\CodeIgniter->run()
WARNING - 2024-06-06 00:39:13 --> [DEPRECATED] Function utf8_decode() is deprecated in APPPATH\Controllers\ReciboController.php on line 84.
 1 SYSTEMPATH\CodeIgniter.php(941): App\Controllers\ReciboController->recibo('8')
 2 SYSTEMPATH\CodeIgniter.php(502): CodeIgniter\CodeIgniter->runController(Object(App\Controllers\ReciboController))
 3 SYSTEMPATH\CodeIgniter.php(361): CodeIgniter\CodeIgniter->handleRequest(null, Object(Config\Cache), false)
 4 FCPATH\index.php(79): CodeIgniter\CodeIgniter->run()
WARNING - 2024-06-06 00:39:13 --> [DEPRECATED] Function utf8_decode() is deprecated in APPPATH\Controllers\ReciboController.php on line 88.
 1 SYSTEMPATH\CodeIgniter.php(941): App\Controllers\ReciboController->recibo('8')
 2 SYSTEMPATH\CodeIgniter.php(502): CodeIgniter\CodeIgniter->runController(Object(App\Controllers\ReciboController))
 3 SYSTEMPATH\CodeIgniter.php(361): CodeIgniter\CodeIgniter->handleRequest(null, Object(Config\Cache), false)
 4 FCPATH\index.php(79): CodeIgniter\CodeIgniter->run()
WARNING - 2024-06-06 00:39:13 --> [DEPRECATED] Function utf8_decode() is deprecated in APPPATH\Controllers\ReciboController.php on line 93.
 1 SYSTEMPATH\CodeIgniter.php(941): App\Controllers\ReciboController->recibo('8')
 2 SYSTEMPATH\CodeIgniter.php(502): CodeIgniter\CodeIgniter->runController(Object(App\Controllers\ReciboController))
 3 SYSTEMPATH\CodeIgniter.php(361): CodeIgniter\CodeIgniter->handleRequest(null, Object(Config\Cache), false)
 4 FCPATH\index.php(79): CodeIgniter\CodeIgniter->run()
WARNING - 2024-06-06 00:39:13 --> [DEPRECATED] Function utf8_decode() is deprecated in APPPATH\Controllers\ReciboController.php on line 95.
 1 SYSTEMPATH\CodeIgniter.php(941): App\Controllers\ReciboController->recibo('8')
 2 SYSTEMPATH\CodeIgniter.php(502): CodeIgniter\CodeIgniter->runController(Object(App\Controllers\ReciboController))
 3 SYSTEMPATH\CodeIgniter.php(361): CodeIgniter\CodeIgniter->handleRequest(null, Object(Config\Cache), false)
 4 FCPATH\index.php(79): CodeIgniter\CodeIgniter->run()
WARNING - 2024-06-06 00:39:13 --> [DEPRECATED] Function utf8_decode() is deprecated in APPPATH\Controllers\ReciboController.php on line 97.
 1 SYSTEMPATH\CodeIgniter.php(941): App\Controllers\ReciboController->recibo('8')
 2 SYSTEMPATH\CodeIgniter.php(502): CodeIgniter\CodeIgniter->runController(Object(App\Controllers\ReciboController))
 3 SYSTEMPATH\CodeIgniter.php(361): CodeIgniter\CodeIgniter->handleRequest(null, Object(Config\Cache), false)
 4 FCPATH\index.php(79): CodeIgniter\CodeIgniter->run()
WARNING - 2024-06-06 00:39:13 --> [DEPRECATED] Function utf8_decode() is deprecated in APPPATH\Controllers\ReciboController.php on line 99.
 1 SYSTEMPATH\CodeIgniter.php(941): App\Controllers\ReciboController->recibo('8')
 2 SYSTEMPATH\CodeIgniter.php(502): CodeIgniter\CodeIgniter->runController(Object(App\Controllers\ReciboController))
 3 SYSTEMPATH\CodeIgniter.php(361): CodeIgniter\CodeIgniter->handleRequest(null, Object(Config\Cache), false)
 4 FCPATH\index.php(79): CodeIgniter\CodeIgniter->run()
WARNING - 2024-06-06 00:39:13 --> [DEPRECATED] Function utf8_decode() is deprecated in APPPATH\Controllers\ReciboController.php on line 101.
 1 SYSTEMPATH\CodeIgniter.php(941): App\Controllers\ReciboController->recibo('8')
 2 SYSTEMPATH\CodeIgniter.php(502): CodeIgniter\CodeIgniter->runController(Object(App\Controllers\ReciboController))
 3 SYSTEMPATH\CodeIgniter.php(361): CodeIgniter\CodeIgniter->handleRequest(null, Object(Config\Cache), false)
 4 FCPATH\index.php(79): CodeIgniter\CodeIgniter->run()
WARNING - 2024-06-06 00:39:13 --> [DEPRECATED] Function utf8_decode() is deprecated in APPPATH\Controllers\ReciboController.php on line 106.
 1 SYSTEMPATH\CodeIgniter.php(941): App\Controllers\ReciboController->recibo('8')
 2 SYSTEMPATH\CodeIgniter.php(502): CodeIgniter\CodeIgniter->runController(Object(App\Controllers\ReciboController))
 3 SYSTEMPATH\CodeIgniter.php(361): CodeIgniter\CodeIgniter->handleRequest(null, Object(Config\Cache), false)
 4 FCPATH\index.php(79): CodeIgniter\CodeIgniter->run()
WARNING - 2024-06-06 00:39:13 --> [DEPRECATED] Function utf8_decode() is deprecated in APPPATH\Controllers\ReciboController.php on line 106.
 1 SYSTEMPATH\CodeIgniter.php(941): App\Controllers\ReciboController->recibo('8')
 2 SYSTEMPATH\CodeIgniter.php(502): CodeIgniter\CodeIgniter->runController(Object(App\Controllers\ReciboController))
 3 SYSTEMPATH\CodeIgniter.php(361): CodeIgniter\CodeIgniter->handleRequest(null, Object(Config\Cache), false)
 4 FCPATH\index.php(79): CodeIgniter\CodeIgniter->run()
WARNING - 2024-06-06 00:39:13 --> [DEPRECATED] Function utf8_decode() is deprecated in APPPATH\Controllers\ReciboController.php on line 109.
 1 SYSTEMPATH\CodeIgniter.php(941): App\Controllers\ReciboController->recibo('8')
 2 SYSTEMPATH\CodeIgniter.php(502): CodeIgniter\CodeIgniter->runController(Object(App\Controllers\ReciboController))
 3 SYSTEMPATH\CodeIgniter.php(361): CodeIgniter\CodeIgniter->handleRequest(null, Object(Config\Cache), false)
 4 FCPATH\index.php(79): CodeIgniter\CodeIgniter->run()
WARNING - 2024-06-06 00:39:13 --> [DEPRECATED] Function utf8_decode() is deprecated in APPPATH\Controllers\ReciboController.php on line 109.
 1 SYSTEMPATH\CodeIgniter.php(941): App\Controllers\ReciboController->recibo('8')
 2 SYSTEMPATH\CodeIgniter.php(502): CodeIgniter\CodeIgniter->runController(Object(App\Controllers\ReciboController))
 3 SYSTEMPATH\CodeIgniter.php(361): CodeIgniter\CodeIgniter->handleRequest(null, Object(Config\Cache), false)
 4 FCPATH\index.php(79): CodeIgniter\CodeIgniter->run()
WARNING - 2024-06-06 00:39:13 --> [DEPRECATED] Function utf8_decode() is deprecated in APPPATH\Controllers\ReciboController.php on line 111.
 1 SYSTEMPATH\CodeIgniter.php(941): App\Controllers\ReciboController->recibo('8')
 2 SYSTEMPATH\CodeIgniter.php(502): CodeIgniter\CodeIgniter->runController(Object(App\Controllers\ReciboController))
 3 SYSTEMPATH\CodeIgniter.php(361): CodeIgniter\CodeIgniter->handleRequest(null, Object(Config\Cache), false)
 4 FCPATH\index.php(79): CodeIgniter\CodeIgniter->run()
WARNING - 2024-06-06 00:39:13 --> [DEPRECATED] Function utf8_decode() is deprecated in APPPATH\Controllers\ReciboController.php on line 111.
 1 SYSTEMPATH\CodeIgniter.php(941): App\Controllers\ReciboController->recibo('8')
 2 SYSTEMPATH\CodeIgniter.php(502): CodeIgniter\CodeIgniter->runController(Object(App\Controllers\ReciboController))
 3 SYSTEMPATH\CodeIgniter.php(361): CodeIgniter\CodeIgniter->handleRequest(null, Object(Config\Cache), false)
 4 FCPATH\index.php(79): CodeIgniter\CodeIgniter->run()
WARNING - 2024-06-06 00:39:13 --> [DEPRECATED] Function utf8_decode() is deprecated in APPPATH\Controllers\ReciboController.php on line 113.
 1 SYSTEMPATH\CodeIgniter.php(941): App\Controllers\ReciboController->recibo('8')
 2 SYSTEMPATH\CodeIgniter.php(502): CodeIgniter\CodeIgniter->runController(Object(App\Controllers\ReciboController))
 3 SYSTEMPATH\CodeIgniter.php(361): CodeIgniter\CodeIgniter->handleRequest(null, Object(Config\Cache), false)
 4 FCPATH\index.php(79): CodeIgniter\CodeIgniter->run()
WARNING - 2024-06-06 00:39:13 --> [DEPRECATED] Function utf8_decode() is deprecated in APPPATH\Controllers\ReciboController.php on line 113.
 1 SYSTEMPATH\CodeIgniter.php(941): App\Controllers\ReciboController->recibo('8')
 2 SYSTEMPATH\CodeIgniter.php(502): CodeIgniter\CodeIgniter->runController(Object(App\Controllers\ReciboController))
 3 SYSTEMPATH\CodeIgniter.php(361): CodeIgniter\CodeIgniter->handleRequest(null, Object(Config\Cache), false)
 4 FCPATH\index.php(79): CodeIgniter\CodeIgniter->run()
WARNING - 2024-06-06 00:39:13 --> [DEPRECATED] Function utf8_decode() is deprecated in APPPATH\Controllers\ReciboController.php on line 116.
 1 SYSTEMPATH\CodeIgniter.php(941): App\Controllers\ReciboController->recibo('8')
 2 SYSTEMPATH\CodeIgniter.php(502): CodeIgniter\CodeIgniter->runController(Object(App\Controllers\ReciboController))
 3 SYSTEMPATH\CodeIgniter.php(361): CodeIgniter\CodeIgniter->handleRequest(null, Object(Config\Cache), false)
 4 FCPATH\index.php(79): CodeIgniter\CodeIgniter->run()
WARNING - 2024-06-06 00:39:13 --> [DEPRECATED] Function utf8_decode() is deprecated in APPPATH\Controllers\ReciboController.php on line 116.
 1 SYSTEMPATH\CodeIgniter.php(941): App\Controllers\ReciboController->recibo('8')
 2 SYSTEMPATH\CodeIgniter.php(502): CodeIgniter\CodeIgniter->runController(Object(App\Controllers\ReciboController))
 3 SYSTEMPATH\CodeIgniter.php(361): CodeIgniter\CodeIgniter->handleRequest(null, Object(Config\Cache), false)
 4 FCPATH\index.php(79): CodeIgniter\CodeIgniter->run()
WARNING - 2024-06-06 00:39:13 --> [DEPRECATED] Function utf8_decode() is deprecated in APPPATH\Controllers\ReciboController.php on line 118.
 1 SYSTEMPATH\CodeIgniter.php(941): App\Controllers\ReciboController->recibo('8')
 2 SYSTEMPATH\CodeIgniter.php(502): CodeIgniter\CodeIgniter->runController(Object(App\Controllers\ReciboController))
 3 SYSTEMPATH\CodeIgniter.php(361): CodeIgniter\CodeIgniter->handleRequest(null, Object(Config\Cache), false)
 4 FCPATH\index.php(79): CodeIgniter\CodeIgniter->run()
WARNING - 2024-06-06 00:39:13 --> [DEPRECATED] Function utf8_decode() is deprecated in APPPATH\Controllers\ReciboController.php on line 118.
 1 SYSTEMPATH\CodeIgniter.php(941): App\Controllers\ReciboController->recibo('8')
 2 SYSTEMPATH\CodeIgniter.php(502): CodeIgniter\CodeIgniter->runController(Object(App\Controllers\ReciboController))
 3 SYSTEMPATH\CodeIgniter.php(361): CodeIgniter\CodeIgniter->handleRequest(null, Object(Config\Cache), false)
 4 FCPATH\index.php(79): CodeIgniter\CodeIgniter->run()
WARNING - 2024-06-06 00:39:13 --> [DEPRECATED] Function utf8_decode() is deprecated in APPPATH\Controllers\ReciboController.php on line 123.
 1 SYSTEMPATH\CodeIgniter.php(941): App\Controllers\ReciboController->recibo('8')
 2 SYSTEMPATH\CodeIgniter.php(502): CodeIgniter\CodeIgniter->runController(Object(App\Controllers\ReciboController))
 3 SYSTEMPATH\CodeIgniter.php(361): CodeIgniter\CodeIgniter->handleRequest(null, Object(Config\Cache), false)
 4 FCPATH\index.php(79): CodeIgniter\CodeIgniter->run()
WARNING - 2024-06-06 00:39:13 --> [DEPRECATED] Function utf8_decode() is deprecated in APPPATH\Controllers\ReciboController.php on line 123.
 1 SYSTEMPATH\CodeIgniter.php(941): App\Controllers\ReciboController->recibo('8')
 2 SYSTEMPATH\CodeIgniter.php(502): CodeIgniter\CodeIgniter->runController(Object(App\Controllers\ReciboController))
 3 SYSTEMPATH\CodeIgniter.php(361): CodeIgniter\CodeIgniter->handleRequest(null, Object(Config\Cache), false)
 4 FCPATH\index.php(79): CodeIgniter\CodeIgniter->run()
WARNING - 2024-06-06 00:39:13 --> [DEPRECATED] Function utf8_decode() is deprecated in APPPATH\Controllers\ReciboController.php on line 123.
 1 SYSTEMPATH\CodeIgniter.php(941): App\Controllers\ReciboController->recibo('8')
 2 SYSTEMPATH\CodeIgniter.php(502): CodeIgniter\CodeIgniter->runController(Object(App\Controllers\ReciboController))
 3 SYSTEMPATH\CodeIgniter.php(361): CodeIgniter\CodeIgniter->handleRequest(null, Object(Config\Cache), false)
 4 FCPATH\index.php(79): CodeIgniter\CodeIgniter->run()
WARNING - 2024-06-06 00:39:13 --> [DEPRECATED] Function utf8_decode() is deprecated in APPPATH\Controllers\ReciboController.php on line 124.
 1 SYSTEMPATH\CodeIgniter.php(941): App\Controllers\ReciboController->recibo('8')
 2 SYSTEMPATH\CodeIgniter.php(502): CodeIgniter\CodeIgniter->runController(Object(App\Controllers\ReciboController))
 3 SYSTEMPATH\CodeIgniter.php(361): CodeIgniter\CodeIgniter->handleRequest(null, Object(Config\Cache), false)
 4 FCPATH\index.php(79): CodeIgniter\CodeIgniter->run()
WARNING - 2024-06-06 00:39:13 --> [DEPRECATED] Function utf8_decode() is deprecated in APPPATH\Controllers\ReciboController.php on line 124.
 1 SYSTEMPATH\CodeIgniter.php(941): App\Controllers\ReciboController->recibo('8')
 2 SYSTEMPATH\CodeIgniter.php(502): CodeIgniter\CodeIgniter->runController(Object(App\Controllers\ReciboController))
 3 SYSTEMPATH\CodeIgniter.php(361): CodeIgniter\CodeIgniter->handleRequest(null, Object(Config\Cache), false)
 4 FCPATH\index.php(79): CodeIgniter\CodeIgniter->run()
WARNING - 2024-06-06 00:39:13 --> [DEPRECATED] Function utf8_decode() is deprecated in APPPATH\Controllers\ReciboController.php on line 124.
 1 SYSTEMPATH\CodeIgniter.php(941): App\Controllers\ReciboController->recibo('8')
 2 SYSTEMPATH\CodeIgniter.php(502): CodeIgniter\CodeIgniter->runController(Object(App\Controllers\ReciboController))
 3 SYSTEMPATH\CodeIgniter.php(361): CodeIgniter\CodeIgniter->handleRequest(null, Object(Config\Cache), false)
 4 FCPATH\index.php(79): CodeIgniter\CodeIgniter->run()
WARNING - 2024-06-06 00:39:13 --> [DEPRECATED] Function utf8_decode() is deprecated in APPPATH\Controllers\ReciboController.php on line 125.
 1 SYSTEMPATH\CodeIgniter.php(941): App\Controllers\ReciboController->recibo('8')
 2 SYSTEMPATH\CodeIgniter.php(502): CodeIgniter\CodeIgniter->runController(Object(App\Controllers\ReciboController))
 3 SYSTEMPATH\CodeIgniter.php(361): CodeIgniter\CodeIgniter->handleRequest(null, Object(Config\Cache), false)
 4 FCPATH\index.php(79): CodeIgniter\CodeIgniter->run()
WARNING - 2024-06-06 00:39:13 --> [DEPRECATED] Function utf8_decode() is deprecated in APPPATH\Controllers\ReciboController.php on line 125.
 1 SYSTEMPATH\CodeIgniter.php(941): App\Controllers\ReciboController->recibo('8')
 2 SYSTEMPATH\CodeIgniter.php(502): CodeIgniter\CodeIgniter->runController(Object(App\Controllers\ReciboController))
 3 SYSTEMPATH\CodeIgniter.php(361): CodeIgniter\CodeIgniter->handleRequest(null, Object(Config\Cache), false)
 4 FCPATH\index.php(79): CodeIgniter\CodeIgniter->run()
WARNING - 2024-06-06 00:39:13 --> [DEPRECATED] Function utf8_decode() is deprecated in APPPATH\Controllers\ReciboController.php on line 125.
 1 SYSTEMPATH\CodeIgniter.php(941): App\Controllers\ReciboController->recibo('8')
 2 SYSTEMPATH\CodeIgniter.php(502): CodeIgniter\CodeIgniter->runController(Object(App\Controllers\ReciboController))
 3 SYSTEMPATH\CodeIgniter.php(361): CodeIgniter\CodeIgniter->handleRequest(null, Object(Config\Cache), false)
 4 FCPATH\index.php(79): CodeIgniter\CodeIgniter->run()
WARNING - 2024-06-06 00:39:13 --> [DEPRECATED] Function utf8_decode() is deprecated in APPPATH\Controllers\ReciboController.php on line 126.
 1 SYSTEMPATH\CodeIgniter.php(941): App\Controllers\ReciboController->recibo('8')
 2 SYSTEMPATH\CodeIgniter.php(502): CodeIgniter\CodeIgniter->runController(Object(App\Controllers\ReciboController))
 3 SYSTEMPATH\CodeIgniter.php(361): CodeIgniter\CodeIgniter->handleRequest(null, Object(Config\Cache), false)
 4 FCPATH\index.php(79): CodeIgniter\CodeIgniter->run()
WARNING - 2024-06-06 00:39:13 --> [DEPRECATED] Function utf8_decode() is deprecated in APPPATH\Controllers\ReciboController.php on line 126.
 1 SYSTEMPATH\CodeIgniter.php(941): App\Controllers\ReciboController->recibo('8')
 2 SYSTEMPATH\CodeIgniter.php(502): CodeIgniter\CodeIgniter->runController(Object(App\Controllers\ReciboController))
 3 SYSTEMPATH\CodeIgniter.php(361): CodeIgniter\CodeIgniter->handleRequest(null, Object(Config\Cache), false)
 4 FCPATH\index.php(79): CodeIgniter\CodeIgniter->run()
WARNING - 2024-06-06 00:39:13 --> [DEPRECATED] Function utf8_decode() is deprecated in APPPATH\Controllers\ReciboController.php on line 126.
 1 SYSTEMPATH\CodeIgniter.php(941): App\Controllers\ReciboController->recibo('8')
 2 SYSTEMPATH\CodeIgniter.php(502): CodeIgniter\CodeIgniter->runController(Object(App\Controllers\ReciboController))
 3 SYSTEMPATH\CodeIgniter.php(361): CodeIgniter\CodeIgniter->handleRequest(null, Object(Config\Cache), false)
 4 FCPATH\index.php(79): CodeIgniter\CodeIgniter->run()
INFO - 2024-06-06 00:39:42 --> Session: Class initialized using 'CodeIgniter\Session\Handlers\FileHandler' driver.
INFO - 2024-06-06 00:39:57 --> Session: Class initialized using 'CodeIgniter\Session\Handlers\FileHandler' driver.
INFO - 2024-06-06 00:40:00 --> Session: Class initialized using 'CodeIgniter\Session\Handlers\FileHandler' driver.
INFO - 2024-06-06 00:40:00 --> Session: Class initialized using 'CodeIgniter\Session\Handlers\FileHandler' driver.
INFO - 2024-06-06 00:40:01 --> Session: Class initialized using 'CodeIgniter\Session\Handlers\FileHandler' driver.
INFO - 2024-06-06 00:40:01 --> Session: Class initialized using 'CodeIgniter\Session\Handlers\FileHandler' driver.
INFO - 2024-06-06 00:40:01 --> Session: Class initialized using 'CodeIgniter\Session\Handlers\FileHandler' driver.
INFO - 2024-06-06 00:40:02 --> Session: Class initialized using 'CodeIgniter\Session\Handlers\FileHandler' driver.
INFO - 2024-06-06 00:40:14 --> Session: Class initialized using 'CodeIgniter\Session\Handlers\FileHandler' driver.
INFO - 2024-06-06 00:59:02 --> Session: Class initialized using 'CodeIgniter\Session\Handlers\FileHandler' driver.
INFO - 2024-06-06 01:10:18 --> Session: Class initialized using 'CodeIgniter\Session\Handlers\FileHandler' driver.
INFO - 2024-06-06 22:30:09 --> Session: Class initialized using 'CodeIgniter\Session\Handlers\FileHandler' driver.
INFO - 2024-06-06 22:30:10 --> Session: Class initialized using 'CodeIgniter\Session\Handlers\FileHandler' driver.
INFO - 2024-06-06 22:30:42 --> Session: Class initialized using 'CodeIgniter\Session\Handlers\FileHandler' driver.
INFO - 2024-06-06 22:30:47 --> Session: Class initialized using 'CodeIgniter\Session\Handlers\FileHandler' driver.
INFO - 2024-06-06 22:44:10 --> Session: Class initialized using 'CodeIgniter\Session\Handlers\FileHandler' driver.
INFO - 2024-06-06 22:45:23 --> Session: Class initialized using 'CodeIgniter\Session\Handlers\FileHandler' driver.
INFO - 2024-06-06 22:46:09 --> Session: Class initialized using 'CodeIgniter\Session\Handlers\FileHandler' driver.
INFO - 2024-06-06 22:46:11 --> Session: Class initialized using 'CodeIgniter\Session\Handlers\FileHandler' driver.
INFO - 2024-06-06 22:46:12 --> Session: Class initialized using 'CodeIgniter\Session\Handlers\FileHandler' driver.
INFO - 2024-06-06 22:46:13 --> Session: Class initialized using 'CodeIgniter\Session\Handlers\FileHandler' driver.
INFO - 2024-06-06 22:46:13 --> Session: Class initialized using 'CodeIgniter\Session\Handlers\FileHandler' driver.
INFO - 2024-06-06 22:46:13 --> Session: Class initialized using 'CodeIgniter\Session\Handlers\FileHandler' driver.
INFO - 2024-06-06 22:46:13 --> Session: Class initialized using 'CodeIgniter\Session\Handlers\FileHandler' driver.
INFO - 2024-06-06 22:47:23 --> Session: Class initialized using 'CodeIgniter\Session\Handlers\FileHandler' driver.
INFO - 2024-06-06 22:47:25 --> Session: Class initialized using 'CodeIgniter\Session\Handlers\FileHandler' driver.
INFO - 2024-06-06 22:47:26 --> Session: Class initialized using 'CodeIgniter\Session\Handlers\FileHandler' driver.
INFO - 2024-06-06 22:47:26 --> Session: Class initialized using 'CodeIgniter\Session\Handlers\FileHandler' driver.
INFO - 2024-06-06 22:47:26 --> Session: Class initialized using 'CodeIgniter\Session\Handlers\FileHandler' driver.
INFO - 2024-06-06 22:47:26 --> Session: Class initialized using 'CodeIgniter\Session\Handlers\FileHandler' driver.
INFO - 2024-06-06 22:47:27 --> Session: Class initialized using 'CodeIgniter\Session\Handlers\FileHandler' driver.
INFO - 2024-06-06 22:47:35 --> Session: Class initialized using 'CodeIgniter\Session\Handlers\FileHandler' driver.
INFO - 2024-06-06 22:49:26 --> Session: Class initialized using 'CodeIgniter\Session\Handlers\FileHandler' driver.
INFO - 2024-06-06 22:49:41 --> Session: Class initialized using 'CodeIgniter\Session\Handlers\FileHandler' driver.
INFO - 2024-06-06 22:51:30 --> Session: Class initialized using 'CodeIgniter\Session\Handlers\FileHandler' driver.
INFO - 2024-06-06 22:52:33 --> Session: Class initialized using 'CodeIgniter\Session\Handlers\FileHandler' driver.
INFO - 2024-06-06 22:52:58 --> Session: Class initialized using 'CodeIgniter\Session\Handlers\FileHandler' driver.
INFO - 2024-06-06 22:53:09 --> Session: Class initialized using 'CodeIgniter\Session\Handlers\FileHandler' driver.
INFO - 2024-06-06 22:53:21 --> Session: Class initialized using 'CodeIgniter\Session\Handlers\FileHandler' driver.
INFO - 2024-06-06 22:53:38 --> Session: Class initialized using 'CodeIgniter\Session\Handlers\FileHandler' driver.
INFO - 2024-06-06 22:53:49 --> Session: Class initialized using 'CodeIgniter\Session\Handlers\FileHandler' driver.
INFO - 2024-06-06 22:54:06 --> Session: Class initialized using 'CodeIgniter\Session\Handlers\FileHandler' driver.
INFO - 2024-06-06 22:54:21 --> Session: Class initialized using 'CodeIgniter\Session\Handlers\FileHandler' driver.
INFO - 2024-06-06 22:54:31 --> Session: Class initialized using 'CodeIgniter\Session\Handlers\FileHandler' driver.
INFO - 2024-06-06 22:54:40 --> Session: Class initialized using 'CodeIgniter\Session\Handlers\FileHandler' driver.
INFO - 2024-06-06 22:54:49 --> Session: Class initialized using 'CodeIgniter\Session\Handlers\FileHandler' driver.
INFO - 2024-06-06 22:54:59 --> Session: Class initialized using 'CodeIgniter\Session\Handlers\FileHandler' driver.
INFO - 2024-06-06 22:55:29 --> Session: Class initialized using 'CodeIgniter\Session\Handlers\FileHandler' driver.
INFO - 2024-06-06 22:56:34 --> Session: Class initialized using 'CodeIgniter\Session\Handlers\FileHandler' driver.
INFO - 2024-06-06 22:58:57 --> Session: Class initialized using 'CodeIgniter\Session\Handlers\FileHandler' driver.
INFO - 2024-06-06 23:00:13 --> Session: Class initialized using 'CodeIgniter\Session\Handlers\FileHandler' driver.
INFO - 2024-06-06 23:01:39 --> Session: Class initialized using 'CodeIgniter\Session\Handlers\FileHandler' driver.
INFO - 2024-06-06 23:02:41 --> Session: Class initialized using 'CodeIgniter\Session\Handlers\FileHandler' driver.
INFO - 2024-06-06 23:03:10 --> Session: Class initialized using 'CodeIgniter\Session\Handlers\FileHandler' driver.
INFO - 2024-06-06 23:07:20 --> Session: Class initialized using 'CodeIgniter\Session\Handlers\FileHandler' driver.
INFO - 2024-06-06 23:13:52 --> Session: Class initialized using 'CodeIgniter\Session\Handlers\FileHandler' driver.
INFO - 2024-06-06 23:15:34 --> Session: Class initialized using 'CodeIgniter\Session\Handlers\FileHandler' driver.
INFO - 2024-06-06 23:16:20 --> Session: Class initialized using 'CodeIgniter\Session\Handlers\FileHandler' driver.
